2025-10-15 15:57:25,992 [INFO] CPS FLOW DIAGNOSTICS - Deep Validation
2025-10-15 15:57:25,994 [INFO] 
============================================================
2025-10-15 15:57:25,995 [INFO] TEST 1: Evaluations in save_message extra dict
2025-10-15 15:57:25,995 [INFO] ============================================================
2025-10-15 15:57:30,158 [INFO] Created session: -ObarwOuMpXym4gvi9Zu
2025-10-15 15:57:30,158 [INFO] Sending idea message...
2025-10-15 15:58:02,059 [INFO] Found 2 messages
2025-10-15 15:58:02,065 [INFO] Checking if evaluations are only in ideas...
2025-10-15 15:58:04,362 [INFO] 
============================================================
2025-10-15 15:58:04,362 [INFO] TEST 2: check_progress reads evaluations from messages
2025-10-15 15:58:04,362 [INFO] ============================================================
2025-10-15 15:58:07,379 [INFO] Created session: -Obas4RM5huSqzYLi7rd
2025-10-15 15:58:07,380 [INFO] Generating 3 ideas...
2025-10-15 15:59:36,192 [INFO] Triggering check_progress...
2025-10-15 16:00:02,092 [INFO] Response mentions quality: False
2025-10-15 16:00:02,092 [INFO] Response mentions categories: False
2025-10-15 16:00:04,402 [INFO] Fluency score: None
2025-10-15 16:00:04,402 [INFO] Flexibility categories: []
2025-10-15 16:00:04,412 [INFO] Response snippet: <p>I'd like to help you move forward! Let me check our progress first. We have some great ideas brewing about the mentor's betrayal motivations, but we need to frame these into clear 'How Might We' qu
2025-10-15 16:00:04,413 [INFO] 
============================================================
2025-10-15 16:00:04,413 [INFO] TEST 3: Ideas counted from metadata for transitions
2025-10-15 16:00:04,413 [INFO] ============================================================
2025-10-15 16:00:07,514 [INFO] Created session: -ObasXjsHTjqBI0iIyrI
2025-10-15 16:00:07,515 [INFO] Setting up Ideate stage with HMWs...
2025-10-15 16:01:34,508 [INFO] Current stage: None
2025-10-15 16:01:34,515 [INFO] Generating 5 ideas with variety...
2025-10-15 16:04:05,455 [INFO] Ideas stored in Session API: 0
2025-10-15 16:04:05,456 [INFO] Categories detected: [] (0 unique)
2025-10-15 16:04:07,766 [INFO] Categories in metadata: []
2025-10-15 16:04:07,767 [INFO] Asking to advance to Develop...
2025-10-15 16:04:43,187 [INFO] New stage: None
2025-10-15 16:04:43,196 [INFO] 
============================================================
2025-10-15 16:04:43,196 [INFO] TEST 4: Metadata attached to DeepSeek messages
2025-10-15 16:04:43,197 [INFO] ============================================================
2025-10-15 16:04:46,050 [INFO] Created session: -ObataoBLvbyakb59llO
2025-10-15 16:04:46,050 [INFO] Setting up context...
2025-10-15 16:05:53,318 [INFO] Metadata has 0 HMWs
2025-10-15 16:05:53,319 [INFO] Session has 0 ideas
2025-10-15 16:05:53,319 [INFO] Sending query requiring context...
2025-10-15 16:06:16,977 [INFO] Response mentions stage: True
2025-10-15 16:06:16,977 [INFO] Response mentions HMW: True
2025-10-15 16:06:16,977 [INFO] Response mentions ideas: True
2025-10-15 16:06:16,985 [INFO]   Response snippet: <p>You're currently in the <strong>Clarify</strong> stage of our creative problem solving process. So far we've been framing the problem of 'how to make the mentor's betrayal surprising.' We've starte
2025-10-15 16:06:16,985 [INFO] 
============================================================
2025-10-15 16:06:16,986 [INFO] TEST 5: DeepSeek stage switching behavior
2025-10-15 16:06:16,986 [INFO] ============================================================
2025-10-15 16:06:19,800 [INFO] Created session: -ObatxhIzWusO4Xj1NvI
2025-10-15 16:06:19,800 [INFO] Generating 3+ HMWs to meet Clarify -> Ideate threshold...
2025-10-15 16:06:19,800 [INFO]   HMW 1/3: How might we make the betrayal feel earned?...
2025-10-15 16:06:50,094 [INFO]   HMW 2/3: How might we foreshadow the betrayal subtly?...
2025-10-15 16:07:18,224 [INFO]   HMW 3/3: How might we show the mentor's internal conflict?...
2025-10-15 16:08:03,843 [INFO] Current stage: None
2025-10-15 16:08:03,934 [INFO] HMW count: 0
2025-10-15 16:08:04,429 [INFO] Stage history entries: 0
2025-10-15 16:08:04,497 [INFO] 
============================================================
2025-10-15 16:08:04,497 [INFO] DIAGNOSTIC RESULTS
2025-10-15 16:08:04,499 [INFO] ============================================================
2025-10-15 16:08:04,513 [INFO] 
Score: 1/5 diagnostics passed
2025-10-15 16:25:55,093 [INFO] CPS FLOW DIAGNOSTICS - Deep Validation
2025-10-15 16:25:55,095 [INFO] 
============================================================
2025-10-15 16:25:55,096 [INFO] TEST 1: Evaluations in save_message extra dict
2025-10-15 16:25:55,096 [INFO] ============================================================
2025-10-15 16:25:57,994 [INFO] Created session: -ObaySK2HZ16M2XBtt9-
2025-10-15 16:25:57,995 [INFO] Sending idea message...
2025-10-15 16:26:35,976 [INFO] Found 2 messages
2025-10-15 16:26:35,982 [INFO] Checking if evaluations are only in ideas...
2025-10-15 16:26:38,289 [INFO] 
============================================================
2025-10-15 16:26:38,289 [INFO] TEST 2: check_progress reads evaluations from messages
2025-10-15 16:26:38,289 [INFO] ============================================================
2025-10-15 16:26:41,132 [INFO] Created session: -Obaybra1uFwjkm8Aj-l
2025-10-15 16:26:41,133 [INFO] Generating 3 ideas...
2025-10-15 16:28:21,566 [INFO] Triggering check_progress...
2025-10-15 16:28:50,886 [INFO] Response mentions quality: False
2025-10-15 16:28:50,886 [INFO] Response mentions categories: False
2025-10-15 16:28:53,239 [INFO] Fluency score: Low
2025-10-15 16:28:53,240 [INFO] Flexibility categories: []
2025-10-15 16:28:53,257 [INFO] Response snippet: <p>I'd love to move us forward! Let me check our progress first. We have some great initial ideas, but we haven't yet framed the problem with 'How Might We' questions - these help ensure we're explori
2025-10-15 16:28:53,260 [INFO] 
============================================================
2025-10-15 16:28:53,260 [INFO] TEST 3: Ideas counted from metadata for transitions
2025-10-15 16:28:53,262 [INFO] ============================================================
2025-10-15 16:28:56,160 [INFO] Created session: -Obaz7oj540CvW016s7i
2025-10-15 16:28:56,161 [INFO] Setting up Ideate stage with HMWs...
2025-10-15 16:30:29,226 [INFO] Current stage: Clarify
2025-10-15 16:30:29,236 [INFO] Generating 5 ideas with variety...
2025-10-15 16:33:19,106 [INFO] Ideas stored in Session API: 0
2025-10-15 16:33:19,109 [INFO] Categories detected: [] (0 unique)
2025-10-15 16:33:21,483 [INFO] Categories in metadata: []
2025-10-15 16:33:21,483 [INFO] Asking to advance to Develop...
2025-10-15 16:33:58,626 [INFO] New stage: Clarify
2025-10-15 16:34:03,310 [INFO] 
============================================================
2025-10-15 16:34:03,314 [INFO] TEST 4: Metadata attached to DeepSeek messages
2025-10-15 16:34:03,315 [INFO] ============================================================
2025-10-15 16:34:06,200 [INFO] Created session: -Obb-JVzI3lgAOjonZDx
2025-10-15 16:34:06,200 [INFO] Setting up context...
2025-10-15 16:38:06,598 [INFO] 
============================================================
2025-10-15 16:38:06,599 [INFO] CPS FLOW DIAGNOSTICS - Deep Validation
2025-10-15 16:38:06,599 [INFO] ============================================================
2025-10-15 16:38:06,599 [INFO] 
============================================================
2025-10-15 16:38:06,600 [INFO] TEST 1: Evaluations in save_message extra dict
2025-10-15 16:38:06,600 [INFO] ============================================================
2025-10-15 16:38:11,163 [INFO] Created session: -Obb0FJIbEEBu8Pfo_RF
2025-10-15 16:38:11,165 [INFO] Sending idea message...
2025-10-15 16:38:47,029 [INFO] Found 2 messages
2025-10-15 16:38:47,029 [WARNING] [FAIL] FAIL: No evaluations found in message extra dict
2025-10-15 16:38:47,030 [INFO] Checking if evaluations are only in ideas...
2025-10-15 16:38:49,476 [INFO] 
============================================================
2025-10-15 16:38:49,476 [INFO] TEST 2: check_progress reads evaluations from messages
2025-10-15 16:38:49,477 [INFO] ============================================================
2025-10-15 16:38:52,335 [INFO] Created session: -Obb0PMo1q8AS_4y47GB
2025-10-15 16:38:52,335 [INFO] Generating 3 ideas...
2025-10-15 16:40:30,366 [INFO] Triggering check_progress...
2025-10-15 16:41:17,562 [INFO] Response mentions quality: False
2025-10-15 16:41:17,563 [INFO] Response mentions categories: False
2025-10-15 16:41:19,917 [INFO] Fluency score: Low
2025-10-15 16:41:19,917 [INFO] Flexibility categories: []
2025-10-15 16:41:19,918 [WARNING] [FAIL] FAIL: check_progress doesn't analyze evaluations
2025-10-15 16:41:19,918 [INFO] Response snippet: <p>I'd be happy to help you move to the next stage! Let me check if we have everything we need to transition from problem clarification to idea generation. You've given us three strong starting ideas 
2025-10-15 16:41:19,919 [INFO] 
============================================================
2025-10-15 16:41:19,919 [INFO] TEST 3: Ideas counted from metadata for transitions
2025-10-15 16:41:19,920 [INFO] ============================================================
2025-10-15 16:41:23,175 [INFO] Created session: -Obb0z7t-LL0eNb6LMIg
2025-10-15 16:41:23,175 [INFO] Setting up Ideate stage with HMWs...
2025-10-15 16:42:52,254 [INFO] Current stage: Clarify
2025-10-15 16:42:52,255 [WARNING] [WARN] Not in Ideate stage yet (stage=Clarify), continuing anyway...
2025-10-15 16:42:52,256 [INFO] Generating 5 ideas with variety...
2025-10-15 16:45:34,394 [INFO] Ideas stored in Session API: 0
2025-10-15 16:45:34,404 [INFO] Categories detected: [] (0 unique)
2025-10-15 16:45:36,753 [INFO] Categories in metadata: []
2025-10-15 16:45:36,753 [INFO] Asking to advance to Develop...
2025-10-15 16:46:07,796 [INFO] New stage: Clarify
2025-10-15 16:46:07,797 [WARNING] [WARN] Unexpected stage: Clarify
2025-10-15 16:46:07,798 [INFO] 
============================================================
2025-10-15 16:46:07,798 [INFO] TEST 4: Metadata attached to DeepSeek messages
2025-10-15 16:46:07,798 [INFO] ============================================================
2025-10-15 16:46:10,623 [INFO] Created session: -Obb24NEnGJwaCMyUZse
2025-10-15 16:46:10,625 [INFO] Setting up context...
2025-10-15 16:47:12,410 [INFO] Metadata has 0 HMWs
2025-10-15 16:47:12,410 [INFO] Session has 0 ideas
2025-10-15 16:47:12,411 [INFO] Sending query requiring context...
2025-10-15 16:47:37,235 [INFO] Response mentions stage: True
2025-10-15 16:47:37,235 [INFO] Response mentions HMW: True
2025-10-15 16:47:37,235 [INFO] Response mentions ideas: True
2025-10-15 16:47:37,235 [INFO] [PASS] PASS: DeepSeek demonstrates awareness of session context
2025-10-15 16:47:37,236 [INFO]   Response snippet: <p>You're currently in the <strong>Clarify</strong> stage of our creative process. So far we've:</p>
<ul>
<li>Started with your core question: "How might we make the betrayal surprising?"</li>
<li>You
2025-10-15 16:47:37,237 [INFO] 
============================================================
2025-10-15 16:47:37,237 [INFO] TEST 5: DeepSeek stage switching behavior
2025-10-15 16:47:37,238 [INFO] ============================================================
2025-10-15 16:47:40,046 [INFO] Created session: -Obb2QCbit6gb4qe_JQb
2025-10-15 16:47:40,047 [INFO] Generating 3+ HMWs to meet Clarify -> Ideate threshold...
2025-10-15 16:47:40,047 [INFO]   HMW 1/3: How might we make the betrayal feel earned?...
2025-10-15 16:48:10,372 [INFO]   HMW 2/3: How might we foreshadow the betrayal subtly?...
2025-10-15 16:48:39,358 [INFO]   HMW 3/3: How might we show the mentor's internal conflict?...
2025-10-15 16:49:24,009 [INFO] Current stage: Clarify
2025-10-15 16:49:24,013 [INFO] HMW count: 0
2025-10-15 16:49:24,014 [INFO] Stage history entries: 0
2025-10-15 16:49:24,015 [WARNING] [FAIL] FAIL: Still in Clarify despite 0 HMWs
2025-10-15 16:49:24,015 [INFO] Trying explicit prompt...
2025-10-15 16:50:13,428 [WARNING] [FAIL] FAIL: Stage didn't switch even after explicit prompt
2025-10-15 16:50:13,428 [INFO] 
============================================================
2025-10-15 16:50:13,429 [INFO] DIAGNOSTIC RESULTS
2025-10-15 16:50:13,429 [INFO] ============================================================
2025-10-15 16:50:13,430 [INFO] [FAIL] FAIL: Evaluations in save_message
2025-10-15 16:50:13,430 [INFO] [FAIL] FAIL: check_progress reads evaluations
2025-10-15 16:50:13,431 [INFO] [FAIL] FAIL: Ideas counted from metadata
2025-10-15 16:50:13,431 [INFO] [PASS] PASS: Metadata attached to DeepSeek
2025-10-15 16:50:13,431 [INFO] [FAIL] FAIL: DeepSeek stage switching
2025-10-15 16:50:13,432 [INFO] 
Score: 1/5 diagnostics passed
2025-10-15 16:50:13,432 [WARNING] 
[FAIL] 4 DIAGNOSTICS FAILED
2025-10-16 10:16:13,779 [INFO] 
============================================================
2025-10-16 10:16:13,795 [INFO] CPS FLOW DIAGNOSTICS - Deep Validation
2025-10-16 10:16:13,795 [INFO] ============================================================
2025-10-16 10:16:13,795 [INFO] 
============================================================
2025-10-16 10:16:13,795 [INFO] TEST 1: Evaluations in save_message extra dict
2025-10-16 10:16:13,795 [INFO] ============================================================
2025-10-16 10:16:17,631 [INFO] Created session: -ObenQTlIL3eoMJjlPfM
2025-10-16 10:16:17,631 [INFO] Sending idea message...
2025-10-16 10:16:53,609 [INFO] Found 2 messages
2025-10-16 10:16:53,610 [WARNING] [FAIL] FAIL: No evaluations found in message extra dict
2025-10-16 10:16:53,611 [INFO] Checking if evaluations are only in ideas...
2025-10-16 10:16:56,022 [INFO] 
============================================================
2025-10-16 10:16:56,022 [INFO] TEST 2: check_progress reads evaluations from messages
2025-10-16 10:16:56,022 [INFO] ============================================================
2025-10-16 10:16:59,022 [INFO] Created session: -Oben__IEVwuR2mDId8v
2025-10-16 10:16:59,023 [INFO] Generating 3 ideas...
2025-10-16 10:18:57,087 [INFO] Triggering check_progress...
2025-10-16 10:19:26,534 [INFO] Response mentions quality: False
2025-10-16 10:19:26,535 [INFO] Response mentions categories: False
2025-10-16 10:19:28,671 [INFO] Fluency score: Low
2025-10-16 10:19:28,672 [INFO] Flexibility categories: []
2025-10-16 10:19:28,673 [WARNING] [FAIL] FAIL: check_progress doesn't analyze evaluations
2025-10-16 10:19:28,674 [INFO] Response snippet: <p>I'll check if we're ready to move to the development stage. We currently have three distinct betrayal motivations - jealousy, duty, and love - which shows good variety. Let me verify if we meet the
2025-10-16 10:19:28,675 [INFO] 
============================================================
2025-10-16 10:19:28,676 [INFO] TEST 3: Ideas counted from metadata for transitions
2025-10-16 10:19:28,677 [INFO] ============================================================
2025-10-16 10:19:31,691 [INFO] Created session: -Obeo9qkBmvKe1djMd_8
2025-10-16 10:19:31,692 [INFO] Setting up Ideate stage with HMWs...
2025-10-16 10:21:11,263 [INFO] Current stage: Clarify
2025-10-16 10:21:11,264 [WARNING] [WARN] Not in Ideate stage yet (stage=Clarify), continuing anyway...
2025-10-16 10:21:11,266 [INFO] Generating 5 ideas with variety...
2025-10-16 10:24:13,443 [INFO] Ideas stored in Session API: 0
2025-10-16 10:24:13,445 [INFO] Categories detected: [] (0 unique)
2025-10-16 10:24:15,871 [INFO] Categories in metadata: []
2025-10-16 10:24:15,873 [INFO] Asking to advance to Develop...
2025-10-16 10:24:47,101 [INFO] New stage: Clarify
2025-10-16 10:24:47,102 [WARNING] [WARN] Unexpected stage: Clarify
2025-10-16 10:24:47,103 [INFO] 
============================================================
2025-10-16 10:24:47,104 [INFO] TEST 4: Metadata attached to DeepSeek messages
2025-10-16 10:24:47,105 [INFO] ============================================================
2025-10-16 10:24:50,260 [INFO] Created session: -ObepN_P1v5rPXzcEl7S
2025-10-16 10:24:50,260 [INFO] Setting up context...
2025-10-16 10:26:00,174 [INFO] Metadata has 0 HMWs
2025-10-16 10:26:00,177 [INFO] Session has 0 ideas
2025-10-16 10:26:00,178 [INFO] Sending query requiring context...
2025-10-16 10:26:42,797 [INFO] Response mentions stage: True
2025-10-16 10:26:42,798 [INFO] Response mentions HMW: True
2025-10-16 10:26:42,799 [INFO] Response mentions ideas: True
2025-10-16 10:26:42,800 [INFO] [PASS] PASS: DeepSeek demonstrates awareness of session context
2025-10-16 10:26:42,801 [INFO]   Response snippet: <p>You're currently in the <strong>Ideate stage</strong> of our creative process. So far we've discussed:</p>
<p><strong>Problem Framing:</strong>
- Started with "How might we make the betrayal surpri
2025-10-16 10:26:42,803 [INFO] 
============================================================
2025-10-16 10:26:42,804 [INFO] TEST 5: DeepSeek stage switching behavior
2025-10-16 10:26:42,804 [INFO] ============================================================
2025-10-16 10:26:45,847 [INFO] Created session: -Obepopvo0T1ZOmcnfR1
2025-10-16 10:26:45,848 [INFO] Generating 3+ HMWs to meet Clarify -> Ideate threshold...
2025-10-16 10:26:45,849 [INFO]   HMW 1/3: How might we make the betrayal feel earned?...
2025-10-16 10:27:19,778 [INFO]   HMW 2/3: How might we foreshadow the betrayal subtly?...
2025-10-16 10:27:58,941 [INFO]   HMW 3/3: How might we show the mentor's internal conflict?...
2025-10-16 10:28:35,341 [INFO] Current stage: Clarify
2025-10-16 10:28:35,342 [INFO] HMW count: 0
2025-10-16 10:28:35,343 [INFO] Stage history entries: 0
2025-10-16 10:28:35,344 [WARNING] [FAIL] FAIL: Still in Clarify despite 0 HMWs
2025-10-16 10:28:35,345 [INFO] Trying explicit prompt...
2025-10-16 10:29:09,073 [WARNING] [FAIL] FAIL: Stage didn't switch even after explicit prompt
2025-10-16 10:29:09,073 [INFO] 
============================================================
2025-10-16 10:29:09,073 [INFO] DIAGNOSTIC RESULTS
2025-10-16 10:29:09,078 [INFO] ============================================================
2025-10-16 10:29:09,078 [INFO] [FAIL] FAIL: Evaluations in save_message
2025-10-16 10:29:09,079 [INFO] [FAIL] FAIL: check_progress reads evaluations
2025-10-16 10:29:09,079 [INFO] [FAIL] FAIL: Ideas counted from metadata
2025-10-16 10:29:09,081 [INFO] [PASS] PASS: Metadata attached to DeepSeek
2025-10-16 10:29:09,082 [INFO] [FAIL] FAIL: DeepSeek stage switching
2025-10-16 10:29:09,082 [INFO] 
Score: 1/5 diagnostics passed
2025-10-16 10:29:09,082 [WARNING] 
[FAIL] 4 DIAGNOSTICS FAILED
2025-10-16 11:25:59,523 [INFO] 
============================================================
2025-10-16 11:25:59,525 [INFO] CPS FLOW DIAGNOSTICS - Deep Validation
2025-10-16 11:25:59,525 [INFO] ============================================================
2025-10-16 11:25:59,526 [INFO] 
============================================================
2025-10-16 11:25:59,527 [INFO] TEST 1: Evaluations in save_message extra dict
2025-10-16 11:25:59,527 [INFO] ============================================================
2025-10-16 11:26:06,493 [INFO] Created session: -Obf2P0qZhVMPgNN8vIQ
2025-10-16 11:26:06,494 [INFO] Sending idea message...
2025-10-16 11:27:04,896 [INFO] Found 2 messages
2025-10-16 11:27:04,897 [WARNING] [FAIL] FAIL: No evaluations found in message extra dict
2025-10-16 11:27:04,897 [INFO] Checking if evaluations are only in ideas...
2025-10-16 11:27:07,217 [INFO] 
============================================================
2025-10-16 11:27:07,218 [INFO] TEST 2: check_progress reads evaluations from messages
2025-10-16 11:27:07,218 [INFO] ============================================================
2025-10-16 11:27:10,253 [INFO] Created session: -Obf2defao5d9g8kuYNg
2025-10-16 11:27:10,254 [INFO] Generating 3 ideas...
2025-10-16 11:28:10,259 [ERROR] [FAIL] ERROR: HTTPConnectionPool(host='10.163.2.53', port=5002): Read timed out. (read timeout=60)
2025-10-16 11:28:10,260 [INFO] 
============================================================
2025-10-16 11:28:10,260 [INFO] TEST 3: Ideas counted from metadata for transitions
2025-10-16 11:28:10,261 [INFO] ============================================================
2025-10-16 11:28:22,329 [ERROR] [FAIL] ERROR: HTTPConnectionPool(host='localhost', port=4000): Read timed out. (read timeout=10)
2025-10-16 11:28:22,330 [INFO] 
============================================================
2025-10-16 11:28:22,330 [INFO] TEST 4: Metadata attached to DeepSeek messages
2025-10-16 11:28:22,331 [INFO] ============================================================
2025-10-16 11:28:25,461 [INFO] Created session: -Obf2w-9x_YEApoGQK5z
2025-10-16 11:28:25,461 [INFO] Setting up context...
2025-10-16 11:29:47,478 [INFO] Metadata has 0 HMWs
2025-10-16 11:29:47,479 [INFO] Session has 0 ideas
2025-10-16 11:29:47,479 [INFO] Sending query requiring context...
2025-10-16 11:30:24,727 [INFO] Response mentions stage: True
2025-10-16 11:30:24,728 [INFO] Response mentions HMW: True
2025-10-16 11:30:24,728 [INFO] Response mentions ideas: True
2025-10-16 11:30:24,728 [INFO] [PASS] PASS: DeepSeek demonstrates awareness of session context
2025-10-16 11:30:24,729 [INFO]   Response snippet: <p>We're currently in the <strong>Clarify</strong> stage of Creative Problem Solving, where we're framing the problem before brainstorming solutions. So far, we've discussed:</p>
<ul>
<li>Your core pr
2025-10-16 11:30:24,731 [INFO] 
============================================================
2025-10-16 11:30:24,731 [INFO] TEST 5: DeepSeek stage switching behavior
2025-10-16 11:30:24,731 [INFO] ============================================================
2025-10-16 11:30:32,214 [INFO] Created session: -Obf3Q-j5jhhKC42Z4CJ
2025-10-16 11:30:32,214 [INFO] Generating 3+ HMWs to meet Clarify -> Ideate threshold...
2025-10-16 11:30:32,215 [INFO]   HMW 1/3: How might we make the betrayal feel earned?...
2025-10-16 11:31:08,246 [INFO]   HMW 2/3: How might we foreshadow the betrayal subtly?...
2025-10-16 11:31:40,265 [INFO]   HMW 3/3: How might we show the mentor's internal conflict?...
2025-10-16 11:32:17,134 [INFO] Current stage: Clarify
2025-10-16 11:32:17,134 [INFO] HMW count: 0
2025-10-16 11:32:17,134 [INFO] Stage history entries: 0
2025-10-16 11:32:17,135 [WARNING] [FAIL] FAIL: Still in Clarify despite 0 HMWs
2025-10-16 11:32:17,135 [INFO] Trying explicit prompt...
2025-10-16 11:32:49,484 [WARNING] [FAIL] FAIL: Stage didn't switch even after explicit prompt
2025-10-16 11:32:49,485 [INFO] 
============================================================
2025-10-16 11:32:49,485 [INFO] DIAGNOSTIC RESULTS
2025-10-16 11:32:49,485 [INFO] ============================================================
2025-10-16 11:32:49,485 [INFO] [FAIL] FAIL: Evaluations in save_message
2025-10-16 11:32:49,486 [INFO] [FAIL] FAIL: check_progress reads evaluations
2025-10-16 11:32:49,486 [INFO] [FAIL] FAIL: Ideas counted from metadata
2025-10-16 11:32:49,486 [INFO] [PASS] PASS: Metadata attached to DeepSeek
2025-10-16 11:32:49,487 [INFO] [FAIL] FAIL: DeepSeek stage switching
2025-10-16 11:32:49,487 [INFO] 
Score: 1/5 diagnostics passed
2025-10-16 11:32:49,488 [WARNING] 
[FAIL] 4 DIAGNOSTICS FAILED
2025-10-16 11:48:50,101 [INFO] 
============================================================
2025-10-16 11:48:50,101 [INFO] CPS FLOW DIAGNOSTICS - Deep Validation
2025-10-16 11:48:50,102 [INFO] ============================================================
2025-10-16 11:48:50,102 [INFO] 
============================================================
2025-10-16 11:48:50,102 [INFO] TEST 1: Evaluations in save_message extra dict
2025-10-16 11:48:50,102 [INFO] ============================================================
2025-10-16 11:48:54,612 [INFO] Created session: -Obf7c1NxcRFoFQIfvkX
2025-10-16 11:48:54,612 [INFO] Sending idea message...
2025-10-16 11:49:55,754 [INFO] Found 2 messages
2025-10-16 11:49:55,755 [WARNING] [FAIL] FAIL: No evaluations found in message extra dict
2025-10-16 11:49:55,756 [INFO] Checking if evaluations are only in ideas...
2025-10-16 11:49:58,324 [INFO] 
============================================================
2025-10-16 11:49:58,324 [INFO] TEST 2: check_progress reads evaluations from messages
2025-10-16 11:49:58,325 [INFO] ============================================================
2025-10-16 11:50:01,175 [INFO] Created session: -Obf7sO9Qtb6yomxLYD7
2025-10-16 11:50:01,175 [INFO] Generating 3 ideas...
2025-10-16 11:52:24,672 [INFO] Triggering check_progress...
2025-10-16 11:52:50,396 [INFO] Response mentions quality: False
2025-10-16 11:52:50,396 [INFO] Response mentions categories: False
2025-10-16 11:52:52,725 [INFO] Fluency score: Low
2025-10-16 11:52:52,727 [INFO] Flexibility categories: []
2025-10-16 11:52:52,728 [WARNING] [FAIL] FAIL: check_progress doesn't analyze evaluations
2025-10-16 11:52:52,728 [INFO] Response snippet: <p>I'd like to check if we're ready to move to the brainstorming stage. We have 6 ideas logged already, but we need to make sure we have enough well-framed 'How Might We' questions first. Let me verif
2025-10-16 11:52:52,729 [INFO] 
============================================================
2025-10-16 11:52:52,730 [INFO] TEST 3: Ideas counted from metadata for transitions
2025-10-16 11:52:52,730 [INFO] ============================================================
2025-10-16 11:52:55,865 [INFO] Created session: -Obf8XyO5XxhL5U9T-4d
2025-10-16 11:52:55,865 [INFO] Setting up Ideate stage with HMWs...
2025-10-16 11:55:02,811 [INFO] Current stage: Ideate
2025-10-16 11:55:02,813 [INFO] Generating 5 ideas with variety...
2025-10-16 11:57:46,982 [ERROR] [FAIL] ERROR: HTTPConnectionPool(host='10.163.2.53', port=5002): Read timed out. (read timeout=60)
2025-10-16 11:57:46,986 [INFO] 
============================================================
2025-10-16 11:57:46,987 [INFO] TEST 4: Metadata attached to DeepSeek messages
2025-10-16 11:57:46,988 [INFO] ============================================================
2025-10-16 11:57:51,467 [INFO] Created session: -Obf9eofK9hszdk_U5Pd
2025-10-16 11:57:51,467 [INFO] Setting up context...
2025-10-16 11:59:25,819 [INFO] Metadata has 4 HMWs
2025-10-16 11:59:25,819 [INFO] Session has 2 ideas
2025-10-16 11:59:25,819 [INFO] Sending query requiring context...
2025-10-16 11:59:54,327 [INFO] Response mentions stage: True
2025-10-16 11:59:54,327 [INFO] Response mentions HMW: True
2025-10-16 11:59:54,328 [INFO] Response mentions ideas: True
2025-10-16 11:59:54,328 [INFO] [PASS] PASS: DeepSeek demonstrates awareness of session context
2025-10-16 11:59:54,329 [INFO]   Response snippet: <p>You're currently in the <strong>Clarify</strong> stage of our creative process. So far we've:</p>
<p>• Framed one key question: "How might we make the betrayal surprising?"
• You've shared one idea
2025-10-16 11:59:54,330 [INFO] 
============================================================
2025-10-16 11:59:54,330 [INFO] TEST 5: DeepSeek stage switching behavior
2025-10-16 11:59:54,331 [INFO] ============================================================
2025-10-16 11:59:57,201 [INFO] Created session: -ObfA8tlnDyCLzWB1Ngd
2025-10-16 11:59:57,202 [INFO] Generating 3+ HMWs to meet Clarify -> Ideate threshold...
2025-10-16 11:59:57,202 [INFO]   HMW 1/3: How might we make the betrayal feel earned?...
2025-10-16 12:00:41,579 [INFO]   HMW 2/3: How might we foreshadow the betrayal subtly?...
2025-10-16 12:01:19,160 [INFO]   HMW 3/3: How might we show the mentor's internal conflict?...
2025-10-16 12:02:04,993 [INFO] Current stage: Clarify
2025-10-16 12:02:04,994 [INFO] HMW count: 6
2025-10-16 12:02:05,110 [INFO] Stage history entries: 0
2025-10-16 12:02:05,110 [WARNING] [FAIL] FAIL: Still in Clarify despite 6 HMWs
2025-10-16 12:02:05,111 [INFO] Trying explicit prompt...
2025-10-16 12:02:47,209 [INFO] [PASS] PASS: Stage switched after explicit prompt
2025-10-16 12:02:47,210 [INFO] 
============================================================
2025-10-16 12:02:47,211 [INFO] DIAGNOSTIC RESULTS
2025-10-16 12:02:47,211 [INFO] ============================================================
2025-10-16 12:02:47,212 [INFO] [FAIL] FAIL: Evaluations in save_message
2025-10-16 12:02:47,212 [INFO] [FAIL] FAIL: check_progress reads evaluations
2025-10-16 12:02:47,212 [INFO] [FAIL] FAIL: Ideas counted from metadata
2025-10-16 12:02:47,214 [INFO] [PASS] PASS: Metadata attached to DeepSeek
2025-10-16 12:02:47,214 [INFO] [PASS] PASS: DeepSeek stage switching
2025-10-16 12:02:47,215 [INFO] 
Score: 2/5 diagnostics passed
2025-10-16 12:02:47,215 [WARNING] 
[FAIL] 3 DIAGNOSTICS FAILED
2025-10-16 12:05:08,556 [INFO] 
============================================================
2025-10-16 12:05:08,558 [INFO] CPS FLOW DIAGNOSTICS - Deep Validation
2025-10-16 12:05:08,558 [INFO] ============================================================
2025-10-16 12:05:08,559 [INFO] 
============================================================
2025-10-16 12:05:08,559 [INFO] TEST 1: Evaluations in save_message extra dict
2025-10-16 12:05:08,560 [INFO] ============================================================
2025-10-16 12:05:12,943 [INFO] Created session: -ObfBLz7eLSigjizB51Q
2025-10-16 12:05:12,943 [INFO] Sending idea message...
2025-10-16 12:05:53,685 [INFO] Found 2 messages
2025-10-16 12:05:53,685 [WARNING] [FAIL] FAIL: No evaluations found in message extra dict
2025-10-16 12:05:53,687 [INFO] Checking if evaluations are only in ideas...
2025-10-16 12:05:56,285 [INFO] 
============================================================
2025-10-16 12:05:56,286 [INFO] TEST 2: check_progress reads evaluations from messages
2025-10-16 12:05:56,287 [INFO] ============================================================
2025-10-16 12:05:59,331 [INFO] Created session: -ObfBXGJKaC8wrRo0H7s
2025-10-16 12:05:59,332 [INFO] Generating 3 ideas...
2025-10-16 13:04:43,111 [INFO] 
============================================================
2025-10-16 13:04:43,111 [INFO] CPS FLOW DIAGNOSTICS - Deep Validation
2025-10-16 13:04:43,113 [INFO] ============================================================
2025-10-16 13:04:43,113 [INFO] 
============================================================
2025-10-16 13:04:43,113 [INFO] TEST 1: Evaluations stored in idea objects
2025-10-16 13:04:43,113 [INFO] ============================================================
2025-10-16 13:04:46,594 [INFO] Created session: -ObfOzPdBWlU59yI7Sr5
2025-10-16 13:04:46,594 [INFO] Sending idea message...
2025-10-16 13:05:24,591 [INFO] Found 1 ideas
2025-10-16 13:05:24,591 [INFO] Checking idea -ObfP7AiyHC0NKGBf4xQ: the mentor betrays the hero because of jealousy...
2025-10-16 13:05:24,592 [INFO] [PASS] FOUND evaluations in idea -ObfP7AiyHC0NKGBf4xQ:
2025-10-16 13:05:24,592 [INFO]   Category: Character
2025-10-16 13:05:24,593 [INFO]   Elaboration: Low
2025-10-16 13:05:24,593 [INFO]   Originality: Low
2025-10-16 13:05:24,594 [INFO]   Reasoning: Logged for evaluation in Develop stage - classic m...
2025-10-16 13:05:24,594 [INFO] [PASS] PASS: Evaluations stored in idea objects
2025-10-16 13:05:24,594 [INFO] 
============================================================
2025-10-16 13:05:24,595 [INFO] TEST 2: check_progress reads evaluations from messages
2025-10-16 13:05:24,595 [INFO] ============================================================
2025-10-16 13:05:27,429 [INFO] Created session: -ObfP8Oi5mMKk29gJ4pb
2025-10-16 13:05:27,429 [INFO] Generating 3 ideas...
2025-10-16 13:07:07,853 [INFO] Triggering check_progress...
2025-10-16 13:07:37,518 [INFO] Response mentions quality: False
2025-10-16 13:07:37,518 [INFO] Response mentions categories: False
2025-10-16 13:07:39,864 [INFO] Fluency score: Low
2025-10-16 13:07:39,864 [INFO] Flexibility categories: ['Character']
2025-10-16 13:07:39,866 [WARNING] [FAIL] FAIL: check_progress doesn't analyze evaluations
2025-10-16 13:07:39,867 [INFO] Response snippet: <p>I'd like to help you move forward! Let me check our progress first. We have some great character motivations for the betrayal (jealousy, duty, love), but we're still in the Clarify stage where we t
2025-10-16 13:07:39,867 [INFO] 
============================================================
2025-10-16 13:07:39,868 [INFO] TEST 3: Ideas counted from metadata for transitions
2025-10-16 13:07:39,868 [INFO] ============================================================
2025-10-16 13:07:42,713 [INFO] Created session: -ObfPeQdnI8XXCYIOZrd
2025-10-16 13:07:42,715 [INFO] Setting up Ideate stage with HMWs...
2025-10-16 13:09:16,034 [INFO] Current stage: Clarify
2025-10-16 13:09:16,035 [WARNING] [WARN] Not in Ideate stage yet (stage=Clarify), continuing anyway...
2025-10-16 13:09:16,035 [INFO] Generating 5 ideas with variety...
2025-10-16 13:12:08,735 [INFO] Ideas stored in Session API: 5
2025-10-16 13:12:08,736 [INFO] Categories detected: ['Setting', 'Theme', 'Character', 'Plot', 'Mechanic'] (5 unique)
2025-10-16 13:12:10,798 [INFO] Categories in metadata: ['Character', 'Plot', 'Setting', 'Mechanic', 'Theme']
2025-10-16 13:12:10,798 [INFO] Asking to advance to Develop...
2025-10-16 13:12:45,387 [INFO] New stage: Clarify
2025-10-16 13:12:45,387 [WARNING] [WARN] Unexpected stage: Clarify
2025-10-16 13:12:45,388 [INFO] 
============================================================
2025-10-16 13:12:45,388 [INFO] TEST 4: Metadata attached to DeepSeek messages
2025-10-16 13:12:45,388 [INFO] ============================================================
2025-10-16 13:12:48,461 [INFO] Created session: -ObfQp-cDqByM55i-yh2
2025-10-16 13:12:48,461 [INFO] Setting up context...
2025-10-16 13:14:00,622 [INFO] Metadata has 1 HMWs
2025-10-16 13:14:00,625 [INFO] Session has 1 ideas
2025-10-16 13:14:00,626 [INFO] Sending query requiring context...
2025-10-16 13:14:29,465 [INFO] Response mentions stage: True
2025-10-16 13:14:29,466 [INFO] Response mentions HMW: True
2025-10-16 13:14:29,467 [INFO] Response mentions ideas: True
2025-10-16 13:14:29,467 [INFO] [PASS] PASS: DeepSeek demonstrates awareness of session context
2025-10-16 13:14:29,469 [INFO]   Response snippet: <p>You're currently in the <strong>Clarify</strong> stage - we're framing the problem before brainstorming solutions. So far, we have:</p>
<p><strong>Problem Focus:</strong> Mentor's betrayal of the h
2025-10-16 13:14:29,469 [INFO] 
============================================================
2025-10-16 13:14:29,470 [INFO] TEST 5: DeepSeek stage switching behavior
2025-10-16 13:14:29,471 [INFO] ============================================================
2025-10-16 13:14:32,325 [INFO] Created session: -ObfRDQ3fUMCULUg6eOJ
2025-10-16 13:14:32,326 [INFO] Generating 3+ HMWs to meet Clarify -> Ideate threshold...
2025-10-16 13:14:32,327 [INFO]   HMW 1/3: How might we make the betrayal feel earned?...
2025-10-16 13:15:04,693 [INFO]   HMW 2/3: How might we foreshadow the betrayal subtly?...
2025-10-16 13:15:38,379 [INFO]   HMW 3/3: How might we show the mentor's internal conflict?...
2025-10-16 13:16:13,810 [INFO] Current stage: Clarify
2025-10-16 13:16:13,810 [INFO] HMW count: 4
2025-10-16 13:16:13,810 [INFO] Stage history entries: 0
2025-10-16 13:16:13,814 [WARNING] [FAIL] FAIL: Still in Clarify despite 4 HMWs
2025-10-16 13:16:13,814 [INFO] Trying explicit prompt...
2025-10-16 13:16:46,670 [INFO] [PASS] PASS: Stage switched after explicit prompt
2025-10-16 13:16:46,671 [INFO] 
============================================================
2025-10-16 13:16:46,672 [INFO] DIAGNOSTIC RESULTS
2025-10-16 13:16:46,673 [INFO] ============================================================
2025-10-16 13:16:46,674 [INFO] [PASS] PASS: Evaluations in save_message
2025-10-16 13:16:46,674 [INFO] [FAIL] FAIL: check_progress reads evaluations
2025-10-16 13:16:46,675 [INFO] [FAIL] FAIL: Ideas counted from metadata
2025-10-16 13:16:46,676 [INFO] [PASS] PASS: Metadata attached to DeepSeek
2025-10-16 13:16:46,677 [INFO] [PASS] PASS: DeepSeek stage switching
2025-10-16 13:16:46,678 [INFO] 
Score: 3/5 diagnostics passed
2025-10-16 13:16:46,679 [WARNING] 
[FAIL] 2 DIAGNOSTICS FAILED
2025-10-16 13:31:15,568 [INFO] 
============================================================
2025-10-16 13:31:15,570 [INFO] CPS FLOW DIAGNOSTICS - Deep Validation
2025-10-16 13:31:15,571 [INFO] ============================================================
2025-10-16 13:31:15,572 [INFO] 
============================================================
2025-10-16 13:31:15,573 [INFO] TEST 1: Evaluations stored in idea objects
2025-10-16 13:31:15,574 [INFO] ============================================================
2025-10-16 13:31:19,945 [INFO] Created session: -ObfV3BH7ma4IjWtLf5V
2025-10-16 13:31:19,946 [INFO] Sending idea message...
2025-10-16 13:32:27,649 [INFO] 
============================================================
2025-10-16 13:32:27,649 [INFO] CPS FLOW DIAGNOSTICS - Deep Validation
2025-10-16 13:32:27,649 [INFO] ============================================================
2025-10-16 13:32:27,649 [INFO] 
============================================================
2025-10-16 13:32:27,653 [INFO] TEST 1: Evaluations stored in idea objects
2025-10-16 13:32:27,653 [INFO] ============================================================
2025-10-16 13:32:31,717 [INFO] Created session: -ObfVKvWYhuQrdWMoUQn
2025-10-16 13:32:31,718 [INFO] Sending idea message...
2025-10-16 13:33:10,585 [INFO] Found 1 ideas
2025-10-16 13:33:10,587 [INFO] Checking idea -ObfVToXKWAR9foAAiQB: the mentor betrays the hero because of jealousy...
2025-10-16 13:33:10,587 [INFO] [PASS] FOUND evaluations in idea -ObfVToXKWAR9foAAiQB:
2025-10-16 13:33:10,589 [INFO]   Category: Character
2025-10-16 13:33:10,589 [INFO]   Elaboration: Low
2025-10-16 13:33:10,589 [INFO]   Originality: Low
2025-10-16 13:33:10,591 [INFO]   Reasoning: Logged for evaluation in Develop stage - focuses o...
2025-10-16 13:33:10,591 [INFO] [PASS] PASS: Evaluations stored in idea objects
2025-10-16 13:33:10,591 [INFO] 
============================================================
2025-10-16 13:33:10,593 [INFO] TEST 2: check_progress reads evaluations from messages
2025-10-16 13:33:10,593 [INFO] ============================================================
2025-10-16 13:33:13,447 [INFO] Created session: -ObfVV6wGi4MhQhHTtdL
2025-10-16 13:33:13,447 [INFO] Generating 3 ideas...
2025-10-16 13:35:03,791 [INFO] Triggering check_progress...
2025-10-16 13:35:36,053 [INFO] Response mentions quality: False
2025-10-16 13:35:36,054 [INFO] Response mentions categories: False
2025-10-16 13:35:38,387 [INFO] Fluency score: Low
2025-10-16 13:35:38,389 [INFO] Flexibility categories: ['Character']
2025-10-16 13:35:38,389 [WARNING] [FAIL] FAIL: check_progress doesn't analyze evaluations
2025-10-16 13:35:38,391 [INFO] Response snippet: <p>I'd like to check if we're ready to move to the next stage. We have some great character motivation ideas, but we need to make sure we've properly framed the problem with 'How Might We' questions f
2025-10-16 13:35:38,391 [INFO] 
============================================================
2025-10-16 13:35:38,391 [INFO] TEST 3: Ideas counted from metadata for transitions
2025-10-16 13:35:38,393 [INFO] ============================================================
2025-10-16 13:35:41,522 [INFO] Created session: -ObfW3CQTCD96SnNVwXP
2025-10-16 13:35:41,523 [INFO] Setting up Ideate stage with HMWs...
2025-10-16 13:37:23,130 [INFO] Current stage: Clarify
2025-10-16 13:37:23,131 [WARNING] [WARN] Not in Ideate stage yet (stage=Clarify), continuing anyway...
2025-10-16 13:37:23,132 [INFO] Generating 5 ideas with variety...
2025-10-16 13:40:33,462 [INFO] Ideas stored in Session API: 5
2025-10-16 13:40:33,464 [INFO] Categories detected: ['Setting', 'Theme', 'Mechanic', 'Plot', 'Character'] (5 unique)
2025-10-16 13:40:35,529 [INFO] Categories in metadata: ['Character', 'Plot', 'Setting', 'Mechanic', 'Theme']
2025-10-16 13:40:35,529 [INFO] Asking to advance to Develop...
2025-10-16 13:41:16,309 [INFO] New stage: Develop
2025-10-16 13:41:16,310 [INFO] [PASS] PASS: Stage advanced based on metadata counts
2025-10-16 13:41:17,077 [INFO] 
============================================================
2025-10-16 13:41:17,361 [INFO] TEST 4: Metadata attached to DeepSeek messages
2025-10-16 13:41:17,362 [INFO] ============================================================
2025-10-16 13:41:22,726 [INFO] Created session: -ObfXMPw9Cb2nDMNgxkK
2025-10-16 13:41:22,726 [INFO] Setting up context...
2025-10-16 13:42:34,238 [INFO] Metadata has 1 HMWs
2025-10-16 13:42:34,239 [INFO] Session has 1 ideas
2025-10-16 13:42:34,240 [INFO] Sending query requiring context...
2025-10-16 13:43:03,386 [INFO] Response mentions stage: True
2025-10-16 13:43:03,388 [INFO] Response mentions HMW: True
2025-10-16 13:43:03,388 [INFO] Response mentions ideas: True
2025-10-16 13:43:03,389 [INFO] [PASS] PASS: DeepSeek demonstrates awareness of session context
2025-10-16 13:43:03,390 [INFO]   Response snippet: <p>We're currently in the <strong>Clarify</strong> stage of our creative process. So far, we've discussed:</p>
<p><strong>What we're exploring:</strong> How the mentor could betray the hero in surpris
2025-10-16 13:43:03,391 [INFO] 
============================================================
2025-10-16 13:43:03,391 [INFO] TEST 5: DeepSeek stage switching behavior
2025-10-16 13:43:03,393 [INFO] ============================================================
2025-10-16 13:43:06,557 [INFO] Created session: -ObfXkpwXy8sqrYHU7n2
2025-10-16 13:43:06,558 [INFO] Generating 3+ HMWs to meet Clarify -> Ideate threshold...
2025-10-16 13:43:06,560 [INFO]   HMW 1/3: How might we make the betrayal feel earned?...
2025-10-16 13:43:40,773 [INFO]   HMW 2/3: How might we foreshadow the betrayal subtly?...
2025-10-16 13:44:09,345 [INFO]   HMW 3/3: How might we show the mentor's internal conflict?...
2025-10-16 13:44:54,456 [INFO] Current stage: Clarify
2025-10-16 13:44:54,457 [INFO] HMW count: 3
2025-10-16 13:44:54,459 [INFO] Stage history entries: 0
2025-10-16 13:44:54,459 [WARNING] [FAIL] FAIL: Still in Clarify despite 3 HMWs
2025-10-16 13:44:54,460 [INFO] Trying explicit prompt...
2025-10-16 13:45:28,057 [INFO] [PASS] PASS: Stage switched after explicit prompt
2025-10-16 13:45:28,058 [INFO] 
============================================================
2025-10-16 13:45:28,058 [INFO] DIAGNOSTIC RESULTS
2025-10-16 13:45:28,059 [INFO] ============================================================
2025-10-16 13:45:28,060 [INFO] [PASS] PASS: Evaluations in save_message
2025-10-16 13:45:28,061 [INFO] [FAIL] FAIL: check_progress reads evaluations
2025-10-16 13:45:28,062 [INFO] [PASS] PASS: Ideas counted from metadata
2025-10-16 13:45:28,064 [INFO] [PASS] PASS: Metadata attached to DeepSeek
2025-10-16 13:45:28,065 [INFO] [PASS] PASS: DeepSeek stage switching
2025-10-16 13:45:28,067 [INFO] 
Score: 4/5 diagnostics passed
2025-10-16 13:45:28,068 [INFO] 
[PASS] MOSTLY PASSING (1 failure allowed)
2025-10-17 13:46:50,718 [INFO] 
============================================================
2025-10-17 13:46:50,720 [INFO] CPS FLOW DIAGNOSTICS - Deep Validation
2025-10-17 13:46:50,722 [INFO] ============================================================
2025-10-17 13:46:50,722 [INFO] 
============================================================
2025-10-17 13:46:50,723 [INFO] TEST 1: Evaluations stored in idea objects
2025-10-17 13:46:50,724 [INFO] ============================================================
2025-10-17 13:46:54,991 [INFO] Created session: -ObkhDCRlGuW_ncYQBeT
2025-10-17 13:46:54,993 [INFO] Sending idea message...
2025-10-17 13:47:55,008 [ERROR] [FAIL] ERROR: HTTPConnectionPool(host='10.163.5.251', port=5002): Read timed out. (read timeout=60)
2025-10-17 13:47:55,043 [ERROR] Traceback (most recent call last):
  File "C:\Python311\Lib\site-packages\urllib3\connectionpool.py", line 449, in _make_request
    six.raise_from(e, None)
  File "<string>", line 3, in raise_from
  File "C:\Python311\Lib\site-packages\urllib3\connectionpool.py", line 444, in _make_request
    httplib_response = conn.getresponse()
                       ^^^^^^^^^^^^^^^^^^
  File "C:\Python311\Lib\http\client.py", line 1374, in getresponse
    response.begin()
  File "C:\Python311\Lib\http\client.py", line 318, in begin
    version, status, reason = self._read_status()
                              ^^^^^^^^^^^^^^^^^^^
  File "C:\Python311\Lib\http\client.py", line 279, in _read_status
    line = str(self.fp.readline(_MAXLINE + 1), "iso-8859-1")
               ^^^^^^^^^^^^^^^^^^^^^^^^^^^^^^
  File "C:\Python311\Lib\socket.py", line 705, in readinto
    return self._sock.recv_into(b)
           ^^^^^^^^^^^^^^^^^^^^^^^
TimeoutError: timed out

During handling of the above exception, another exception occurred:

Traceback (most recent call last):
  File "C:\Python311\Lib\site-packages\requests\adapters.py", line 489, in send
    resp = conn.urlopen(
           ^^^^^^^^^^^^^
  File "C:\Python311\Lib\site-packages\urllib3\connectionpool.py", line 787, in urlopen
    retries = retries.increment(
              ^^^^^^^^^^^^^^^^^^
  File "C:\Python311\Lib\site-packages\urllib3\util\retry.py", line 550, in increment
    raise six.reraise(type(error), error, _stacktrace)
          ^^^^^^^^^^^^^^^^^^^^^^^^^^^^^^^^^^^^^^^^^^^^
  File "C:\Python311\Lib\site-packages\urllib3\packages\six.py", line 770, in reraise
    raise value
  File "C:\Python311\Lib\site-packages\urllib3\connectionpool.py", line 703, in urlopen
    httplib_response = self._make_request(
                       ^^^^^^^^^^^^^^^^^^^
  File "C:\Python311\Lib\site-packages\urllib3\connectionpool.py", line 451, in _make_request
    self._raise_timeout(err=e, url=url, timeout_value=read_timeout)
  File "C:\Python311\Lib\site-packages\urllib3\connectionpool.py", line 340, in _raise_timeout
    raise ReadTimeoutError(
urllib3.exceptions.ReadTimeoutError: HTTPConnectionPool(host='10.163.5.251', port=5002): Read timed out. (read timeout=60)

During handling of the above exception, another exception occurred:

Traceback (most recent call last):
  File "C:\Users\soren\OneDrive\Documents\GitHub\GuidedCreativePlanning\backend\servers\utils\test_cps_diagnostics.py", line 107, in test_1_evaluations_in_ideas
    r = requests.post(
        ^^^^^^^^^^^^^^
  File "C:\Python311\Lib\site-packages\requests\api.py", line 115, in post
    return request("post", url, data=data, json=json, **kwargs)
           ^^^^^^^^^^^^^^^^^^^^^^^^^^^^^^^^^^^^^^^^^^^^^^^^^^^^
  File "C:\Python311\Lib\site-packages\requests\api.py", line 59, in request
    return session.request(method=method, url=url, **kwargs)
           ^^^^^^^^^^^^^^^^^^^^^^^^^^^^^^^^^^^^^^^^^^^^^^^^^
  File "C:\Python311\Lib\site-packages\requests\sessions.py", line 587, in request
    resp = self.send(prep, **send_kwargs)
           ^^^^^^^^^^^^^^^^^^^^^^^^^^^^^^
  File "C:\Python311\Lib\site-packages\requests\sessions.py", line 701, in send
    r = adapter.send(request, **kwargs)
        ^^^^^^^^^^^^^^^^^^^^^^^^^^^^^^^
  File "C:\Python311\Lib\site-packages\requests\adapters.py", line 578, in send
    raise ReadTimeout(e, request=request)
requests.exceptions.ReadTimeout: HTTPConnectionPool(host='10.163.5.251', port=5002): Read timed out. (read timeout=60)

2025-10-17 13:47:55,045 [INFO] 
============================================================
2025-10-17 13:47:55,046 [INFO] TEST 2: check_progress reads evaluations from messages
2025-10-17 13:47:55,047 [INFO] ============================================================
2025-10-17 13:47:58,082 [INFO] Created session: -ObkhS_JoObafzRC0Wsp
2025-10-17 13:47:58,083 [INFO] Generating 3 ideas...
2025-10-17 13:49:54,854 [INFO] Triggering check_progress...
2025-10-17 13:50:26,747 [INFO] Response mentions quality: False
2025-10-17 13:50:26,748 [INFO] Response mentions categories: False
2025-10-17 13:50:29,129 [INFO] Fluency score: Low
2025-10-17 13:50:29,131 [INFO] Flexibility categories: ['Character']
2025-10-17 13:50:29,132 [WARNING] [FAIL] FAIL: check_progress doesn't analyze evaluations
2025-10-17 13:50:29,133 [INFO] Response snippet: <p>I'd love to move forward! Currently we have 1/3 HMW questions needed for the Clarify stage. Let's create 2 more 'How Might We...' questions to fully frame the problem. For example: 'How might we fo
2025-10-17 13:50:29,134 [INFO] 
============================================================
2025-10-17 13:50:29,134 [INFO] TEST 3: Ideas counted from metadata for transitions
2025-10-17 13:50:29,135 [INFO] ============================================================
2025-10-17 13:50:32,405 [INFO] Created session: -Obki2BLEQhrRQC8Dm62
2025-10-17 13:50:32,406 [INFO] Setting up Ideate stage with HMWs...
2025-10-17 13:52:05,486 [INFO] 
============================================================
2025-10-17 13:52:05,487 [INFO] CPS FLOW DIAGNOSTICS - Deep Validation
2025-10-17 13:52:05,488 [INFO] ============================================================
2025-10-17 13:52:05,489 [INFO] 
============================================================
2025-10-17 13:52:05,489 [INFO] TEST 1: Evaluations stored in idea objects
2025-10-17 13:52:05,490 [INFO] ============================================================
2025-10-17 13:52:08,565 [INFO] Created session: -ObkiPiRZLIWCXoid9B-
2025-10-17 13:52:08,566 [INFO] Sending idea message...
2025-10-17 13:52:47,266 [INFO] Found 0 ideas
2025-10-17 13:52:47,266 [WARNING] [FAIL] FAIL: No ideas found in session
2025-10-17 13:52:47,268 [INFO] 
============================================================
2025-10-17 13:52:47,270 [INFO] TEST 2: check_progress reads evaluations from messages
2025-10-17 13:52:47,270 [INFO] ============================================================
2025-10-17 13:52:50,108 [INFO] Created session: -ObkiZuwrjK2emK__csU
2025-10-17 13:52:50,109 [INFO] Generating 3 ideas...
2025-10-17 13:55:27,110 [INFO] 
============================================================
2025-10-17 13:55:27,110 [INFO] CPS FLOW DIAGNOSTICS - Deep Validation
2025-10-17 13:55:27,116 [INFO] ============================================================
2025-10-17 13:55:27,116 [INFO] 
============================================================
2025-10-17 13:55:27,117 [INFO] TEST 1: Evaluations stored in idea objects
2025-10-17 13:55:27,117 [INFO] ============================================================
2025-10-17 13:55:30,839 [INFO] Created session: -ObkjB5EmdcMNAZpdo1G
2025-10-17 13:55:30,841 [INFO] Sending idea message...
2025-10-17 13:56:09,202 [INFO] Found 1 ideas
2025-10-17 13:56:09,202 [INFO] Checking idea -ObkjJz0wJWJ-TraRdKo: the mentor betrays the hero because of jealousy...
2025-10-17 13:56:09,203 [INFO] [PASS] FOUND evaluations in idea -ObkjJz0wJWJ-TraRdKo:
2025-10-17 13:56:09,204 [INFO]   Category: Character
2025-10-17 13:56:09,205 [INFO]   Elaboration: Low
2025-10-17 13:56:09,206 [INFO]   Originality: Low
2025-10-17 13:56:09,207 [INFO]   Reasoning: Logged for evaluation in Develop stage - focuses o...
2025-10-17 13:56:09,207 [INFO] [PASS] PASS: Evaluations stored in idea objects
2025-10-17 13:56:09,208 [INFO] 
============================================================
2025-10-17 13:56:09,209 [INFO] TEST 2: check_progress reads evaluations from messages
2025-10-17 13:56:09,210 [INFO] ============================================================
2025-10-17 13:56:12,194 [INFO] Created session: -ObkjLCyWPbiW42Ei8xP
2025-10-17 13:56:12,195 [INFO] Generating 3 ideas...
2025-10-17 13:58:03,941 [INFO] Triggering check_progress...
2025-10-17 13:58:35,834 [INFO] Response mentions quality: False
2025-10-17 13:58:35,834 [INFO] Response mentions categories: False
2025-10-17 13:58:38,216 [INFO] Fluency score: Low
2025-10-17 13:58:38,217 [INFO] Flexibility categories: ['Character', 'Theme']
2025-10-17 13:58:38,219 [WARNING] [FAIL] FAIL: check_progress doesn't analyze evaluations
2025-10-17 13:58:38,220 [INFO] Response snippet: <p>I'd love to help you move forward! Let me check our progress first. We have some great ideas brewing with jealousy, duty, and love as motivations, but we need a few more 'How Might We' questions to
2025-10-17 13:58:38,221 [INFO] 
============================================================
2025-10-17 13:58:38,222 [INFO] TEST 3: Ideas counted from metadata for transitions
2025-10-17 13:58:38,222 [INFO] ============================================================
2025-10-17 13:58:41,386 [INFO] Created session: -ObkjuaKchWgJ4kuvwbc
2025-10-17 13:58:41,387 [INFO] Setting up Ideate stage with HMWs...
2025-10-17 14:00:14,690 [INFO] Current stage: Clarify
2025-10-17 14:00:14,691 [WARNING] [WARN] Not in Ideate stage yet (stage=Clarify), continuing anyway...
2025-10-17 14:00:14,692 [INFO] Generating 5 ideas with variety...
2025-10-17 14:03:14,085 [INFO] Ideas stored in Session API: 5
2025-10-17 14:03:14,086 [INFO] Categories detected: ['Setting', 'Character', 'Theme', 'Plot', 'Mechanic'] (5 unique)
2025-10-17 14:03:16,182 [INFO] Categories in metadata: ['Character', 'Plot', 'Setting', 'Mechanic', 'Theme']
2025-10-17 14:03:16,183 [INFO] Asking to advance to Develop...
2025-10-17 14:03:53,694 [INFO] New stage: Develop
2025-10-17 14:03:53,694 [INFO] [PASS] PASS: Stage advanced based on metadata counts
2025-10-17 14:03:53,713 [INFO] 
============================================================
2025-10-17 14:03:53,713 [INFO] TEST 4: Metadata attached to DeepSeek messages
2025-10-17 14:03:53,713 [INFO] ============================================================
2025-10-17 14:03:56,892 [INFO] Created session: -Obkl6bX1AMxc2X_NO-3
2025-10-17 14:03:56,893 [INFO] Setting up context...
2025-10-17 14:05:13,073 [INFO] Metadata has 2 HMWs
2025-10-17 14:05:13,075 [INFO] Session has 0 ideas
2025-10-17 14:05:13,076 [INFO] Sending query requiring context...
2025-10-17 14:05:46,378 [INFO] Response mentions stage: True
2025-10-17 14:05:46,378 [INFO] Response mentions HMW: True
2025-10-17 14:05:46,380 [INFO] Response mentions ideas: True
2025-10-17 14:05:46,380 [INFO] [PASS] PASS: DeepSeek demonstrates awareness of session context
2025-10-17 14:05:46,381 [INFO]   Response snippet: <p>You're currently in the <strong>Clarify</strong> stage of our Creative Problem Solving process. Here's what we've covered so far:</p>
<p><strong>Current Progress:</strong>
• <strong>Stage:</strong>
2025-10-17 14:05:46,381 [INFO] 
============================================================
2025-10-17 14:05:46,384 [INFO] TEST 5: DeepSeek stage switching behavior
2025-10-17 14:05:46,384 [INFO] ============================================================
2025-10-17 14:05:49,262 [INFO] Created session: -ObklY6tjoEK7RpLngoV
2025-10-17 14:05:49,263 [INFO] Generating 3+ HMWs to meet Clarify -> Ideate threshold...
2025-10-17 14:05:49,263 [INFO]   HMW 1/3: How might we make the betrayal feel earned?...
2025-10-17 14:06:22,895 [INFO]   HMW 2/3: How might we foreshadow the betrayal subtly?...
2025-10-17 14:06:52,212 [INFO]   HMW 3/3: How might we show the mentor's internal conflict?...
2025-10-17 14:07:32,594 [INFO] Current stage: Clarify
2025-10-17 14:07:32,596 [INFO] HMW count: 3
2025-10-17 14:07:32,596 [INFO] Stage history entries: 0
2025-10-17 14:07:32,598 [WARNING] [FAIL] FAIL: Still in Clarify despite 3 HMWs
2025-10-17 14:07:32,598 [INFO] Trying explicit prompt...
2025-10-17 14:08:06,352 [INFO] [PASS] PASS: Stage switched after explicit prompt
2025-10-17 14:08:06,354 [INFO] 
============================================================
2025-10-17 14:08:06,355 [INFO] DIAGNOSTIC RESULTS
2025-10-17 14:08:06,356 [INFO] ============================================================
2025-10-17 14:08:06,358 [INFO] [PASS] PASS: Evaluations in save_message
2025-10-17 14:08:06,358 [INFO] [FAIL] FAIL: check_progress reads evaluations
2025-10-17 14:08:06,359 [INFO] [PASS] PASS: Ideas counted from metadata
2025-10-17 14:08:06,360 [INFO] [PASS] PASS: Metadata attached to DeepSeek
2025-10-17 14:08:06,361 [INFO] [PASS] PASS: DeepSeek stage switching
2025-10-17 14:08:06,362 [INFO] 
Score: 4/5 diagnostics passed
2025-10-17 14:08:06,363 [INFO] 
[PASS] MOSTLY PASSING (1 failure allowed)
2025-10-17 14:09:25,827 [INFO] 
============================================================
2025-10-17 14:09:25,829 [INFO] CPS FLOW DIAGNOSTICS - Deep Validation
2025-10-17 14:09:25,829 [INFO] ============================================================
2025-10-17 14:09:25,829 [INFO] 
============================================================
2025-10-17 14:09:25,829 [INFO] TEST 1: Evaluations stored in idea objects
2025-10-17 14:09:25,829 [INFO] ============================================================
2025-10-17 14:09:29,570 [INFO] Created session: -ObkmNswhY5cKsdk1WB8
2025-10-17 14:09:29,570 [INFO] Sending idea message...
2025-10-17 14:10:05,947 [INFO] Found 0 ideas
2025-10-17 14:10:05,949 [WARNING] [FAIL] FAIL: No ideas found in session
2025-10-17 14:10:05,949 [INFO] 
============================================================
2025-10-17 14:10:05,950 [INFO] TEST 2: check_progress reads evaluations from messages
2025-10-17 14:10:05,951 [INFO] ============================================================
2025-10-17 14:10:09,128 [INFO] Created session: -ObkmXUmHRPy9a0cBBFE
2025-10-17 14:10:09,129 [INFO] Generating 3 ideas...
2025-10-17 14:12:51,453 [INFO] 
============================================================
2025-10-17 14:12:51,454 [INFO] CPS FLOW DIAGNOSTICS - Deep Validation
2025-10-17 14:12:51,455 [INFO] ============================================================
2025-10-17 14:12:51,457 [INFO] 
============================================================
2025-10-17 14:12:51,458 [INFO] TEST 1: Evaluations stored in idea objects
2025-10-17 14:12:51,458 [INFO] ============================================================
2025-10-17 14:12:54,794 [INFO] Created session: -ObknA-uMGsdn2RBC9b1
2025-10-17 14:12:54,795 [INFO] Sending idea message...
2025-10-17 14:13:37,987 [INFO] Found 0 ideas
2025-10-17 14:13:37,990 [WARNING] [FAIL] FAIL: No ideas found in session
2025-10-17 14:13:37,991 [INFO] 
============================================================
2025-10-17 14:13:37,992 [INFO] TEST 2: check_progress reads evaluations from messages
2025-10-17 14:13:37,993 [INFO] ============================================================
2025-10-17 14:13:40,951 [INFO] Created session: -ObknLGqq1kHcn3_BiKQ
2025-10-17 14:13:40,952 [INFO] Generating 3 ideas...
2025-10-17 14:39:50,236 [INFO] 
============================================================
2025-10-17 14:39:50,238 [INFO] CPS FLOW DIAGNOSTICS - Race Condition Fixed
2025-10-17 14:39:50,238 [INFO] ============================================================
2025-10-17 14:39:50,238 [INFO] 
============================================================
2025-10-17 14:39:50,238 [INFO] TEST 1: Evaluations stored in idea objects
2025-10-17 14:39:50,238 [INFO] ============================================================
2025-10-17 14:39:53,490 [INFO] Created session: -ObktLBmwMjU3TYxOHDR
2025-10-17 14:39:53,491 [INFO] Sending idea message...
2025-10-17 14:39:55,777 [INFO] [SEND] Sending: I have an idea: the mentor betrays the hero because of jealo...
2025-10-17 14:40:41,983 [INFO] [DEEPSEEK] Response: <p>Great start! I've logged your idea about the jealous mentor's betrayal. <strong>Progress:</strong> 1/3 HMWs, 1 idea - Need 2 more HMWs. Let's explore this further: What other angles could we consid...
2025-10-17 14:40:41,985 [INFO] [BACKGROUND] Background processing indicated
2025-10-17 14:40:59,283 [INFO] Found 1 ideas
2025-10-17 14:40:59,283 [INFO] Checking idea -ObktZYrY6jQBK7u8z1R: The mentor betrays the hero because of jealousy...
2025-10-17 14:40:59,288 [INFO]   Category: Character
2025-10-17 14:40:59,290 [INFO]   Elaboration: Low
2025-10-17 14:40:59,290 [INFO]   Originality: Low
2025-10-17 14:40:59,290 [INFO]   Reasoning: Logged for Develop stage evaluation - explores cha...
2025-10-17 14:40:59,293 [INFO] 
============================================================
2025-10-17 14:40:59,294 [INFO] TEST 2: check_progress reads evaluations from messages
2025-10-17 14:40:59,294 [INFO] ============================================================
2025-10-17 14:41:02,085 [INFO] Created session: -ObktawxQmWFEGpeYJf6
2025-10-17 14:41:02,085 [INFO] Generating 3 ideas...
2025-10-17 14:41:04,377 [INFO] [SEND] Sending: Idea 1: The mentor's betrayal is driven by jealousy...
2025-10-17 14:41:40,843 [INFO] [DEEPSEEK] Response: <p>Got it! I've logged your idea about jealousy as the mentor's motivation. <strong>Progress:</strong> 0/3 HMWs - Need 3 more. Since we're still in the Clarify stage, let's frame this as a 'How Might ...
2025-10-17 14:41:40,843 [INFO] [BACKGROUND] Background processing indicated
2025-10-17 14:41:43,186 [DEBUG] [POLL] Ideas: 0/1
2025-10-17 14:41:45,992 [DEBUG] [POLL] Ideas: 1/1
2025-10-17 14:41:50,314 [INFO] [SEND] Sending: Idea 2: The mentor's betrayal is driven by duty to a higher ...
2025-10-17 14:42:22,859 [INFO] [DEEPSEEK] Response: <p>Interesting! Duty to a higher power adds moral complexity to the betrayal. I've logged this as your second idea. <strong>Progress:</strong> 0/3 HMWs - Need 3 more. Let's convert these ideas into 'H...
2025-10-17 14:42:22,860 [INFO] [BACKGROUND] Background processing indicated
2025-10-17 14:42:25,143 [DEBUG] [POLL] Ideas: 2/2
2025-10-17 14:42:29,444 [INFO] [SEND] Sending: Idea 3: The mentor's betrayal is driven by love for someone ...
2025-10-17 14:43:29,927 [INFO] 
============================================================
2025-10-17 14:43:29,927 [INFO] CPS FLOW DIAGNOSTICS - Race Condition Fixed
2025-10-17 14:43:29,927 [INFO] ============================================================
2025-10-17 14:43:29,927 [INFO] 
============================================================
2025-10-17 14:43:29,927 [INFO] TEST 1: Evaluations stored in idea objects
2025-10-17 14:43:29,927 [INFO] ============================================================
2025-10-17 14:43:34,014 [INFO] Created session: -ObkuB1HeLx9s5oVH7Rz
2025-10-17 14:43:34,015 [INFO] Sending idea message...
2025-10-17 14:43:36,328 [INFO] [SEND] Sending: I have an idea: the mentor betrays the hero because of jealo...
2025-10-17 14:44:11,690 [INFO] [DEEPSEEK] Response: <p>That's an interesting character motivation! I've reframed your idea as a 'How Might We' question to explore jealousy-driven betrayal. <strong>Progress:</strong> 1/3 HMWs - Need 2 more. What other a...
2025-10-17 14:44:11,690 [INFO] [BACKGROUND] Background processing indicated
2025-10-17 14:44:30,143 [WARNING] [RETRY] No ideas yet, attempt 1/3
2025-10-17 14:44:34,470 [WARNING] [RETRY] No ideas yet, attempt 2/3
2025-10-17 14:44:38,751 [WARNING] [RETRY] No ideas yet, attempt 3/3
2025-10-17 14:44:40,753 [ERROR] [FAIL] No ideas found after 3 retries
2025-10-17 14:44:40,753 [INFO] 
============================================================
2025-10-17 14:44:40,753 [INFO] TEST 2: check_progress reads evaluations from messages
2025-10-17 14:44:40,753 [INFO] ============================================================
2025-10-17 14:44:43,570 [INFO] Created session: -ObkuS07dbJzcwcbJT3u
2025-10-17 14:44:43,570 [INFO] Generating 3 ideas...
2025-10-17 14:44:45,878 [INFO] [SEND] Sending: Idea 1: The mentor's betrayal is driven by jealousy...
2025-10-17 14:45:26,266 [INFO] [DEEPSEEK] Response: <p>I see you're excited about the jealousy-driven betrayal idea! I've logged that for later. <strong>Progress:</strong> 1/3 HMWs - Need 2 more. Let's first frame this as a 'How Might We' question to e...
2025-10-17 14:45:26,266 [INFO] [BACKGROUND] Background processing indicated
2025-10-17 14:45:28,620 [DEBUG] [POLL] Ideas: 0/1
2025-10-17 14:45:31,405 [DEBUG] [POLL] Ideas: 0/1
2025-10-17 14:45:34,202 [DEBUG] [POLL] Ideas: 0/1
2025-10-17 14:45:37,021 [DEBUG] [POLL] Ideas: 1/1
2025-10-17 14:45:41,332 [INFO] [SEND] Sending: Idea 2: The mentor's betrayal is driven by duty to a higher ...
2025-10-17 14:46:14,183 [INFO] [DEEPSEEK] Response: <p>Interesting! A duty-driven betrayal adds moral complexity. I've logged this. <strong>Progress:</strong> 1/3 HMWs - Need 2 more. Let's frame this as a 'How Might We' question: 'How might we show the...
2025-10-17 14:46:14,184 [INFO] [BACKGROUND] Background processing indicated
2025-10-17 14:46:16,483 [DEBUG] [POLL] Ideas: 1/2
2025-10-17 14:46:19,270 [DEBUG] [POLL] Ideas: 2/2
2025-10-17 14:46:23,596 [INFO] [SEND] Sending: Idea 3: The mentor's betrayal is driven by love for someone ...
2025-10-17 14:46:58,700 [INFO] [DEEPSEEK] Response: <p>That's a powerful emotional twist - love driving the betrayal! I've logged this. <strong>Progress:</strong> 1/3 HMWs - Need 2 more. We have three character motivation ideas now. Let's frame some 'H...
2025-10-17 14:46:58,700 [INFO] [BACKGROUND] Background processing indicated
2025-10-17 14:47:01,035 [DEBUG] [POLL] Ideas: 3/3
2025-10-17 14:47:05,496 [INFO] Confirmed 3 ideas stored
2025-10-17 14:47:05,496 [INFO] Triggering check_progress...
2025-10-17 14:47:05,638 [INFO] [SEND] Sending: Can I move to the next stage? How are we doing on progress?...
2025-10-17 14:47:36,302 [INFO] [DEEPSEEK] Response: <p>Let me check our progress! <strong>Current Status:</strong> We have 1/3 HMW questions and 3 character motivation ideas. To advance from Clarify to Ideate, we need at least 3 distinct 'How Might We'...
2025-10-17 14:47:36,302 [INFO] [BACKGROUND] Background processing indicated
2025-10-17 14:47:38,304 [INFO] Response analysis:
2025-10-17 14:47:38,304 [INFO]   Mentions quality: False
2025-10-17 14:47:38,305 [INFO]   Mentions categories: False
2025-10-17 14:47:38,305 [INFO]   Mentions progress: True
2025-10-17 14:47:40,618 [INFO] Metadata state:
2025-10-17 14:47:40,619 [INFO]   Fluency score: Low
2025-10-17 14:47:40,619 [INFO]   Flexibility categories: ['Character']
2025-10-17 14:47:40,624 [INFO] 
============================================================
2025-10-17 14:47:40,625 [INFO] TEST 3: Ideas counted from metadata for transitions
2025-10-17 14:47:40,625 [INFO] ============================================================
2025-10-17 14:47:44,469 [INFO] Created session: -Obkv7vsQfIR3xMYwJQz
2025-10-17 14:47:44,469 [INFO] Setting up Ideate stage with HMWs...
2025-10-17 14:47:44,470 [INFO] [SEND] Sending: How might we make the betrayal surprising?...
2025-10-17 14:48:19,727 [INFO] [DEEPSEEK] Response: <p>Great start! 'How might we make the betrayal surprising?' focuses on reader expectations and plot twists. <strong>Progress:</strong> 1/3 HMWs - Need 2 more. What other angles could we explore about...
2025-10-17 14:48:19,727 [INFO] [BACKGROUND] Background processing indicated
2025-10-17 14:48:21,728 [INFO] [SEND] Sending: How might we foreshadow it subtly?...
2025-10-17 14:48:58,148 [INFO] [DEEPSEEK] Response: <p>Excellent! 'How might we foreshadow the betrayal subtly?' gives us a great technical angle on planting clues. <strong>Progress:</strong> 2/3 HMWs - Need 1 more. What's one more way we could frame t...
2025-10-17 14:48:58,149 [INFO] [BACKGROUND] Background processing indicated
2025-10-17 14:49:00,150 [INFO] [SEND] Sending: How might we show the mentor's conflict?...
2025-10-17 14:49:31,217 [INFO] [BACKGROUND] Background processing indicated
2025-10-17 14:49:43,961 [WARNING] [WARN] Not in Ideate stage, but continuing...
2025-10-17 14:49:43,962 [INFO] Generating 5 diverse ideas...
2025-10-17 14:49:46,261 [INFO] [SEND] Sending: The mentor betrays due to jealousy (character motivation)...
2025-10-17 14:50:25,413 [INFO] [DEEPSEEK] Response: <p>Great start! Jealousy is a powerful motivation that could make the betrayal both surprising and emotionally resonant. <strong>Progress:</strong> 1/5 ideas, 1 category (Character) - Need: 4 more ide...
2025-10-17 14:50:25,413 [INFO] [BACKGROUND] Background processing indicated
2025-10-17 14:50:27,995 [DEBUG] [POLL] Ideas: 0/1
2025-10-17 14:50:31,307 [DEBUG] [POLL] Ideas: 1/1
2025-10-17 14:50:35,616 [INFO] [SEND] Sending: The villain offers the mentor a deal (plot twist)...
2025-10-17 14:51:07,211 [INFO] [DEEPSEEK] Response: <p>Interesting! A villain's deal creates immediate tension and raises stakes. <strong>Progress:</strong> 2/5 ideas, 2 categories (Character, Plot) - Need: 3 more ideas. What kind of deal might the vil...
2025-10-17 14:51:07,211 [INFO] [BACKGROUND] Background processing indicated
2025-10-17 14:51:09,542 [DEBUG] [POLL] Ideas: 2/2
2025-10-17 14:51:13,864 [INFO] [SEND] Sending: The betrayal happens in a sacred temple (setting)...
2025-10-17 14:51:47,422 [INFO] [DEEPSEEK] Response: <p>Excellent choice! A sacred temple adds powerful symbolism - the mentor violating sacred space makes the betrayal even more impactful. <strong>Progress:</strong> 3/5 ideas, 3 categories (Character, ...
2025-10-17 14:51:47,422 [INFO] [BACKGROUND] Background processing indicated
2025-10-17 14:51:49,758 [DEBUG] [POLL] Ideas: 3/3
2025-10-17 14:51:54,077 [INFO] [SEND] Sending: The mentor uses ancient magic to trap the hero (mechanics)...
2025-10-17 14:52:26,317 [INFO] [DEEPSEEK] Response: <p>Ancient magic adds a fascinating layer - the mentor using their knowledge against the hero creates great tension! <strong>Progress:</strong> 4/5 ideas, 4 categories (Character, Plot, Setting, Mecha...
2025-10-17 14:52:26,317 [INFO] [BACKGROUND] Background processing indicated
2025-10-17 14:52:28,638 [DEBUG] [POLL] Ideas: 4/4
2025-10-17 14:52:32,950 [INFO] [SEND] Sending: The betrayal reveals a prophecy about the hero (theme)...
2025-10-17 14:53:06,630 [INFO] [DEEPSEEK] Response: <p>Excellent! The prophecy revelation adds profound thematic depth - the betrayal serving a higher purpose creates wonderful complexity. <strong>Progress:</strong> 5/5 ideas, 5 categories (Character, ...
2025-10-17 14:53:06,632 [INFO] [BACKGROUND] Background processing indicated
2025-10-17 14:53:08,945 [DEBUG] [POLL] Ideas: 4/5
2025-10-17 14:53:11,893 [DEBUG] [POLL] Ideas: 5/5
2025-10-17 14:53:16,188 [INFO] Final state: 5 ideas, 5 categories
2025-10-17 14:53:16,188 [INFO] Categories: ['Theme', 'Character', 'Mechanic', 'Plot', 'Setting']
2025-10-17 14:53:16,189 [INFO] Requesting stage advancement...
2025-10-17 14:53:16,189 [INFO] [SEND] Sending: I think I have enough ideas now. Can we move to developing t...
2025-10-17 14:53:54,955 [INFO] [DEEPSEEK] Response: <p>Perfect! You're absolutely right - we have a rich collection of 5 betrayal ideas spanning character motivation, plot structure, symbolic setting, magical mechanics, and thematic depth. <strong>We'v...
2025-10-17 14:53:57,284 [INFO] 
============================================================
2025-10-17 14:53:57,284 [INFO] TEST 4: Metadata attached to DeepSeek messages
2025-10-17 14:53:57,285 [INFO] ============================================================
2025-10-17 14:54:00,557 [INFO] Created session: -ObkwZtCmCNTzsPL4vB0
2025-10-17 14:54:00,557 [INFO] Building context...
2025-10-17 14:54:00,558 [INFO] [SEND] Sending: How might we make the betrayal surprising?...
2025-10-17 14:54:36,730 [INFO] [DEEPSEEK] Response: <p>Great start! 'How might we make the betrayal surprising?' focuses on the emotional impact of the reveal. <strong>Progress:</strong> 1/3 HMWs - Need 2 more. What other angles could we explore about ...
2025-10-17 14:54:36,730 [INFO] [BACKGROUND] Background processing indicated
2025-10-17 14:54:41,022 [INFO] [SEND] Sending: The mentor could be under mind control...
2025-10-17 14:55:18,861 [INFO] [DEEPSEEK] Response: <p>Interesting! Mind control adds a compelling twist - I've logged that idea and reframed it as 'How might we explore the mentor's lack of agency in the betrayal?' <strong>Progress:</strong> 2/3 HMWs ...
2025-10-17 14:55:18,861 [INFO] [BACKGROUND] Background processing indicated
2025-10-17 14:55:36,058 [INFO] Context built: 2 HMWs, 1 ideas
2025-10-17 14:55:36,059 [INFO] Testing context awareness...
2025-10-17 14:55:36,059 [INFO] [SEND] Sending: What stage am I in and what have we discussed so far?...
2025-10-17 14:56:06,498 [INFO] [DEEPSEEK] Response: <p>You're currently in the <strong>Clarify</strong> stage, where we're framing the problem before brainstorming solutions.</p>
<p><strong>What we've discussed so far:</strong>
- We have 2 "How Might W...
2025-10-17 14:56:06,505 [INFO] Context awareness indicators:
2025-10-17 14:56:06,505 [INFO]   Stage: True
2025-10-17 14:56:06,505 [INFO]   HMW: True
2025-10-17 14:56:06,506 [INFO]   Ideas: True
2025-10-17 14:56:06,506 [INFO]   Betrayal topic: True
2025-10-17 14:56:06,509 [INFO] 
============================================================
2025-10-17 14:56:06,509 [INFO] TEST 5: DeepSeek stage switching behavior
2025-10-17 14:56:06,509 [INFO] ============================================================
2025-10-17 14:56:09,356 [INFO] Created session: -Obkx3Qg0N204f3BUqbb
2025-10-17 14:56:09,356 [INFO] Generating 3+ HMWs...
2025-10-17 14:56:09,357 [INFO] [SEND] Sending: How might we make the betrayal feel earned?...
2025-10-17 14:56:42,850 [INFO] [DEEPSEEK] Response: <p>Great start! 'How might we make the betrayal feel earned?' focuses on narrative credibility - ensuring the betrayal doesn't feel forced or out-of-character. <strong>Progress:</strong> 1/3 HMWs - Ne...
2025-10-17 14:56:42,850 [INFO] [BACKGROUND] Background processing indicated
2025-10-17 14:56:44,851 [INFO] [SEND] Sending: How might we foreshadow the betrayal subtly?...
2025-10-17 14:57:15,612 [INFO] [DEEPSEEK] Response: <p>Excellent! 'How might we foreshadow the betrayal subtly?' adds the crucial element of planting clues that readers can recognize in hindsight. <strong>Progress:</strong> 2/3 HMWs - Just need one mor...
2025-10-17 14:57:15,613 [INFO] [BACKGROUND] Background processing indicated
2025-10-17 14:57:17,614 [INFO] [SEND] Sending: How might we show the mentor's internal conflict?...
2025-10-17 14:57:47,742 [INFO] [BACKGROUND] Background processing indicated
2025-10-17 14:57:52,048 [DEBUG] [POLL] Stage: Clarify, HMWs: 3
2025-10-17 14:57:55,141 [DEBUG] [POLL] Stage: Clarify, HMWs: 3
2025-10-17 14:57:57,948 [DEBUG] [POLL] Stage: Clarify, HMWs: 3
2025-10-17 14:58:00,492 [DEBUG] [POLL] Stage: Clarify, HMWs: 3
2025-10-17 14:58:03,300 [DEBUG] [POLL] Stage: Clarify, HMWs: 3
2025-10-17 14:58:05,867 [DEBUG] [POLL] Stage: Clarify, HMWs: 3
2025-10-17 14:58:06,371 [WARNING] [WARN] Auto-switch didn't trigger, trying explicit prompt...
2025-10-17 14:58:06,372 [INFO] [SEND] Sending: I think we have enough HMW questions. Let's move to brainsto...
2025-10-17 14:58:44,301 [INFO] 
============================================================
2025-10-17 14:58:44,301 [INFO] DIAGNOSTIC RESULTS
2025-10-17 14:58:44,301 [INFO] ============================================================
2025-10-17 14:58:44,315 [INFO] 
Score: 4/5 diagnostics passed
2025-10-17 15:16:25,675 [INFO] 
============================================================
2025-10-17 15:16:25,676 [INFO] CPS FLOW DIAGNOSTICS - Race Condition Fixed
2025-10-17 15:16:25,677 [INFO] ============================================================
2025-10-17 15:16:25,677 [INFO] 
============================================================
2025-10-17 15:16:25,677 [INFO] TEST 1: Evaluations stored in idea objects
2025-10-17 15:16:25,678 [INFO] ============================================================
2025-10-17 15:16:28,968 [INFO] Created session: -Obl0iABIu0RHxpeE7jQ
2025-10-17 15:16:28,968 [INFO] Sending idea message...
2025-10-17 15:16:31,270 [INFO] [SEND] Sending: I have an idea: the mentor betrays the hero because of jealo...
2025-10-17 15:17:31,274 [ERROR] [FAIL] ERROR: HTTPConnectionPool(host='10.163.5.251', port=5002): Read timed out. (read timeout=60)
2025-10-17 15:17:31,287 [ERROR] Traceback (most recent call last):
  File "C:\Python311\Lib\site-packages\urllib3\connectionpool.py", line 449, in _make_request
    six.raise_from(e, None)
  File "<string>", line 3, in raise_from
  File "C:\Python311\Lib\site-packages\urllib3\connectionpool.py", line 444, in _make_request
    httplib_response = conn.getresponse()
                       ^^^^^^^^^^^^^^^^^^
  File "C:\Python311\Lib\http\client.py", line 1374, in getresponse
    response.begin()
  File "C:\Python311\Lib\http\client.py", line 318, in begin
    version, status, reason = self._read_status()
                              ^^^^^^^^^^^^^^^^^^^
  File "C:\Python311\Lib\http\client.py", line 279, in _read_status
    line = str(self.fp.readline(_MAXLINE + 1), "iso-8859-1")
               ^^^^^^^^^^^^^^^^^^^^^^^^^^^^^^
  File "C:\Python311\Lib\socket.py", line 705, in readinto
    return self._sock.recv_into(b)
           ^^^^^^^^^^^^^^^^^^^^^^^
TimeoutError: timed out

During handling of the above exception, another exception occurred:

Traceback (most recent call last):
  File "C:\Python311\Lib\site-packages\requests\adapters.py", line 489, in send
    resp = conn.urlopen(
           ^^^^^^^^^^^^^
  File "C:\Python311\Lib\site-packages\urllib3\connectionpool.py", line 787, in urlopen
    retries = retries.increment(
              ^^^^^^^^^^^^^^^^^^
  File "C:\Python311\Lib\site-packages\urllib3\util\retry.py", line 550, in increment
    raise six.reraise(type(error), error, _stacktrace)
          ^^^^^^^^^^^^^^^^^^^^^^^^^^^^^^^^^^^^^^^^^^^^
  File "C:\Python311\Lib\site-packages\urllib3\packages\six.py", line 770, in reraise
    raise value
  File "C:\Python311\Lib\site-packages\urllib3\connectionpool.py", line 703, in urlopen
    httplib_response = self._make_request(
                       ^^^^^^^^^^^^^^^^^^^
  File "C:\Python311\Lib\site-packages\urllib3\connectionpool.py", line 451, in _make_request
    self._raise_timeout(err=e, url=url, timeout_value=read_timeout)
  File "C:\Python311\Lib\site-packages\urllib3\connectionpool.py", line 340, in _raise_timeout
    raise ReadTimeoutError(
urllib3.exceptions.ReadTimeoutError: HTTPConnectionPool(host='10.163.5.251', port=5002): Read timed out. (read timeout=60)

During handling of the above exception, another exception occurred:

Traceback (most recent call last):
  File "C:\Users\soren\OneDrive\Documents\GitHub\GuidedCreativePlanning\backend\servers\utils\test_cps_diagnostics.py", line 221, in test_1_evaluations_in_ideas
    send_message_and_wait(
  File "C:\Users\soren\OneDrive\Documents\GitHub\GuidedCreativePlanning\backend\servers\utils\test_cps_diagnostics.py", line 151, in send_message_and_wait
    r = requests.post(
        ^^^^^^^^^^^^^^
  File "C:\Python311\Lib\site-packages\requests\api.py", line 115, in post
    return request("post", url, data=data, json=json, **kwargs)
           ^^^^^^^^^^^^^^^^^^^^^^^^^^^^^^^^^^^^^^^^^^^^^^^^^^^^
  File "C:\Python311\Lib\site-packages\requests\api.py", line 59, in request
    return session.request(method=method, url=url, **kwargs)
           ^^^^^^^^^^^^^^^^^^^^^^^^^^^^^^^^^^^^^^^^^^^^^^^^^
  File "C:\Python311\Lib\site-packages\requests\sessions.py", line 587, in request
    resp = self.send(prep, **send_kwargs)
           ^^^^^^^^^^^^^^^^^^^^^^^^^^^^^^
  File "C:\Python311\Lib\site-packages\requests\sessions.py", line 701, in send
    r = adapter.send(request, **kwargs)
        ^^^^^^^^^^^^^^^^^^^^^^^^^^^^^^^
  File "C:\Python311\Lib\site-packages\requests\adapters.py", line 578, in send
    raise ReadTimeout(e, request=request)
requests.exceptions.ReadTimeout: HTTPConnectionPool(host='10.163.5.251', port=5002): Read timed out. (read timeout=60)

2025-10-17 15:17:31,288 [INFO] 
============================================================
2025-10-17 15:17:31,288 [INFO] TEST 2: check_progress reads evaluations from messages
2025-10-17 15:17:31,288 [INFO] ============================================================
2025-10-17 15:17:34,087 [INFO] Created session: -Obl0y4WrO0CNYaKzutM
2025-10-17 15:17:34,087 [INFO] Generating 3 ideas...
2025-10-17 15:17:36,407 [INFO] [SEND] Sending: Idea 1: The mentor's betrayal is driven by jealousy...
2025-10-17 15:18:36,425 [ERROR] [FAIL] ERROR: HTTPConnectionPool(host='10.163.5.251', port=5002): Read timed out. (read timeout=60)
2025-10-17 15:18:36,427 [ERROR] Traceback (most recent call last):
  File "C:\Python311\Lib\site-packages\urllib3\connectionpool.py", line 449, in _make_request
    six.raise_from(e, None)
  File "<string>", line 3, in raise_from
  File "C:\Python311\Lib\site-packages\urllib3\connectionpool.py", line 444, in _make_request
    httplib_response = conn.getresponse()
                       ^^^^^^^^^^^^^^^^^^
  File "C:\Python311\Lib\http\client.py", line 1374, in getresponse
    response.begin()
  File "C:\Python311\Lib\http\client.py", line 318, in begin
    version, status, reason = self._read_status()
                              ^^^^^^^^^^^^^^^^^^^
  File "C:\Python311\Lib\http\client.py", line 279, in _read_status
    line = str(self.fp.readline(_MAXLINE + 1), "iso-8859-1")
               ^^^^^^^^^^^^^^^^^^^^^^^^^^^^^^
  File "C:\Python311\Lib\socket.py", line 705, in readinto
    return self._sock.recv_into(b)
           ^^^^^^^^^^^^^^^^^^^^^^^
TimeoutError: timed out

During handling of the above exception, another exception occurred:

Traceback (most recent call last):
  File "C:\Python311\Lib\site-packages\requests\adapters.py", line 489, in send
    resp = conn.urlopen(
           ^^^^^^^^^^^^^
  File "C:\Python311\Lib\site-packages\urllib3\connectionpool.py", line 787, in urlopen
    retries = retries.increment(
              ^^^^^^^^^^^^^^^^^^
  File "C:\Python311\Lib\site-packages\urllib3\util\retry.py", line 550, in increment
    raise six.reraise(type(error), error, _stacktrace)
          ^^^^^^^^^^^^^^^^^^^^^^^^^^^^^^^^^^^^^^^^^^^^
  File "C:\Python311\Lib\site-packages\urllib3\packages\six.py", line 770, in reraise
    raise value
  File "C:\Python311\Lib\site-packages\urllib3\connectionpool.py", line 703, in urlopen
    httplib_response = self._make_request(
                       ^^^^^^^^^^^^^^^^^^^
  File "C:\Python311\Lib\site-packages\urllib3\connectionpool.py", line 451, in _make_request
    self._raise_timeout(err=e, url=url, timeout_value=read_timeout)
  File "C:\Python311\Lib\site-packages\urllib3\connectionpool.py", line 340, in _raise_timeout
    raise ReadTimeoutError(
urllib3.exceptions.ReadTimeoutError: HTTPConnectionPool(host='10.163.5.251', port=5002): Read timed out. (read timeout=60)

During handling of the above exception, another exception occurred:

Traceback (most recent call last):
  File "C:\Users\soren\OneDrive\Documents\GitHub\GuidedCreativePlanning\backend\servers\utils\test_cps_diagnostics.py", line 308, in test_2_check_progress_reads_evaluations
    send_message_and_wait(
  File "C:\Users\soren\OneDrive\Documents\GitHub\GuidedCreativePlanning\backend\servers\utils\test_cps_diagnostics.py", line 151, in send_message_and_wait
    r = requests.post(
        ^^^^^^^^^^^^^^
  File "C:\Python311\Lib\site-packages\requests\api.py", line 115, in post
    return request("post", url, data=data, json=json, **kwargs)
           ^^^^^^^^^^^^^^^^^^^^^^^^^^^^^^^^^^^^^^^^^^^^^^^^^^^^
  File "C:\Python311\Lib\site-packages\requests\api.py", line 59, in request
    return session.request(method=method, url=url, **kwargs)
           ^^^^^^^^^^^^^^^^^^^^^^^^^^^^^^^^^^^^^^^^^^^^^^^^^
  File "C:\Python311\Lib\site-packages\requests\sessions.py", line 587, in request
    resp = self.send(prep, **send_kwargs)
           ^^^^^^^^^^^^^^^^^^^^^^^^^^^^^^
  File "C:\Python311\Lib\site-packages\requests\sessions.py", line 701, in send
    r = adapter.send(request, **kwargs)
        ^^^^^^^^^^^^^^^^^^^^^^^^^^^^^^^
  File "C:\Python311\Lib\site-packages\requests\adapters.py", line 578, in send
    raise ReadTimeout(e, request=request)
requests.exceptions.ReadTimeout: HTTPConnectionPool(host='10.163.5.251', port=5002): Read timed out. (read timeout=60)

2025-10-17 15:18:36,427 [INFO] 
============================================================
2025-10-17 15:18:36,427 [INFO] TEST 3: Ideas counted from metadata for transitions
2025-10-17 15:18:36,427 [INFO] ============================================================
2025-10-17 15:18:39,203 [INFO] Created session: -Obl1CzFcrPNdNBk4g40
2025-10-17 15:18:39,203 [INFO] Setting up Ideate stage with HMWs...
2025-10-17 15:18:39,203 [INFO] [SEND] Sending: How might we make the betrayal surprising?...
2025-10-17 15:19:23,327 [INFO] [DEEPSEEK] Response: <p>Great start! 'How might we make the betrayal surprising?' focuses on the element of surprise. <strong>Progress:</strong> 1/3 HMWs - Need 2 more. What other angles could we explore about this betray...
2025-10-17 15:19:23,327 [INFO] [SEND] Sending: How might we foreshadow it subtly?...
2025-10-17 15:19:25,744 [ERROR] [FAIL] ERROR: ('Connection aborted.', ConnectionResetError(10054, 'An existing connection was forcibly closed by the remote host', None, 10054, None))
2025-10-17 15:19:25,748 [ERROR] Traceback (most recent call last):
  File "C:\Python311\Lib\site-packages\urllib3\connectionpool.py", line 703, in urlopen
    httplib_response = self._make_request(
                       ^^^^^^^^^^^^^^^^^^^
  File "C:\Python311\Lib\site-packages\urllib3\connectionpool.py", line 449, in _make_request
    six.raise_from(e, None)
  File "<string>", line 3, in raise_from
  File "C:\Python311\Lib\site-packages\urllib3\connectionpool.py", line 444, in _make_request
    httplib_response = conn.getresponse()
                       ^^^^^^^^^^^^^^^^^^
  File "C:\Python311\Lib\http\client.py", line 1374, in getresponse
    response.begin()
  File "C:\Python311\Lib\http\client.py", line 318, in begin
    version, status, reason = self._read_status()
                              ^^^^^^^^^^^^^^^^^^^
  File "C:\Python311\Lib\http\client.py", line 279, in _read_status
    line = str(self.fp.readline(_MAXLINE + 1), "iso-8859-1")
               ^^^^^^^^^^^^^^^^^^^^^^^^^^^^^^
  File "C:\Python311\Lib\socket.py", line 705, in readinto
    return self._sock.recv_into(b)
           ^^^^^^^^^^^^^^^^^^^^^^^
ConnectionResetError: [WinError 10054] An existing connection was forcibly closed by the remote host

During handling of the above exception, another exception occurred:

Traceback (most recent call last):
  File "C:\Python311\Lib\site-packages\requests\adapters.py", line 489, in send
    resp = conn.urlopen(
           ^^^^^^^^^^^^^
  File "C:\Python311\Lib\site-packages\urllib3\connectionpool.py", line 787, in urlopen
    retries = retries.increment(
              ^^^^^^^^^^^^^^^^^^
  File "C:\Python311\Lib\site-packages\urllib3\util\retry.py", line 550, in increment
    raise six.reraise(type(error), error, _stacktrace)
          ^^^^^^^^^^^^^^^^^^^^^^^^^^^^^^^^^^^^^^^^^^^^
  File "C:\Python311\Lib\site-packages\urllib3\packages\six.py", line 769, in reraise
    raise value.with_traceback(tb)
  File "C:\Python311\Lib\site-packages\urllib3\connectionpool.py", line 703, in urlopen
    httplib_response = self._make_request(
                       ^^^^^^^^^^^^^^^^^^^
  File "C:\Python311\Lib\site-packages\urllib3\connectionpool.py", line 449, in _make_request
    six.raise_from(e, None)
  File "<string>", line 3, in raise_from
  File "C:\Python311\Lib\site-packages\urllib3\connectionpool.py", line 444, in _make_request
    httplib_response = conn.getresponse()
                       ^^^^^^^^^^^^^^^^^^
  File "C:\Python311\Lib\http\client.py", line 1374, in getresponse
    response.begin()
  File "C:\Python311\Lib\http\client.py", line 318, in begin
    version, status, reason = self._read_status()
                              ^^^^^^^^^^^^^^^^^^^
  File "C:\Python311\Lib\http\client.py", line 279, in _read_status
    line = str(self.fp.readline(_MAXLINE + 1), "iso-8859-1")
               ^^^^^^^^^^^^^^^^^^^^^^^^^^^^^^
  File "C:\Python311\Lib\socket.py", line 705, in readinto
    return self._sock.recv_into(b)
           ^^^^^^^^^^^^^^^^^^^^^^^
urllib3.exceptions.ProtocolError: ('Connection aborted.', ConnectionResetError(10054, 'An existing connection was forcibly closed by the remote host', None, 10054, None))

During handling of the above exception, another exception occurred:

Traceback (most recent call last):
  File "C:\Users\soren\OneDrive\Documents\GitHub\GuidedCreativePlanning\backend\servers\utils\test_cps_diagnostics.py", line 390, in test_3_ideas_counted_from_metadata
    send_message_and_wait(session_id, msg)
  File "C:\Users\soren\OneDrive\Documents\GitHub\GuidedCreativePlanning\backend\servers\utils\test_cps_diagnostics.py", line 151, in send_message_and_wait
    r = requests.post(
        ^^^^^^^^^^^^^^
  File "C:\Python311\Lib\site-packages\requests\api.py", line 115, in post
    return request("post", url, data=data, json=json, **kwargs)
           ^^^^^^^^^^^^^^^^^^^^^^^^^^^^^^^^^^^^^^^^^^^^^^^^^^^^
  File "C:\Python311\Lib\site-packages\requests\api.py", line 59, in request
    return session.request(method=method, url=url, **kwargs)
           ^^^^^^^^^^^^^^^^^^^^^^^^^^^^^^^^^^^^^^^^^^^^^^^^^
  File "C:\Python311\Lib\site-packages\requests\sessions.py", line 587, in request
    resp = self.send(prep, **send_kwargs)
           ^^^^^^^^^^^^^^^^^^^^^^^^^^^^^^
  File "C:\Python311\Lib\site-packages\requests\sessions.py", line 701, in send
    r = adapter.send(request, **kwargs)
        ^^^^^^^^^^^^^^^^^^^^^^^^^^^^^^^
  File "C:\Python311\Lib\site-packages\requests\adapters.py", line 547, in send
    raise ConnectionError(err, request=request)
requests.exceptions.ConnectionError: ('Connection aborted.', ConnectionResetError(10054, 'An existing connection was forcibly closed by the remote host', None, 10054, None))

2025-10-17 15:19:25,748 [INFO] 
============================================================
2025-10-17 15:19:25,749 [INFO] TEST 4: Metadata attached to DeepSeek messages
2025-10-17 15:19:25,749 [INFO] ============================================================
2025-10-17 15:19:28,549 [INFO] Created session: -Obl1P0tecXXpROFpYhu
2025-10-17 15:19:28,549 [INFO] Building context...
2025-10-17 15:19:28,549 [INFO] [SEND] Sending: How might we make the betrayal surprising?...
2025-10-17 15:19:30,574 [ERROR] [FAIL] ERROR: HTTPConnectionPool(host='10.163.5.251', port=5002): Max retries exceeded with url: /chat (Caused by NewConnectionError('<urllib3.connection.HTTPConnection object at 0x000001C0FE0F3C90>: Failed to establish a new connection: [WinError 10061] No connection could be made because the target machine actively refused it'))
2025-10-17 15:19:30,579 [ERROR] Traceback (most recent call last):
  File "C:\Python311\Lib\site-packages\urllib3\connection.py", line 174, in _new_conn
    conn = connection.create_connection(
           ^^^^^^^^^^^^^^^^^^^^^^^^^^^^^
  File "C:\Python311\Lib\site-packages\urllib3\util\connection.py", line 95, in create_connection
    raise err
  File "C:\Python311\Lib\site-packages\urllib3\util\connection.py", line 85, in create_connection
    sock.connect(sa)
ConnectionRefusedError: [WinError 10061] No connection could be made because the target machine actively refused it

During handling of the above exception, another exception occurred:

Traceback (most recent call last):
  File "C:\Python311\Lib\site-packages\urllib3\connectionpool.py", line 703, in urlopen
    httplib_response = self._make_request(
                       ^^^^^^^^^^^^^^^^^^^
  File "C:\Python311\Lib\site-packages\urllib3\connectionpool.py", line 398, in _make_request
    conn.request(method, url, **httplib_request_kw)
  File "C:\Python311\Lib\site-packages\urllib3\connection.py", line 239, in request
    super(HTTPConnection, self).request(method, url, body=body, headers=headers)
  File "C:\Python311\Lib\http\client.py", line 1282, in request
    self._send_request(method, url, body, headers, encode_chunked)
  File "C:\Python311\Lib\http\client.py", line 1328, in _send_request
    self.endheaders(body, encode_chunked=encode_chunked)
  File "C:\Python311\Lib\http\client.py", line 1277, in endheaders
    self._send_output(message_body, encode_chunked=encode_chunked)
  File "C:\Python311\Lib\http\client.py", line 1037, in _send_output
    self.send(msg)
  File "C:\Python311\Lib\http\client.py", line 975, in send
    self.connect()
  File "C:\Python311\Lib\site-packages\urllib3\connection.py", line 205, in connect
    conn = self._new_conn()
           ^^^^^^^^^^^^^^^^
  File "C:\Python311\Lib\site-packages\urllib3\connection.py", line 186, in _new_conn
    raise NewConnectionError(
urllib3.exceptions.NewConnectionError: <urllib3.connection.HTTPConnection object at 0x000001C0FE0F3C90>: Failed to establish a new connection: [WinError 10061] No connection could be made because the target machine actively refused it

During handling of the above exception, another exception occurred:

Traceback (most recent call last):
  File "C:\Python311\Lib\site-packages\requests\adapters.py", line 489, in send
    resp = conn.urlopen(
           ^^^^^^^^^^^^^
  File "C:\Python311\Lib\site-packages\urllib3\connectionpool.py", line 787, in urlopen
    retries = retries.increment(
              ^^^^^^^^^^^^^^^^^^
  File "C:\Python311\Lib\site-packages\urllib3\util\retry.py", line 592, in increment
    raise MaxRetryError(_pool, url, error or ResponseError(cause))
urllib3.exceptions.MaxRetryError: HTTPConnectionPool(host='10.163.5.251', port=5002): Max retries exceeded with url: /chat (Caused by NewConnectionError('<urllib3.connection.HTTPConnection object at 0x000001C0FE0F3C90>: Failed to establish a new connection: [WinError 10061] No connection could be made because the target machine actively refused it'))

During handling of the above exception, another exception occurred:

Traceback (most recent call last):
  File "C:\Users\soren\OneDrive\Documents\GitHub\GuidedCreativePlanning\backend\servers\utils\test_cps_diagnostics.py", line 494, in test_4_metadata_attached_to_deepseek
    send_message_and_wait(
  File "C:\Users\soren\OneDrive\Documents\GitHub\GuidedCreativePlanning\backend\servers\utils\test_cps_diagnostics.py", line 151, in send_message_and_wait
    r = requests.post(
        ^^^^^^^^^^^^^^
  File "C:\Python311\Lib\site-packages\requests\api.py", line 115, in post
    return request("post", url, data=data, json=json, **kwargs)
           ^^^^^^^^^^^^^^^^^^^^^^^^^^^^^^^^^^^^^^^^^^^^^^^^^^^^
  File "C:\Python311\Lib\site-packages\requests\api.py", line 59, in request
    return session.request(method=method, url=url, **kwargs)
           ^^^^^^^^^^^^^^^^^^^^^^^^^^^^^^^^^^^^^^^^^^^^^^^^^
  File "C:\Python311\Lib\site-packages\requests\sessions.py", line 587, in request
    resp = self.send(prep, **send_kwargs)
           ^^^^^^^^^^^^^^^^^^^^^^^^^^^^^^
  File "C:\Python311\Lib\site-packages\requests\sessions.py", line 701, in send
    r = adapter.send(request, **kwargs)
        ^^^^^^^^^^^^^^^^^^^^^^^^^^^^^^^
  File "C:\Python311\Lib\site-packages\requests\adapters.py", line 565, in send
    raise ConnectionError(e, request=request)
requests.exceptions.ConnectionError: HTTPConnectionPool(host='10.163.5.251', port=5002): Max retries exceeded with url: /chat (Caused by NewConnectionError('<urllib3.connection.HTTPConnection object at 0x000001C0FE0F3C90>: Failed to establish a new connection: [WinError 10061] No connection could be made because the target machine actively refused it'))

2025-10-17 15:19:30,580 [INFO] 
============================================================
2025-10-17 15:19:30,580 [INFO] TEST 5: DeepSeek stage switching behavior
2025-10-17 15:19:30,580 [INFO] ============================================================
2025-10-17 15:19:33,399 [INFO] Created session: -Obl1QChEIh8BfKW00ia
2025-10-17 15:19:33,400 [INFO] Generating 3+ HMWs...
2025-10-17 15:19:33,400 [INFO] [SEND] Sending: How might we make the betrayal feel earned?...
2025-10-17 15:19:35,432 [ERROR] [FAIL] ERROR: HTTPConnectionPool(host='10.163.5.251', port=5002): Max retries exceeded with url: /chat (Caused by NewConnectionError('<urllib3.connection.HTTPConnection object at 0x000001C0FE0F6D50>: Failed to establish a new connection: [WinError 10061] No connection could be made because the target machine actively refused it'))
2025-10-17 15:19:35,434 [ERROR] Traceback (most recent call last):
  File "C:\Python311\Lib\site-packages\urllib3\connection.py", line 174, in _new_conn
    conn = connection.create_connection(
           ^^^^^^^^^^^^^^^^^^^^^^^^^^^^^
  File "C:\Python311\Lib\site-packages\urllib3\util\connection.py", line 95, in create_connection
    raise err
  File "C:\Python311\Lib\site-packages\urllib3\util\connection.py", line 85, in create_connection
    sock.connect(sa)
ConnectionRefusedError: [WinError 10061] No connection could be made because the target machine actively refused it

During handling of the above exception, another exception occurred:

Traceback (most recent call last):
  File "C:\Python311\Lib\site-packages\urllib3\connectionpool.py", line 703, in urlopen
    httplib_response = self._make_request(
                       ^^^^^^^^^^^^^^^^^^^
  File "C:\Python311\Lib\site-packages\urllib3\connectionpool.py", line 398, in _make_request
    conn.request(method, url, **httplib_request_kw)
  File "C:\Python311\Lib\site-packages\urllib3\connection.py", line 239, in request
    super(HTTPConnection, self).request(method, url, body=body, headers=headers)
  File "C:\Python311\Lib\http\client.py", line 1282, in request
    self._send_request(method, url, body, headers, encode_chunked)
  File "C:\Python311\Lib\http\client.py", line 1328, in _send_request
    self.endheaders(body, encode_chunked=encode_chunked)
  File "C:\Python311\Lib\http\client.py", line 1277, in endheaders
    self._send_output(message_body, encode_chunked=encode_chunked)
  File "C:\Python311\Lib\http\client.py", line 1037, in _send_output
    self.send(msg)
  File "C:\Python311\Lib\http\client.py", line 975, in send
    self.connect()
  File "C:\Python311\Lib\site-packages\urllib3\connection.py", line 205, in connect
    conn = self._new_conn()
           ^^^^^^^^^^^^^^^^
  File "C:\Python311\Lib\site-packages\urllib3\connection.py", line 186, in _new_conn
    raise NewConnectionError(
urllib3.exceptions.NewConnectionError: <urllib3.connection.HTTPConnection object at 0x000001C0FE0F6D50>: Failed to establish a new connection: [WinError 10061] No connection could be made because the target machine actively refused it

During handling of the above exception, another exception occurred:

Traceback (most recent call last):
  File "C:\Python311\Lib\site-packages\requests\adapters.py", line 489, in send
    resp = conn.urlopen(
           ^^^^^^^^^^^^^
  File "C:\Python311\Lib\site-packages\urllib3\connectionpool.py", line 787, in urlopen
    retries = retries.increment(
              ^^^^^^^^^^^^^^^^^^
  File "C:\Python311\Lib\site-packages\urllib3\util\retry.py", line 592, in increment
    raise MaxRetryError(_pool, url, error or ResponseError(cause))
urllib3.exceptions.MaxRetryError: HTTPConnectionPool(host='10.163.5.251', port=5002): Max retries exceeded with url: /chat (Caused by NewConnectionError('<urllib3.connection.HTTPConnection object at 0x000001C0FE0F6D50>: Failed to establish a new connection: [WinError 10061] No connection could be made because the target machine actively refused it'))

During handling of the above exception, another exception occurred:

Traceback (most recent call last):
  File "C:\Users\soren\OneDrive\Documents\GitHub\GuidedCreativePlanning\backend\servers\utils\test_cps_diagnostics.py", line 572, in test_5_deepseek_stage_switching
    send_message_and_wait(session_id, msg)
  File "C:\Users\soren\OneDrive\Documents\GitHub\GuidedCreativePlanning\backend\servers\utils\test_cps_diagnostics.py", line 151, in send_message_and_wait
    r = requests.post(
        ^^^^^^^^^^^^^^
  File "C:\Python311\Lib\site-packages\requests\api.py", line 115, in post
    return request("post", url, data=data, json=json, **kwargs)
           ^^^^^^^^^^^^^^^^^^^^^^^^^^^^^^^^^^^^^^^^^^^^^^^^^^^^
  File "C:\Python311\Lib\site-packages\requests\api.py", line 59, in request
    return session.request(method=method, url=url, **kwargs)
           ^^^^^^^^^^^^^^^^^^^^^^^^^^^^^^^^^^^^^^^^^^^^^^^^^
  File "C:\Python311\Lib\site-packages\requests\sessions.py", line 587, in request
    resp = self.send(prep, **send_kwargs)
           ^^^^^^^^^^^^^^^^^^^^^^^^^^^^^^
  File "C:\Python311\Lib\site-packages\requests\sessions.py", line 701, in send
    r = adapter.send(request, **kwargs)
        ^^^^^^^^^^^^^^^^^^^^^^^^^^^^^^^
  File "C:\Python311\Lib\site-packages\requests\adapters.py", line 565, in send
    raise ConnectionError(e, request=request)
requests.exceptions.ConnectionError: HTTPConnectionPool(host='10.163.5.251', port=5002): Max retries exceeded with url: /chat (Caused by NewConnectionError('<urllib3.connection.HTTPConnection object at 0x000001C0FE0F6D50>: Failed to establish a new connection: [WinError 10061] No connection could be made because the target machine actively refused it'))

2025-10-17 15:19:35,434 [INFO] 
============================================================
2025-10-17 15:19:35,434 [INFO] DIAGNOSTIC RESULTS
2025-10-17 15:19:35,434 [INFO] ============================================================
2025-10-17 15:19:35,445 [INFO] 
Score: 0/5 diagnostics passed
2025-10-17 15:21:13,887 [INFO] 
============================================================
2025-10-17 15:21:13,897 [INFO] CPS FLOW DIAGNOSTICS - Race Condition Fixed
2025-10-17 15:21:13,897 [INFO] ============================================================
2025-10-17 15:21:13,897 [INFO] 
============================================================
2025-10-17 15:21:13,897 [INFO] TEST 1: Evaluations stored in idea objects
2025-10-17 15:21:13,898 [INFO] ============================================================
2025-10-17 15:21:17,091 [INFO] Created session: -Obl1oWeqe-XHPrLuGUO
2025-10-17 15:21:17,091 [INFO] Sending idea message...
2025-10-17 15:21:19,383 [INFO] [SEND] Sending: I have an idea: the mentor betrays the hero because of jealo...
2025-10-17 15:22:19,291 [INFO] [DEEPSEEK] Response: <p>That's an interesting character-driven idea about jealousy! I've logged it for later. <strong>Progress:</strong> 0/3 HMWs - Need 3 more. Since we're still clarifying the problem, let's first frame ...
2025-10-17 15:22:26,190 [INFO] Found 1 ideas
2025-10-17 15:22:26,190 [INFO] Checking idea -Obl1yzsOVTotLNdJXmv: The mentor betrays the hero because of jealousy...
2025-10-17 15:22:26,196 [INFO]   Category: Character
2025-10-17 15:22:26,196 [INFO]   Elaboration: Low
2025-10-17 15:22:26,196 [INFO]   Originality: Low
2025-10-17 15:22:26,197 [INFO]   Reasoning: Logged for later evaluation in Develop stage...
2025-10-17 15:22:26,199 [INFO] 
============================================================
2025-10-17 15:22:26,200 [INFO] TEST 2: check_progress reads evaluations from messages
2025-10-17 15:22:26,200 [INFO] ============================================================
2025-10-17 15:22:29,246 [INFO] Created session: -Obl254HcF-o9Msmz1Ep
2025-10-17 15:22:29,246 [INFO] Generating 3 ideas...
2025-10-17 15:22:31,540 [INFO] [SEND] Sending: Idea 1: The mentor's betrayal is driven by jealousy...
2025-10-17 15:23:31,549 [ERROR] [FAIL] ERROR: HTTPConnectionPool(host='10.163.5.251', port=5002): Read timed out. (read timeout=60)
2025-10-17 15:23:31,565 [ERROR] Traceback (most recent call last):
  File "C:\Python311\Lib\site-packages\urllib3\connectionpool.py", line 449, in _make_request
    six.raise_from(e, None)
  File "<string>", line 3, in raise_from
  File "C:\Python311\Lib\site-packages\urllib3\connectionpool.py", line 444, in _make_request
    httplib_response = conn.getresponse()
                       ^^^^^^^^^^^^^^^^^^
  File "C:\Python311\Lib\http\client.py", line 1374, in getresponse
    response.begin()
  File "C:\Python311\Lib\http\client.py", line 318, in begin
    version, status, reason = self._read_status()
                              ^^^^^^^^^^^^^^^^^^^
  File "C:\Python311\Lib\http\client.py", line 279, in _read_status
    line = str(self.fp.readline(_MAXLINE + 1), "iso-8859-1")
               ^^^^^^^^^^^^^^^^^^^^^^^^^^^^^^
  File "C:\Python311\Lib\socket.py", line 705, in readinto
    return self._sock.recv_into(b)
           ^^^^^^^^^^^^^^^^^^^^^^^
TimeoutError: timed out

During handling of the above exception, another exception occurred:

Traceback (most recent call last):
  File "C:\Python311\Lib\site-packages\requests\adapters.py", line 489, in send
    resp = conn.urlopen(
           ^^^^^^^^^^^^^
  File "C:\Python311\Lib\site-packages\urllib3\connectionpool.py", line 787, in urlopen
    retries = retries.increment(
              ^^^^^^^^^^^^^^^^^^
  File "C:\Python311\Lib\site-packages\urllib3\util\retry.py", line 550, in increment
    raise six.reraise(type(error), error, _stacktrace)
          ^^^^^^^^^^^^^^^^^^^^^^^^^^^^^^^^^^^^^^^^^^^^
  File "C:\Python311\Lib\site-packages\urllib3\packages\six.py", line 770, in reraise
    raise value
  File "C:\Python311\Lib\site-packages\urllib3\connectionpool.py", line 703, in urlopen
    httplib_response = self._make_request(
                       ^^^^^^^^^^^^^^^^^^^
  File "C:\Python311\Lib\site-packages\urllib3\connectionpool.py", line 451, in _make_request
    self._raise_timeout(err=e, url=url, timeout_value=read_timeout)
  File "C:\Python311\Lib\site-packages\urllib3\connectionpool.py", line 340, in _raise_timeout
    raise ReadTimeoutError(
urllib3.exceptions.ReadTimeoutError: HTTPConnectionPool(host='10.163.5.251', port=5002): Read timed out. (read timeout=60)

During handling of the above exception, another exception occurred:

Traceback (most recent call last):
  File "C:\Users\soren\OneDrive\Documents\GitHub\GuidedCreativePlanning\backend\servers\utils\test_cps_diagnostics.py", line 308, in test_2_check_progress_reads_evaluations
    send_message_and_wait(
  File "C:\Users\soren\OneDrive\Documents\GitHub\GuidedCreativePlanning\backend\servers\utils\test_cps_diagnostics.py", line 151, in send_message_and_wait
    r = requests.post(
        ^^^^^^^^^^^^^^
  File "C:\Python311\Lib\site-packages\requests\api.py", line 115, in post
    return request("post", url, data=data, json=json, **kwargs)
           ^^^^^^^^^^^^^^^^^^^^^^^^^^^^^^^^^^^^^^^^^^^^^^^^^^^^
  File "C:\Python311\Lib\site-packages\requests\api.py", line 59, in request
    return session.request(method=method, url=url, **kwargs)
           ^^^^^^^^^^^^^^^^^^^^^^^^^^^^^^^^^^^^^^^^^^^^^^^^^
  File "C:\Python311\Lib\site-packages\requests\sessions.py", line 587, in request
    resp = self.send(prep, **send_kwargs)
           ^^^^^^^^^^^^^^^^^^^^^^^^^^^^^^
  File "C:\Python311\Lib\site-packages\requests\sessions.py", line 701, in send
    r = adapter.send(request, **kwargs)
        ^^^^^^^^^^^^^^^^^^^^^^^^^^^^^^^
  File "C:\Python311\Lib\site-packages\requests\adapters.py", line 578, in send
    raise ReadTimeout(e, request=request)
requests.exceptions.ReadTimeout: HTTPConnectionPool(host='10.163.5.251', port=5002): Read timed out. (read timeout=60)

2025-10-17 15:23:31,566 [INFO] 
============================================================
2025-10-17 15:23:31,567 [INFO] TEST 3: Ideas counted from metadata for transitions
2025-10-17 15:23:31,567 [INFO] ============================================================
2025-10-17 15:23:34,374 [INFO] Created session: -Obl2L1oL9QjiMkYsO3w
2025-10-17 15:23:34,375 [INFO] Setting up Ideate stage with HMWs...
2025-10-17 15:23:34,376 [INFO] [SEND] Sending: How might we make the betrayal surprising?...
2025-10-17 15:24:18,613 [INFO] [DEEPSEEK] Response: <p>Great start! 'How might we make the betrayal surprising?' focuses on emotional impact and reader engagement. <strong>Progress:</strong> 1/3 HMWs - Need 2 more. What other angles could we explore ab...
2025-10-17 15:24:18,615 [INFO] [SEND] Sending: How might we foreshadow it subtly?...
2025-10-17 15:24:58,323 [INFO] [DEEPSEEK] Response: <p>Excellent! 'How might we foreshadow the betrayal subtly?' adds a crucial craft element - planting clues without giving away the twist. <strong>Progress:</strong> 2/3 HMWs - Just one more to complet...
2025-10-17 15:24:58,323 [INFO] [SEND] Sending: How might we show the mentor's conflict?...
2025-10-17 15:25:49,967 [INFO] Generating 5 diverse ideas...
2025-10-17 15:25:52,249 [INFO] [SEND] Sending: The mentor betrays due to jealousy (character motivation)...
2025-10-17 15:26:48,028 [INFO] [DEEPSEEK] Response: <p>Excellent! Jealousy is a powerful motivation that can make betrayal feel personal and emotionally resonant. <strong>Progress:</strong> 1/5 ideas, 1 category (Character) - Need: 4 more ideas, 1 more...
2025-10-17 15:26:50,316 [DEBUG] [POLL] Ideas: 1/1
2025-10-17 15:26:52,637 [INFO] [SEND] Sending: The villain offers the mentor a deal (plot twist)...
2025-10-17 15:27:47,901 [INFO] [DEEPSEEK] Response: <p>Ooh, a deal with the villain! That adds external pressure and makes the betrayal more complex. <strong>Progress:</strong> 2/5 ideas, 2 categories (Character, Plot) - Need: 3 more ideas. What kind o...
2025-10-17 15:27:50,216 [DEBUG] [POLL] Ideas: 2/2
2025-10-17 15:27:52,643 [INFO] [SEND] Sending: The betrayal happens in a sacred temple (setting)...
2025-10-17 15:28:49,039 [INFO] [DEEPSEEK] Response: <p>A sacred temple adds powerful symbolism - the violation of trust in a holy place creates dramatic tension! <strong>Progress:</strong> 3/5 ideas, 3 categories (Character, Plot, Setting) - Need: 2 mo...
2025-10-17 15:28:51,335 [DEBUG] [POLL] Ideas: 3/3
2025-10-17 15:28:53,673 [INFO] [SEND] Sending: The mentor uses ancient magic to trap the hero (mechanics)...
2025-10-17 15:29:48,862 [INFO] [DEEPSEEK] Response: <p>Ancient magic adds a tangible threat - now the betrayal has physical consequences! <strong>Progress:</strong> 4/5 ideas, 4 categories (Character, Plot, Setting, Mechanic) - Need: 1 more idea. We're...
2025-10-17 15:29:51,155 [DEBUG] [POLL] Ideas: 4/4
2025-10-17 15:29:53,464 [INFO] [SEND] Sending: The betrayal reveals a prophecy about the hero (theme)...
2025-10-17 15:30:53,494 [ERROR] [FAIL] ERROR: HTTPConnectionPool(host='10.163.5.251', port=5002): Read timed out. (read timeout=60)
2025-10-17 15:30:53,508 [ERROR] Traceback (most recent call last):
  File "C:\Python311\Lib\site-packages\urllib3\connectionpool.py", line 449, in _make_request
    six.raise_from(e, None)
  File "<string>", line 3, in raise_from
  File "C:\Python311\Lib\site-packages\urllib3\connectionpool.py", line 444, in _make_request
    httplib_response = conn.getresponse()
                       ^^^^^^^^^^^^^^^^^^
  File "C:\Python311\Lib\http\client.py", line 1374, in getresponse
    response.begin()
  File "C:\Python311\Lib\http\client.py", line 318, in begin
    version, status, reason = self._read_status()
                              ^^^^^^^^^^^^^^^^^^^
  File "C:\Python311\Lib\http\client.py", line 279, in _read_status
    line = str(self.fp.readline(_MAXLINE + 1), "iso-8859-1")
               ^^^^^^^^^^^^^^^^^^^^^^^^^^^^^^
  File "C:\Python311\Lib\socket.py", line 705, in readinto
    return self._sock.recv_into(b)
           ^^^^^^^^^^^^^^^^^^^^^^^
TimeoutError: timed out

During handling of the above exception, another exception occurred:

Traceback (most recent call last):
  File "C:\Python311\Lib\site-packages\requests\adapters.py", line 489, in send
    resp = conn.urlopen(
           ^^^^^^^^^^^^^
  File "C:\Python311\Lib\site-packages\urllib3\connectionpool.py", line 787, in urlopen
    retries = retries.increment(
              ^^^^^^^^^^^^^^^^^^
  File "C:\Python311\Lib\site-packages\urllib3\util\retry.py", line 550, in increment
    raise six.reraise(type(error), error, _stacktrace)
          ^^^^^^^^^^^^^^^^^^^^^^^^^^^^^^^^^^^^^^^^^^^^
  File "C:\Python311\Lib\site-packages\urllib3\packages\six.py", line 770, in reraise
    raise value
  File "C:\Python311\Lib\site-packages\urllib3\connectionpool.py", line 703, in urlopen
    httplib_response = self._make_request(
                       ^^^^^^^^^^^^^^^^^^^
  File "C:\Python311\Lib\site-packages\urllib3\connectionpool.py", line 451, in _make_request
    self._raise_timeout(err=e, url=url, timeout_value=read_timeout)
  File "C:\Python311\Lib\site-packages\urllib3\connectionpool.py", line 340, in _raise_timeout
    raise ReadTimeoutError(
urllib3.exceptions.ReadTimeoutError: HTTPConnectionPool(host='10.163.5.251', port=5002): Read timed out. (read timeout=60)

During handling of the above exception, another exception occurred:

Traceback (most recent call last):
  File "C:\Users\soren\OneDrive\Documents\GitHub\GuidedCreativePlanning\backend\servers\utils\test_cps_diagnostics.py", line 418, in test_3_ideas_counted_from_metadata
    send_message_and_wait(
  File "C:\Users\soren\OneDrive\Documents\GitHub\GuidedCreativePlanning\backend\servers\utils\test_cps_diagnostics.py", line 151, in send_message_and_wait
    r = requests.post(
        ^^^^^^^^^^^^^^
  File "C:\Python311\Lib\site-packages\requests\api.py", line 115, in post
    return request("post", url, data=data, json=json, **kwargs)
           ^^^^^^^^^^^^^^^^^^^^^^^^^^^^^^^^^^^^^^^^^^^^^^^^^^^^
  File "C:\Python311\Lib\site-packages\requests\api.py", line 59, in request
    return session.request(method=method, url=url, **kwargs)
           ^^^^^^^^^^^^^^^^^^^^^^^^^^^^^^^^^^^^^^^^^^^^^^^^^
  File "C:\Python311\Lib\site-packages\requests\sessions.py", line 587, in request
    resp = self.send(prep, **send_kwargs)
           ^^^^^^^^^^^^^^^^^^^^^^^^^^^^^^
  File "C:\Python311\Lib\site-packages\requests\sessions.py", line 701, in send
    r = adapter.send(request, **kwargs)
        ^^^^^^^^^^^^^^^^^^^^^^^^^^^^^^^
  File "C:\Python311\Lib\site-packages\requests\adapters.py", line 578, in send
    raise ReadTimeout(e, request=request)
requests.exceptions.ReadTimeout: HTTPConnectionPool(host='10.163.5.251', port=5002): Read timed out. (read timeout=60)

2025-10-17 15:30:53,512 [INFO] 
============================================================
2025-10-17 15:30:53,512 [INFO] TEST 4: Metadata attached to DeepSeek messages
2025-10-17 15:30:53,512 [INFO] ============================================================
2025-10-17 15:30:56,312 [INFO] Created session: -Obl40vhkerbkdBnePp6
2025-10-17 15:30:56,312 [INFO] Building context...
2025-10-17 15:30:56,312 [INFO] [SEND] Sending: How might we make the betrayal surprising?...
2025-10-17 15:31:40,500 [INFO] [DEEPSEEK] Response: <p>Great start! 'How might we make the betrayal surprising?' focuses on creating unexpected narrative impact. <strong>Progress:</strong> 1/3 HMWs - Need 2 more. What other angles could we explore abou...
2025-10-17 15:31:42,799 [INFO] [SEND] Sending: The mentor could be under mind control...
2025-10-17 15:32:42,848 [ERROR] [FAIL] ERROR: HTTPConnectionPool(host='10.163.5.251', port=5002): Read timed out. (read timeout=60)
2025-10-17 15:32:42,858 [ERROR] Traceback (most recent call last):
  File "C:\Python311\Lib\site-packages\urllib3\connectionpool.py", line 449, in _make_request
    six.raise_from(e, None)
  File "<string>", line 3, in raise_from
  File "C:\Python311\Lib\site-packages\urllib3\connectionpool.py", line 444, in _make_request
    httplib_response = conn.getresponse()
                       ^^^^^^^^^^^^^^^^^^
  File "C:\Python311\Lib\http\client.py", line 1374, in getresponse
    response.begin()
  File "C:\Python311\Lib\http\client.py", line 318, in begin
    version, status, reason = self._read_status()
                              ^^^^^^^^^^^^^^^^^^^
  File "C:\Python311\Lib\http\client.py", line 279, in _read_status
    line = str(self.fp.readline(_MAXLINE + 1), "iso-8859-1")
               ^^^^^^^^^^^^^^^^^^^^^^^^^^^^^^
  File "C:\Python311\Lib\socket.py", line 705, in readinto
    return self._sock.recv_into(b)
           ^^^^^^^^^^^^^^^^^^^^^^^
TimeoutError: timed out

During handling of the above exception, another exception occurred:

Traceback (most recent call last):
  File "C:\Python311\Lib\site-packages\requests\adapters.py", line 489, in send
    resp = conn.urlopen(
           ^^^^^^^^^^^^^
  File "C:\Python311\Lib\site-packages\urllib3\connectionpool.py", line 787, in urlopen
    retries = retries.increment(
              ^^^^^^^^^^^^^^^^^^
  File "C:\Python311\Lib\site-packages\urllib3\util\retry.py", line 550, in increment
    raise six.reraise(type(error), error, _stacktrace)
          ^^^^^^^^^^^^^^^^^^^^^^^^^^^^^^^^^^^^^^^^^^^^
  File "C:\Python311\Lib\site-packages\urllib3\packages\six.py", line 770, in reraise
    raise value
  File "C:\Python311\Lib\site-packages\urllib3\connectionpool.py", line 703, in urlopen
    httplib_response = self._make_request(
                       ^^^^^^^^^^^^^^^^^^^
  File "C:\Python311\Lib\site-packages\urllib3\connectionpool.py", line 451, in _make_request
    self._raise_timeout(err=e, url=url, timeout_value=read_timeout)
  File "C:\Python311\Lib\site-packages\urllib3\connectionpool.py", line 340, in _raise_timeout
    raise ReadTimeoutError(
urllib3.exceptions.ReadTimeoutError: HTTPConnectionPool(host='10.163.5.251', port=5002): Read timed out. (read timeout=60)

During handling of the above exception, another exception occurred:

Traceback (most recent call last):
  File "C:\Users\soren\OneDrive\Documents\GitHub\GuidedCreativePlanning\backend\servers\utils\test_cps_diagnostics.py", line 500, in test_4_metadata_attached_to_deepseek
    send_message_and_wait(
  File "C:\Users\soren\OneDrive\Documents\GitHub\GuidedCreativePlanning\backend\servers\utils\test_cps_diagnostics.py", line 151, in send_message_and_wait
    r = requests.post(
        ^^^^^^^^^^^^^^
  File "C:\Python311\Lib\site-packages\requests\api.py", line 115, in post
    return request("post", url, data=data, json=json, **kwargs)
           ^^^^^^^^^^^^^^^^^^^^^^^^^^^^^^^^^^^^^^^^^^^^^^^^^^^^
  File "C:\Python311\Lib\site-packages\requests\api.py", line 59, in request
    return session.request(method=method, url=url, **kwargs)
           ^^^^^^^^^^^^^^^^^^^^^^^^^^^^^^^^^^^^^^^^^^^^^^^^^
  File "C:\Python311\Lib\site-packages\requests\sessions.py", line 587, in request
    resp = self.send(prep, **send_kwargs)
           ^^^^^^^^^^^^^^^^^^^^^^^^^^^^^^
  File "C:\Python311\Lib\site-packages\requests\sessions.py", line 701, in send
    r = adapter.send(request, **kwargs)
        ^^^^^^^^^^^^^^^^^^^^^^^^^^^^^^^
  File "C:\Python311\Lib\site-packages\requests\adapters.py", line 578, in send
    raise ReadTimeout(e, request=request)
requests.exceptions.ReadTimeout: HTTPConnectionPool(host='10.163.5.251', port=5002): Read timed out. (read timeout=60)

2025-10-17 15:32:42,860 [INFO] 
============================================================
2025-10-17 15:32:42,860 [INFO] TEST 5: DeepSeek stage switching behavior
2025-10-17 15:32:42,860 [INFO] ============================================================
2025-10-17 15:32:45,699 [INFO] Created session: -Obl4RcYKmkuiKvW4NGc
2025-10-17 15:32:45,699 [INFO] Generating 3+ HMWs...
2025-10-17 15:32:45,700 [INFO] [SEND] Sending: How might we make the betrayal feel earned?...
2025-10-17 15:33:28,899 [INFO] [DEEPSEEK] Response: <p>Great starting point! 'How might we make the betrayal feel earned?' focuses on narrative satisfaction and avoiding cheap twists. <strong>Progress:</strong> 1/3 HMWs - Need 2 more. What other angles...
2025-10-17 15:33:28,899 [INFO] [SEND] Sending: How might we foreshadow the betrayal subtly?...
2025-10-17 15:34:08,188 [INFO] [DEEPSEEK] Response: <p>Excellent! 'How might we foreshadow the betrayal subtly?' adds the crucial element of planting clues without being obvious. <strong>Progress:</strong> 2/3 HMWs - Need 1 more. What's one final angle...
2025-10-17 15:34:08,189 [INFO] [SEND] Sending: How might we show the mentor's internal conflict?...
2025-10-17 15:35:01,937 [DEBUG] [POLL] Stage: Ideate, HMWs: 3
2025-10-17 15:35:04,090 [INFO]   Reasoning: Auto-advanced: 3 HMW questions completed
2025-10-17 15:35:04,091 [INFO] 
============================================================
2025-10-17 15:35:04,092 [INFO] DIAGNOSTIC RESULTS
2025-10-17 15:35:04,092 [INFO] ============================================================
2025-10-17 15:35:04,102 [INFO] 
Score: 2/5 diagnostics passed
2025-10-17 15:52:09,102 [INFO] 
============================================================
2025-10-17 15:52:09,103 [INFO] CPS FLOW DIAGNOSTICS - Race Condition Fixed
2025-10-17 15:52:09,103 [INFO] ============================================================
2025-10-17 15:52:09,104 [INFO] 
============================================================
2025-10-17 15:52:09,104 [INFO] TEST 1: Evaluations stored in idea objects (proper CPS flow)
2025-10-17 15:52:09,104 [INFO] ============================================================
2025-10-17 15:52:12,421 [INFO] Created session: -Obl8tSsr0IZ27y4sfRI
2025-10-17 15:52:12,421 [INFO] Step 1: Completing Clarify stage with 3 HMWs...
2025-10-17 15:52:12,421 [INFO] [SEND] Sending: How might we make the betrayal feel earned?...
2025-10-17 15:52:49,525 [INFO] [DEEPSEEK] Response: <p>Excellent question! 'How might we make the betrayal feel earned?' gets right to the heart of creating believable character motivation. <strong>Progress:</strong> 1/3 HMWs - Need 2 more. What other ...
2025-10-17 15:52:49,525 [INFO] [SEND] Sending: How might we foreshadow it effectively?...
2025-10-17 15:53:21,576 [INFO] [DEEPSEEK] Response: <p>Great addition! Foreshadowing is key to making betrayals feel organic rather than shocking. <strong>Progress:</strong> 2/3 HMWs - Just need one more! What's another aspect of this betrayal we could...
2025-10-17 15:53:21,580 [INFO] [SEND] Sending: How might we show the mentor's internal conflict?...
2025-10-17 15:54:05,256 [ERROR] [FAIL] Failed to advance to Ideate stage after 3 HMWs
2025-10-17 15:54:07,293 [INFO] [DIAG] Stage: Clarify, HMWs: 3
2025-10-17 15:54:07,295 [INFO] 
============================================================
2025-10-17 15:54:07,295 [INFO] TEST 2: check_progress reads evaluations from messages
2025-10-17 15:54:07,295 [INFO] ============================================================
2025-10-17 15:54:10,107 [INFO] Created session: -Obl9LCEROOf-fR0sy-Y
2025-10-17 15:54:10,107 [INFO] Generating 3 ideas...
2025-10-17 15:54:12,411 [INFO] [SEND] Sending: Idea 1: The mentor's betrayal is driven by jealousy...
2025-10-17 15:55:01,692 [INFO] [DEEPSEEK] Response: <p>Got it! I've logged your idea about jealousy driving the mentor's betrayal. <strong>Progress:</strong> 0/3 HMWs - Need 3 more. We're still in the Clarify stage - let's first frame this problem with...
2025-10-17 15:55:04,304 [DEBUG] [POLL] Ideas: 1/1
2025-10-17 15:55:06,585 [INFO] [SEND] Sending: Idea 2: The mentor's betrayal is driven by duty to a higher ...
2025-10-17 15:55:53,021 [INFO] [DEEPSEEK] Response: <p>Interesting! A duty-driven betrayal adds moral complexity. <strong>Progress:</strong> 0/3 HMWs - Need 3 more. We now have 2 ideas across 2 categories (Character, Theme). Let's frame this with HMW q...
2025-10-17 15:55:55,349 [DEBUG] [POLL] Ideas: 2/2
2025-10-17 15:55:57,637 [INFO] [SEND] Sending: Idea 3: The mentor's betrayal is driven by love for someone ...
2025-10-17 15:56:40,472 [INFO] [DEEPSEEK] Response: <p>Powerful! Love-driven betrayal creates deep emotional stakes. <strong>Progress:</strong> 0/3 HMWs - Need 3 more. We now have 3 ideas across 2 categories (Character, Theme). Let's frame these with '...
2025-10-17 15:56:42,758 [DEBUG] [POLL] Ideas: 3/3
2025-10-17 15:56:45,054 [INFO] Confirmed 3 ideas stored
2025-10-17 15:56:45,055 [INFO] Triggering check_progress...
2025-10-17 15:56:45,055 [INFO] [SEND] Sending: Can I move to the next stage? How are we doing on progress?...
2025-10-17 15:57:10,280 [INFO] [DEEPSEEK] Response: <p>Great question! Looking at our progress: <strong>0/3 HMWs - Need 3 more</strong>. We're still in the Clarify stage, which focuses on framing the problem with 'How Might We' questions before we star...
2025-10-17 15:57:10,280 [INFO] Response analysis:
2025-10-17 15:57:10,280 [INFO]   Mentions quality: True
2025-10-17 15:57:10,281 [INFO]   Mentions categories: True
2025-10-17 15:57:10,281 [INFO]   Mentions progress: True
2025-10-17 15:57:10,281 [INFO]   Asks about development: True
2025-10-17 15:57:10,281 [INFO]   Asks about development: True
2025-10-17 15:57:12,814 [INFO] Metadata state:
2025-10-17 15:57:12,815 [INFO]   Fluency score: Low
2025-10-17 15:57:12,815 [INFO]   Flexibility categories: ['Character', 'Theme']
2025-10-17 15:57:12,818 [INFO] 
============================================================
2025-10-17 15:57:12,818 [INFO] TEST 3: Ideas counted from metadata for transitions
2025-10-17 15:57:12,819 [INFO] ============================================================
2025-10-17 15:57:15,627 [INFO] Created session: -OblA2UxffhZ8xBhKta4
2025-10-17 15:57:15,627 [INFO] Setting up Ideate stage with HMWs...
2025-10-17 15:57:15,627 [INFO] [SEND] Sending: How might we make the betrayal surprising?...
2025-10-17 15:57:53,082 [INFO] [DEEPSEEK] Response: <p>Great start! 'How might we make the betrayal surprising?' focuses on creating unexpected plot twists. <strong>Progress:</strong> 1/3 HMWs - Need 2 more. What other angles could we explore about thi...
2025-10-17 15:57:53,082 [INFO] [SEND] Sending: How might we foreshadow it subtly?...
2025-10-17 15:58:24,919 [INFO] [DEEPSEEK] Response: <p>Excellent! 'How might we foreshadow it subtly?' adds a crucial dimension - creating clues that reward attentive readers. <strong>Progress:</strong> 2/3 HMWs - Just one more to go! What's another as...
2025-10-17 15:58:24,920 [INFO] [SEND] Sending: How might we show the mentor's conflict?...
2025-10-17 15:59:07,934 [WARNING] [WARN] Not in Ideate stage, but continuing...
2025-10-17 15:59:07,934 [INFO] Generating 5 diverse ideas...
2025-10-17 15:59:10,256 [INFO] [SEND] Sending: The mentor betrays due to jealousy (character motivation)...
2025-10-17 16:00:02,110 [INFO] [DEEPSEEK] Response: <p>Great start! Jealousy as motivation adds psychological depth to the mentor. <strong>Progress:</strong> 1/5 ideas, 1 category (Character) - Need: 4 more ideas, 1 more category. What other ways could...
2025-10-17 16:00:04,569 [DEBUG] [POLL] Ideas: 1/1
2025-10-17 16:00:06,883 [INFO] [SEND] Sending: The villain offers the mentor a deal (plot twist)...
2025-10-17 16:00:52,577 [INFO] [DEEPSEEK] Response: <p>Interesting! A deal with the villain adds external pressure to the mentor's choice. <strong>Progress:</strong> 2/5 ideas, 2 categories (Character, Plot) - Need: 3 more ideas. What kind of deal migh...
2025-10-17 16:00:54,876 [DEBUG] [POLL] Ideas: 2/2
2025-10-17 16:00:57,168 [INFO] [SEND] Sending: The betrayal happens in a sacred temple (setting)...
2025-10-17 16:01:43,584 [INFO] [DEEPSEEK] Response: <p>Excellent choice! A sacred temple adds powerful symbolism - the mentor violating a holy space makes the betrayal more shocking. <strong>Progress:</strong> 3/5 ideas, 3 categories (Character, Plot, ...
2025-10-17 16:01:45,923 [DEBUG] [POLL] Ideas: 3/3
2025-10-17 16:01:48,232 [INFO] [SEND] Sending: The mentor uses ancient magic to trap the hero (mechanics)...
2025-10-17 16:02:34,150 [INFO] [DEEPSEEK] Response: <p>Ancient magic adds a fascinating layer - the mentor using forbidden knowledge against the hero! <strong>Progress:</strong> 4/5 ideas, 4 categories (Character, Plot, Setting, Mechanic) - Need: 1 mor...
2025-10-17 16:02:36,471 [DEBUG] [POLL] Ideas: 4/4
2025-10-17 16:02:38,776 [INFO] [SEND] Sending: The betrayal reveals a prophecy about the hero (theme)...
2025-10-17 16:03:28,179 [INFO] [DEEPSEEK] Response: <p>Brilliant! The prophecy theme transforms the betrayal from personal to cosmic - now it's about fate itself. <strong>Progress:</strong> 5/5 ideas, 5 categories (Character, Plot, Setting, Mechanic, T...
2025-10-17 16:03:30,510 [DEBUG] [POLL] Ideas: 5/5
2025-10-17 16:03:32,850 [INFO] Final state: 5 ideas, 5 categories
2025-10-17 16:03:32,850 [INFO] Categories: ['Character', 'Plot', 'Setting', 'Theme', 'Mechanic']
2025-10-17 16:03:32,851 [INFO] Requesting stage advancement...
2025-10-17 16:03:32,851 [INFO] [SEND] Sending: I think I have enough ideas now. Can we move to developing t...
2025-10-17 16:04:07,771 [INFO] [DEEPSEEK] Response: <p>Perfect! We're already in the Develop stage - the system automatically advanced us because you reached 5 ideas across 5 different categories. Now let's refine and evaluate these betrayal concepts. ...
2025-10-17 16:04:10,101 [INFO] 
============================================================
2025-10-17 16:04:10,102 [INFO] TEST 4: Metadata attached to DeepSeek messages
2025-10-17 16:04:10,102 [INFO] ============================================================
2025-10-17 16:04:12,928 [INFO] Created session: -OblBdN4PKyOQg7ch7TA
2025-10-17 16:04:12,929 [INFO] Building context...
2025-10-17 16:04:12,929 [INFO] [SEND] Sending: How might we make the betrayal surprising?...
2025-10-17 16:04:50,803 [INFO] [DEEPSEEK] Response: <p>Great start! 'How might we make the betrayal surprising?' is a solid framing question that focuses on the emotional impact. <strong>Progress:</strong> 1/3 HMWs - Need 2 more. What other angles coul...
2025-10-17 16:04:53,151 [INFO] [SEND] Sending: The mentor could be under mind control...
2025-10-17 16:05:25,373 [INFO] [DEEPSEEK] Response: <p>Interesting! Mind control adds a supernatural element to the betrayal. I've reframed this as 'How might mind control create unexpected layers in the betrayal?' <strong>Progress:</strong> 2/3 HMWs -...
2025-10-17 16:05:40,409 [INFO] Context built: 2 HMWs, 0 ideas
2025-10-17 16:05:40,410 [INFO] Testing context awareness...
2025-10-17 16:05:40,410 [INFO] [SEND] Sending: What stage am I in and what have we discussed so far?...
2025-10-17 16:06:07,385 [INFO] [DEEPSEEK] Response: <p>You're currently in the <strong>Clarify</strong> stage, where we're framing the problem before brainstorming ideas. So far we've discussed:</p>
<p>• Your story concept about a mentor's betrayal
• T...
2025-10-17 16:06:07,385 [INFO] Context awareness indicators:
2025-10-17 16:06:07,385 [INFO]   Stage mention: True
2025-10-17 16:06:07,385 [INFO]   HMW: True
2025-10-17 16:06:07,387 [INFO]   Ideas: True
2025-10-17 16:06:07,387 [INFO]   Betrayal topic: True
2025-10-17 16:06:07,387 [INFO]   Contextual awareness: True
2025-10-17 16:06:07,387 [INFO] 
============================================================
2025-10-17 16:06:07,387 [INFO] TEST 5: DeepSeek stage switching behavior
2025-10-17 16:06:07,387 [INFO] ============================================================
2025-10-17 16:06:10,527 [INFO] Created session: -OblC54ANj7QWshCiv0i
2025-10-17 16:06:10,527 [INFO] Generating 3+ HMWs...
2025-10-17 16:06:10,527 [INFO] [SEND] Sending: How might we make the betrayal feel earned?...
2025-10-17 16:06:15,944 [ERROR] [FAIL] ERROR: ('Connection aborted.', ConnectionResetError(10054, 'An existing connection was forcibly closed by the remote host', None, 10054, None))
2025-10-17 16:06:15,986 [ERROR] Traceback (most recent call last):
  File "C:\Python311\Lib\site-packages\urllib3\connectionpool.py", line 703, in urlopen
    httplib_response = self._make_request(
                       ^^^^^^^^^^^^^^^^^^^
  File "C:\Python311\Lib\site-packages\urllib3\connectionpool.py", line 449, in _make_request
    six.raise_from(e, None)
  File "<string>", line 3, in raise_from
  File "C:\Python311\Lib\site-packages\urllib3\connectionpool.py", line 444, in _make_request
    httplib_response = conn.getresponse()
                       ^^^^^^^^^^^^^^^^^^
  File "C:\Python311\Lib\http\client.py", line 1374, in getresponse
    response.begin()
  File "C:\Python311\Lib\http\client.py", line 318, in begin
    version, status, reason = self._read_status()
                              ^^^^^^^^^^^^^^^^^^^
  File "C:\Python311\Lib\http\client.py", line 279, in _read_status
    line = str(self.fp.readline(_MAXLINE + 1), "iso-8859-1")
               ^^^^^^^^^^^^^^^^^^^^^^^^^^^^^^
  File "C:\Python311\Lib\socket.py", line 705, in readinto
    return self._sock.recv_into(b)
           ^^^^^^^^^^^^^^^^^^^^^^^
ConnectionResetError: [WinError 10054] An existing connection was forcibly closed by the remote host

During handling of the above exception, another exception occurred:

Traceback (most recent call last):
  File "C:\Python311\Lib\site-packages\requests\adapters.py", line 489, in send
    resp = conn.urlopen(
           ^^^^^^^^^^^^^
  File "C:\Python311\Lib\site-packages\urllib3\connectionpool.py", line 787, in urlopen
    retries = retries.increment(
              ^^^^^^^^^^^^^^^^^^
  File "C:\Python311\Lib\site-packages\urllib3\util\retry.py", line 550, in increment
    raise six.reraise(type(error), error, _stacktrace)
          ^^^^^^^^^^^^^^^^^^^^^^^^^^^^^^^^^^^^^^^^^^^^
  File "C:\Python311\Lib\site-packages\urllib3\packages\six.py", line 769, in reraise
    raise value.with_traceback(tb)
  File "C:\Python311\Lib\site-packages\urllib3\connectionpool.py", line 703, in urlopen
    httplib_response = self._make_request(
                       ^^^^^^^^^^^^^^^^^^^
  File "C:\Python311\Lib\site-packages\urllib3\connectionpool.py", line 449, in _make_request
    six.raise_from(e, None)
  File "<string>", line 3, in raise_from
  File "C:\Python311\Lib\site-packages\urllib3\connectionpool.py", line 444, in _make_request
    httplib_response = conn.getresponse()
                       ^^^^^^^^^^^^^^^^^^
  File "C:\Python311\Lib\http\client.py", line 1374, in getresponse
    response.begin()
  File "C:\Python311\Lib\http\client.py", line 318, in begin
    version, status, reason = self._read_status()
                              ^^^^^^^^^^^^^^^^^^^
  File "C:\Python311\Lib\http\client.py", line 279, in _read_status
    line = str(self.fp.readline(_MAXLINE + 1), "iso-8859-1")
               ^^^^^^^^^^^^^^^^^^^^^^^^^^^^^^
  File "C:\Python311\Lib\socket.py", line 705, in readinto
    return self._sock.recv_into(b)
           ^^^^^^^^^^^^^^^^^^^^^^^
urllib3.exceptions.ProtocolError: ('Connection aborted.', ConnectionResetError(10054, 'An existing connection was forcibly closed by the remote host', None, 10054, None))

During handling of the above exception, another exception occurred:

Traceback (most recent call last):
  File "C:\Users\soren\OneDrive\Documents\GitHub\GuidedCreativePlanning\backend\servers\utils\test_cps_diagnostics.py", line 621, in test_5_deepseek_stage_switching
    send_message_and_wait(session_id, msg)
  File "C:\Users\soren\OneDrive\Documents\GitHub\GuidedCreativePlanning\backend\servers\utils\test_cps_diagnostics.py", line 151, in send_message_and_wait
    r = requests.post(
        ^^^^^^^^^^^^^^
  File "C:\Python311\Lib\site-packages\requests\api.py", line 115, in post
    return request("post", url, data=data, json=json, **kwargs)
           ^^^^^^^^^^^^^^^^^^^^^^^^^^^^^^^^^^^^^^^^^^^^^^^^^^^^
  File "C:\Python311\Lib\site-packages\requests\api.py", line 59, in request
    return session.request(method=method, url=url, **kwargs)
           ^^^^^^^^^^^^^^^^^^^^^^^^^^^^^^^^^^^^^^^^^^^^^^^^^
  File "C:\Python311\Lib\site-packages\requests\sessions.py", line 587, in request
    resp = self.send(prep, **send_kwargs)
           ^^^^^^^^^^^^^^^^^^^^^^^^^^^^^^
  File "C:\Python311\Lib\site-packages\requests\sessions.py", line 701, in send
    r = adapter.send(request, **kwargs)
        ^^^^^^^^^^^^^^^^^^^^^^^^^^^^^^^
  File "C:\Python311\Lib\site-packages\requests\adapters.py", line 547, in send
    raise ConnectionError(err, request=request)
requests.exceptions.ConnectionError: ('Connection aborted.', ConnectionResetError(10054, 'An existing connection was forcibly closed by the remote host', None, 10054, None))

2025-10-17 16:06:15,987 [INFO] 
============================================================
2025-10-17 16:06:15,987 [INFO] DIAGNOSTIC RESULTS
2025-10-17 16:06:15,988 [INFO] ============================================================
2025-10-17 16:06:16,036 [INFO] 
Score: 3/5 diagnostics passed
2025-10-17 16:11:48,499 [INFO] 
============================================================
2025-10-17 16:11:48,500 [INFO] CPS FLOW DIAGNOSTICS - Race Condition Fixed
2025-10-17 16:11:48,500 [INFO] ============================================================
2025-10-17 16:11:48,500 [INFO] 
============================================================
2025-10-17 16:11:48,501 [INFO] TEST 1: Evaluations stored in idea objects (proper CPS flow)
2025-10-17 16:11:48,501 [INFO] ============================================================
2025-10-17 16:11:51,791 [INFO] Created session: -OblDOO02wp86k-9YoS1
2025-10-17 16:11:51,791 [INFO] Step 1: Completing Clarify stage with 3 HMWs...
2025-10-17 16:11:51,791 [INFO] [SEND] Sending: How might we make the betrayal feel earned?...
2025-10-17 16:12:29,513 [INFO] [DEEPSEEK] Response: <p>Great starting point! Making the betrayal feel earned is crucial for emotional impact. <strong>Progress: 1/3 HMWs - Need 2 more.</strong> What other aspects of the betrayal should we explore? For e...
2025-10-17 16:12:29,513 [INFO] [SEND] Sending: How might we foreshadow it effectively?...
2025-10-17 16:13:02,616 [INFO] [DEEPSEEK] Response: <p>Excellent! Foreshadowing is key to making betrayal feel inevitable in retrospect. <strong>Progress: 2/3 HMWs - Need 1 more.</strong> What's one more angle we should consider? Maybe about the mentor...
2025-10-17 16:13:02,616 [INFO] [SEND] Sending: How might we show the mentor's internal conflict?...
2025-10-17 16:13:34,510 [INFO] [DEEPSEEK] Response: <p>Perfect! That's our third HMW question. <strong>Progress: Complete!</strong> We've automatically advanced to Ideate stage! Now let's start generating ideas. What initial thoughts come to mind about...
2025-10-17 16:13:45,287 [ERROR] [FAIL] Failed to advance to Ideate stage after 3 HMWs
2025-10-17 16:13:47,351 [INFO] [DIAG] Stage: Clarify, HMWs: 3
2025-10-17 16:13:47,352 [INFO] 
============================================================
2025-10-17 16:13:47,353 [INFO] TEST 2: check_progress reads evaluations from messages
2025-10-17 16:13:47,353 [INFO] ============================================================
2025-10-17 16:13:50,194 [INFO] Created session: -OblDqI9mVXXjkIJhAo9
2025-10-17 16:13:50,194 [INFO] Generating 3 ideas...
2025-10-17 16:13:52,524 [INFO] [SEND] Sending: Idea 1: The mentor's betrayal is driven by jealousy...
2025-10-17 16:15:07,615 [INFO] 
============================================================
2025-10-17 16:15:07,616 [INFO] CPS FLOW DIAGNOSTICS - Race Condition Fixed
2025-10-17 16:15:07,617 [INFO] ============================================================
2025-10-17 16:15:07,617 [INFO] 
============================================================
2025-10-17 16:15:07,618 [INFO] TEST 1: Evaluations stored in idea objects (proper CPS flow)
2025-10-17 16:15:07,618 [INFO] ============================================================
2025-10-17 16:15:10,878 [INFO] Created session: -OblE8z_bdogRTlBY0I8
2025-10-17 16:15:10,879 [INFO] Step 1: Completing Clarify stage with 3 HMWs...
2025-10-17 16:15:10,879 [INFO] [SEND] Sending: How might we make the betrayal feel earned?...
2025-10-17 16:15:47,426 [INFO] [DEEPSEEK] Response: <p>Great starting point! 'How might we make the betrayal feel earned?' gets to the heart of believable character development. Let's explore this problem from different angles. <strong>Progress:</stron...
2025-10-17 16:15:47,427 [INFO] [SEND] Sending: How might we foreshadow it effectively?...
2025-10-17 16:16:19,455 [INFO] [DEEPSEEK] Response: <p>Excellent! Foreshadowing is crucial for making betrayals feel inevitable in hindsight. That gives us two strong angles: earning the betrayal through character development and planting subtle clues....
2025-10-17 16:16:19,457 [INFO] [SEND] Sending: How might we show the mentor's internal conflict?...
2025-10-17 16:16:50,768 [INFO] [DEEPSEEK] Response: <p>Perfect! That's three distinct 'How Might We' questions. We've automatically advanced to the Ideate stage!** Now let's start generating ideas. What initial thoughts come to mind about showing the m...
2025-10-17 16:17:01,533 [WARNING] [POLL]  advancement to Ideate stage TIMEOUT after 10.76s (4 attempts)
2025-10-17 16:17:01,533 [ERROR] [FAIL] Failed to advance to Ideate stage after 3 HMWs
2025-10-17 16:17:03,609 [INFO] [DIAG] Stage: Clarify, HMWs: 3
2025-10-17 16:17:03,609 [INFO] 
============================================================
2025-10-17 16:17:03,609 [INFO] TEST 2: check_progress reads evaluations from messages
2025-10-17 16:17:03,609 [INFO] ============================================================
2025-10-17 16:17:06,440 [INFO] Created session: -OblEaCM9ziJfrEACWL-
2025-10-17 16:17:06,441 [INFO] Generating 3 ideas...
2025-10-17 16:17:08,742 [INFO] [SEND] Sending: Idea 1: The mentor's betrayal is driven by jealousy...
2025-10-17 16:18:05,419 [INFO] [DEEPSEEK] Response: <p>Great start! I've logged your idea about jealousy-driven betrayal and reframed it as 'How might we make the mentor's jealousy-driven betrayal feel both surprising and inevitable?' <strong>Progress:...
2025-10-17 16:18:07,989 [DEBUG] [POLL] Ideas: 1/1
2025-10-17 16:18:10,309 [INFO] [SEND] Sending: Idea 2: The mentor's betrayal is driven by duty to a higher ...
2025-10-17 16:18:58,284 [INFO] [DEEPSEEK] Response: <p>Excellent! I've logged the duty-driven betrayal idea and added a new HMW question about internal conflict. <strong>Progress:</strong> 2/3 HMWs - Need 1 more. What other motivations or circumstances...
2025-10-17 16:19:00,610 [DEBUG] [POLL] Ideas: 2/2
2025-10-17 16:19:02,908 [INFO] [SEND] Sending: Idea 3: The mentor's betrayal is driven by love for someone ...
2025-10-17 16:20:01,815 [INFO] 
============================================================
2025-10-17 16:20:01,815 [INFO] CPS FLOW DIAGNOSTICS - Race Condition Fixed
2025-10-17 16:20:01,816 [INFO] ============================================================
2025-10-17 16:20:01,816 [INFO] 
============================================================
2025-10-17 16:20:01,817 [INFO] TEST 1: Evaluations stored in idea objects (proper CPS flow)
2025-10-17 16:20:01,817 [INFO] ============================================================
2025-10-17 16:20:05,100 [INFO] Created session: -OblFGoFtz1DT2A8UJw-
2025-10-17 16:20:05,101 [INFO] Step 1: Completing Clarify stage with 3 HMWs...
2025-10-17 16:20:05,101 [INFO] [SEND] Sending: How might we make the betrayal feel earned?...
2025-10-17 16:20:41,474 [INFO] [DEEPSEEK] Response: <p>Great starting point! 'How might we make the betrayal feel earned?' focuses on character credibility and narrative satisfaction. To build a strong foundation, let's explore this problem from differ...
2025-10-17 16:20:41,474 [INFO] [SEND] Sending: How might we foreshadow it effectively?...
2025-10-17 16:21:13,571 [INFO] [DEEPSEEK] Response: <p>Excellent! 'How might we foreshadow it effectively?' adds the crucial element of setup and preparation. We now have two strong framing questions. Just one more 'How might we' question would complet...
2025-10-17 16:21:13,572 [INFO] [SEND] Sending: How might we show the mentor's internal conflict?...
2025-10-17 16:21:45,623 [INFO] [DEEPSEEK] Response: <p>Perfect! 'How might we show the mentor's internal conflict?' adds crucial psychological depth. We've now framed the problem from three strong angles: making it earned, foreshadowing effectively, an...
2025-10-17 16:21:56,370 [WARNING] [POLL]  advancement to Ideate stage TIMEOUT after 10.75s (4 attempts)
2025-10-17 16:21:56,371 [ERROR] [FAIL] Failed to advance to Ideate stage after 3 HMWs
2025-10-17 16:21:58,452 [INFO] [DIAG] Stage: Clarify, HMWs: 3
2025-10-17 16:21:58,452 [INFO] 
============================================================
2025-10-17 16:21:58,452 [INFO] TEST 2: check_progress reads evaluations from messages
2025-10-17 16:21:58,453 [INFO] ============================================================
2025-10-17 16:22:01,243 [INFO] Created session: -OblFiAg38i2HjvdrIHk
2025-10-17 16:22:01,244 [INFO] Generating 3 ideas...
2025-10-17 16:22:03,537 [INFO] [SEND] Sending: Idea 1: The mentor's betrayal is driven by jealousy...
2025-10-17 16:22:50,549 [INFO] [DEEPSEEK] Response: <p>I've logged your idea about jealousy as the mentor's motivation. <strong>Progress:</strong> 0/3 HMWs - Need 3 more. Let's frame this as a 'How Might We' question first to explore different angles. ...
2025-10-17 16:22:52,836 [DEBUG] [POLL] Ideas: 1/1
2025-10-17 16:22:52,837 [INFO] [POLL]  [PASS] at least 1 ideas met after 2.29s (1 attempts)
2025-10-17 16:22:55,132 [INFO] [SEND] Sending: Idea 2: The mentor's betrayal is driven by duty to a higher ...
2025-10-17 16:23:35,647 [INFO] [DEEPSEEK] Response: <p>Interesting! Duty to a higher power creates moral complexity. I've logged this second motivation. <strong>Progress:</strong> 0/3 HMWs - Need 3 more. Let's reframe these as 'How Might We' questions:...
2025-10-17 16:23:37,963 [DEBUG] [POLL] Ideas: 2/2
2025-10-17 16:23:37,963 [INFO] [POLL]  [PASS] at least 2 ideas met after 2.32s (1 attempts)
2025-10-17 16:23:40,258 [INFO] [SEND] Sending: Idea 3: The mentor's betrayal is driven by love for someone ...
2025-10-17 16:24:21,402 [INFO] [DEEPSEEK] Response: <p>That's a powerful emotional motivation - love driving the betrayal creates deep personal stakes. I've logged this third idea. <strong>Progress:</strong> 0/3 HMWs - Need 3 more. Now let's frame thes...
2025-10-17 16:24:23,711 [DEBUG] [POLL] Ideas: 3/3
2025-10-17 16:24:23,711 [INFO] [POLL]  [PASS] at least 3 ideas met after 2.31s (1 attempts)
2025-10-17 16:24:26,021 [INFO] Confirmed 3 ideas stored
2025-10-17 16:24:26,022 [INFO] Triggering check_progress...
2025-10-17 16:24:26,022 [INFO] [SEND] Sending: Can I move to the next stage? How are we doing on progress?...
2025-10-17 16:24:54,009 [INFO] [DEEPSEEK] Response: <p>We're still in the Clarify stage, and we need to create 3 'How Might We' questions before we can advance to brainstorming. Currently we have 0/3 HMWs. Let's reframe your three betrayal motivations ...
2025-10-17 16:24:54,009 [INFO] Response analysis:
2025-10-17 16:24:54,010 [INFO]   Mentions quality: False
2025-10-17 16:24:54,010 [INFO]   Mentions categories: True
2025-10-17 16:24:54,010 [INFO]   Mentions progress: True
2025-10-17 16:24:54,011 [INFO]   Asks about development: True
2025-10-17 16:24:54,011 [INFO]   Asks about development: True
2025-10-17 16:24:56,097 [INFO] Metadata state:
2025-10-17 16:24:56,097 [INFO]   Fluency score: Low
2025-10-17 16:24:56,097 [INFO]   Flexibility categories: ['Character']
2025-10-17 16:24:56,098 [INFO] [PASS]  [PASS] check_progress provides relevant guidance
2025-10-17 16:24:56,098 [INFO] 
============================================================
2025-10-17 16:24:56,098 [INFO] TEST 3: Ideas counted from metadata for transitions
2025-10-17 16:24:56,099 [INFO] ============================================================
2025-10-17 16:24:58,911 [INFO] Created session: -OblGOYbjT4Nig1Ew-lc
2025-10-17 16:24:58,911 [INFO] Setting up Ideate stage with HMWs...
2025-10-17 16:24:58,911 [INFO] [SEND] Sending: How might we make the betrayal surprising?...
2025-10-17 16:25:35,263 [INFO] [DEEPSEEK] Response: <p>Great start! 'How might we make the betrayal surprising?' focuses on the element of surprise. <strong>Progress: 1/3 HMWs - Need 2 more.</strong> Let's explore different angles. What other aspects o...
2025-10-17 16:25:35,263 [INFO] [SEND] Sending: How might we foreshadow it subtly?...
2025-10-17 16:26:07,205 [INFO] [DEEPSEEK] Response: <p>Excellent! 'How might we foreshadow the betrayal subtly?' adds depth by focusing on the setup. <strong>Progress: 2/3 HMWs - Need 1 more.</strong> We're almost ready to start brainstorming ideas. Wh...
2025-10-17 16:26:07,206 [INFO] [SEND] Sending: How might we show the mentor's conflict?...
2025-10-17 16:26:40,645 [INFO] [DEEPSEEK] Response: <p>Perfect! 'How might we show the mentor's conflict?' gives us insight into the emotional complexity. <strong>Progress: We've automatically advanced to Ideate stage!</strong> Now let's start generati...
2025-10-17 16:26:51,408 [WARNING] [POLL]  Ideate stage reached TIMEOUT after 10.76s (4 attempts)
2025-10-17 16:26:51,408 [WARNING] [WARN] Not in Ideate stage, but continuing...
2025-10-17 16:26:51,408 [INFO] Generating 5 diverse ideas...
2025-10-17 16:26:53,701 [INFO] [SEND] Sending: The mentor betrays due to jealousy (character motivation)...
2025-10-17 16:27:06,445 [ERROR] [FAIL] ERROR: ('Connection aborted.', ConnectionResetError(10054, 'An existing connection was forcibly closed by the remote host', None, 10054, None))
2025-10-17 16:27:06,500 [ERROR] Traceback (most recent call last):
  File "C:\Python311\Lib\site-packages\urllib3\connectionpool.py", line 703, in urlopen
    httplib_response = self._make_request(
                       ^^^^^^^^^^^^^^^^^^^
  File "C:\Python311\Lib\site-packages\urllib3\connectionpool.py", line 449, in _make_request
    six.raise_from(e, None)
  File "<string>", line 3, in raise_from
  File "C:\Python311\Lib\site-packages\urllib3\connectionpool.py", line 444, in _make_request
    httplib_response = conn.getresponse()
                       ^^^^^^^^^^^^^^^^^^
  File "C:\Python311\Lib\http\client.py", line 1374, in getresponse
    response.begin()
  File "C:\Python311\Lib\http\client.py", line 318, in begin
    version, status, reason = self._read_status()
                              ^^^^^^^^^^^^^^^^^^^
  File "C:\Python311\Lib\http\client.py", line 279, in _read_status
    line = str(self.fp.readline(_MAXLINE + 1), "iso-8859-1")
               ^^^^^^^^^^^^^^^^^^^^^^^^^^^^^^
  File "C:\Python311\Lib\socket.py", line 705, in readinto
    return self._sock.recv_into(b)
           ^^^^^^^^^^^^^^^^^^^^^^^
ConnectionResetError: [WinError 10054] An existing connection was forcibly closed by the remote host

During handling of the above exception, another exception occurred:

Traceback (most recent call last):
  File "C:\Python311\Lib\site-packages\requests\adapters.py", line 489, in send
    resp = conn.urlopen(
           ^^^^^^^^^^^^^
  File "C:\Python311\Lib\site-packages\urllib3\connectionpool.py", line 787, in urlopen
    retries = retries.increment(
              ^^^^^^^^^^^^^^^^^^
  File "C:\Python311\Lib\site-packages\urllib3\util\retry.py", line 550, in increment
    raise six.reraise(type(error), error, _stacktrace)
          ^^^^^^^^^^^^^^^^^^^^^^^^^^^^^^^^^^^^^^^^^^^^
  File "C:\Python311\Lib\site-packages\urllib3\packages\six.py", line 769, in reraise
    raise value.with_traceback(tb)
  File "C:\Python311\Lib\site-packages\urllib3\connectionpool.py", line 703, in urlopen
    httplib_response = self._make_request(
                       ^^^^^^^^^^^^^^^^^^^
  File "C:\Python311\Lib\site-packages\urllib3\connectionpool.py", line 449, in _make_request
    six.raise_from(e, None)
  File "<string>", line 3, in raise_from
  File "C:\Python311\Lib\site-packages\urllib3\connectionpool.py", line 444, in _make_request
    httplib_response = conn.getresponse()
                       ^^^^^^^^^^^^^^^^^^
  File "C:\Python311\Lib\http\client.py", line 1374, in getresponse
    response.begin()
  File "C:\Python311\Lib\http\client.py", line 318, in begin
    version, status, reason = self._read_status()
                              ^^^^^^^^^^^^^^^^^^^
  File "C:\Python311\Lib\http\client.py", line 279, in _read_status
    line = str(self.fp.readline(_MAXLINE + 1), "iso-8859-1")
               ^^^^^^^^^^^^^^^^^^^^^^^^^^^^^^
  File "C:\Python311\Lib\socket.py", line 705, in readinto
    return self._sock.recv_into(b)
           ^^^^^^^^^^^^^^^^^^^^^^^
urllib3.exceptions.ProtocolError: ('Connection aborted.', ConnectionResetError(10054, 'An existing connection was forcibly closed by the remote host', None, 10054, None))

During handling of the above exception, another exception occurred:

Traceback (most recent call last):
  File "C:\Users\soren\OneDrive\Documents\GitHub\GuidedCreativePlanning\backend\servers\utils\test_cps_diagnostics.py", line 461, in test_3_ideas_counted_from_metadata
    send_message_and_wait(
  File "C:\Users\soren\OneDrive\Documents\GitHub\GuidedCreativePlanning\backend\servers\utils\test_cps_diagnostics.py", line 151, in send_message_and_wait
    r = requests.post(
        ^^^^^^^^^^^^^^
  File "C:\Python311\Lib\site-packages\requests\api.py", line 115, in post
    return request("post", url, data=data, json=json, **kwargs)
           ^^^^^^^^^^^^^^^^^^^^^^^^^^^^^^^^^^^^^^^^^^^^^^^^^^^^
  File "C:\Python311\Lib\site-packages\requests\api.py", line 59, in request
    return session.request(method=method, url=url, **kwargs)
           ^^^^^^^^^^^^^^^^^^^^^^^^^^^^^^^^^^^^^^^^^^^^^^^^^
  File "C:\Python311\Lib\site-packages\requests\sessions.py", line 587, in request
    resp = self.send(prep, **send_kwargs)
           ^^^^^^^^^^^^^^^^^^^^^^^^^^^^^^
  File "C:\Python311\Lib\site-packages\requests\sessions.py", line 701, in send
    r = adapter.send(request, **kwargs)
        ^^^^^^^^^^^^^^^^^^^^^^^^^^^^^^^
  File "C:\Python311\Lib\site-packages\requests\adapters.py", line 547, in send
    raise ConnectionError(err, request=request)
requests.exceptions.ConnectionError: ('Connection aborted.', ConnectionResetError(10054, 'An existing connection was forcibly closed by the remote host', None, 10054, None))

2025-10-17 16:27:06,501 [INFO] 
============================================================
2025-10-17 16:27:06,501 [INFO] TEST 4: Metadata attached to DeepSeek messages
2025-10-17 16:27:06,503 [INFO] ============================================================
2025-10-17 16:27:09,981 [INFO] Created session: -OblGtYDTxT8j--HAzwz
2025-10-17 16:27:09,981 [INFO] Building context...
2025-10-17 16:27:09,982 [INFO] [SEND] Sending: How might we make the betrayal surprising?...
2025-10-17 16:27:41,251 [ERROR] [FAIL] ERROR: ('Connection aborted.', ConnectionResetError(10054, 'An existing connection was forcibly closed by the remote host', None, 10054, None))
2025-10-17 16:27:41,256 [ERROR] Traceback (most recent call last):
  File "C:\Python311\Lib\site-packages\urllib3\connectionpool.py", line 703, in urlopen
    httplib_response = self._make_request(
                       ^^^^^^^^^^^^^^^^^^^
  File "C:\Python311\Lib\site-packages\urllib3\connectionpool.py", line 449, in _make_request
    six.raise_from(e, None)
  File "<string>", line 3, in raise_from
  File "C:\Python311\Lib\site-packages\urllib3\connectionpool.py", line 444, in _make_request
    httplib_response = conn.getresponse()
                       ^^^^^^^^^^^^^^^^^^
  File "C:\Python311\Lib\http\client.py", line 1374, in getresponse
    response.begin()
  File "C:\Python311\Lib\http\client.py", line 318, in begin
    version, status, reason = self._read_status()
                              ^^^^^^^^^^^^^^^^^^^
  File "C:\Python311\Lib\http\client.py", line 279, in _read_status
    line = str(self.fp.readline(_MAXLINE + 1), "iso-8859-1")
               ^^^^^^^^^^^^^^^^^^^^^^^^^^^^^^
  File "C:\Python311\Lib\socket.py", line 705, in readinto
    return self._sock.recv_into(b)
           ^^^^^^^^^^^^^^^^^^^^^^^
ConnectionResetError: [WinError 10054] An existing connection was forcibly closed by the remote host

During handling of the above exception, another exception occurred:

Traceback (most recent call last):
  File "C:\Python311\Lib\site-packages\requests\adapters.py", line 489, in send
    resp = conn.urlopen(
           ^^^^^^^^^^^^^
  File "C:\Python311\Lib\site-packages\urllib3\connectionpool.py", line 787, in urlopen
    retries = retries.increment(
              ^^^^^^^^^^^^^^^^^^
  File "C:\Python311\Lib\site-packages\urllib3\util\retry.py", line 550, in increment
    raise six.reraise(type(error), error, _stacktrace)
          ^^^^^^^^^^^^^^^^^^^^^^^^^^^^^^^^^^^^^^^^^^^^
  File "C:\Python311\Lib\site-packages\urllib3\packages\six.py", line 769, in reraise
    raise value.with_traceback(tb)
  File "C:\Python311\Lib\site-packages\urllib3\connectionpool.py", line 703, in urlopen
    httplib_response = self._make_request(
                       ^^^^^^^^^^^^^^^^^^^
  File "C:\Python311\Lib\site-packages\urllib3\connectionpool.py", line 449, in _make_request
    six.raise_from(e, None)
  File "<string>", line 3, in raise_from
  File "C:\Python311\Lib\site-packages\urllib3\connectionpool.py", line 444, in _make_request
    httplib_response = conn.getresponse()
                       ^^^^^^^^^^^^^^^^^^
  File "C:\Python311\Lib\http\client.py", line 1374, in getresponse
    response.begin()
  File "C:\Python311\Lib\http\client.py", line 318, in begin
    version, status, reason = self._read_status()
                              ^^^^^^^^^^^^^^^^^^^
  File "C:\Python311\Lib\http\client.py", line 279, in _read_status
    line = str(self.fp.readline(_MAXLINE + 1), "iso-8859-1")
               ^^^^^^^^^^^^^^^^^^^^^^^^^^^^^^
  File "C:\Python311\Lib\socket.py", line 705, in readinto
    return self._sock.recv_into(b)
           ^^^^^^^^^^^^^^^^^^^^^^^
urllib3.exceptions.ProtocolError: ('Connection aborted.', ConnectionResetError(10054, 'An existing connection was forcibly closed by the remote host', None, 10054, None))

During handling of the above exception, another exception occurred:

Traceback (most recent call last):
  File "C:\Users\soren\OneDrive\Documents\GitHub\GuidedCreativePlanning\backend\servers\utils\test_cps_diagnostics.py", line 537, in test_4_metadata_attached_to_deepseek
    send_message_and_wait(
  File "C:\Users\soren\OneDrive\Documents\GitHub\GuidedCreativePlanning\backend\servers\utils\test_cps_diagnostics.py", line 151, in send_message_and_wait
    r = requests.post(
        ^^^^^^^^^^^^^^
  File "C:\Python311\Lib\site-packages\requests\api.py", line 115, in post
    return request("post", url, data=data, json=json, **kwargs)
           ^^^^^^^^^^^^^^^^^^^^^^^^^^^^^^^^^^^^^^^^^^^^^^^^^^^^
  File "C:\Python311\Lib\site-packages\requests\api.py", line 59, in request
    return session.request(method=method, url=url, **kwargs)
           ^^^^^^^^^^^^^^^^^^^^^^^^^^^^^^^^^^^^^^^^^^^^^^^^^
  File "C:\Python311\Lib\site-packages\requests\sessions.py", line 587, in request
    resp = self.send(prep, **send_kwargs)
           ^^^^^^^^^^^^^^^^^^^^^^^^^^^^^^
  File "C:\Python311\Lib\site-packages\requests\sessions.py", line 701, in send
    r = adapter.send(request, **kwargs)
        ^^^^^^^^^^^^^^^^^^^^^^^^^^^^^^^
  File "C:\Python311\Lib\site-packages\requests\adapters.py", line 547, in send
    raise ConnectionError(err, request=request)
requests.exceptions.ConnectionError: ('Connection aborted.', ConnectionResetError(10054, 'An existing connection was forcibly closed by the remote host', None, 10054, None))

2025-10-17 16:27:41,258 [INFO] 
============================================================
2025-10-17 16:27:41,258 [INFO] TEST 5: DeepSeek stage switching behavior
2025-10-17 16:27:41,258 [INFO] ============================================================
2025-10-17 16:27:44,488 [INFO] Created session: -OblH0yNvQ25Lu70OZyc
2025-10-17 16:27:44,488 [INFO] Generating 3+ HMWs...
2025-10-17 16:27:44,489 [INFO] [SEND] Sending: How might we make the betrayal feel earned?...
2025-10-17 16:28:22,907 [INFO] [DEEPSEEK] Response: <p>Great starting point! 'How might we make the betrayal feel earned?' focuses on narrative satisfaction. <strong>Progress: 1/3 HMWs - Need 2 more</strong></p>
<p>To build on this, what other angles c...
2025-10-17 16:28:22,908 [INFO] [SEND] Sending: How might we foreshadow the betrayal subtly?...
2025-10-17 16:28:55,266 [INFO] [DEEPSEEK] Response: <p>Excellent! Subtle foreshadowing is key to making betrayals impactful without being predictable. <strong>Progress: 2/3 HMWs - Need 1 more</strong></p>
<p>What's one more 'How might we...' question t...
2025-10-17 16:28:55,266 [INFO] [SEND] Sending: How might we show the mentor's internal conflict?...
2025-10-17 16:29:26,553 [INFO] [DEEPSEEK] Response: <p>Perfect! That's our third HMW question. <strong>Progress: 3/3 HMWs - Ready to advance!</strong> Now let's move to the Ideate stage and start generating specific ideas about how to show the mentor's...
2025-10-17 16:29:28,652 [DEBUG] [POLL] Stage: Clarify, HMWs: 3
2025-10-17 16:29:31,469 [DEBUG] [POLL] Stage: Clarify, HMWs: 3
2025-10-17 16:29:34,035 [DEBUG] [POLL] Stage: Clarify, HMWs: 3
2025-10-17 16:29:37,040 [DEBUG] [POLL] Stage: Clarify, HMWs: 3
2025-10-17 16:29:39,614 [DEBUG] [POLL] Stage: Clarify, HMWs: 3
2025-10-17 16:29:42,427 [DEBUG] [POLL] Stage: Clarify, HMWs: 3
2025-10-17 16:29:42,928 [WARNING] [POLL]  stage change to Ideate TIMEOUT after 16.37s (6 attempts)
2025-10-17 16:29:42,928 [WARNING] [WARN] Auto-switch didn't trigger, trying explicit prompt...
2025-10-17 16:29:42,929 [INFO] [SEND] Sending: I think we have enough HMW questions. Let's move to brainsto...
2025-10-17 16:30:14,963 [INFO] [DEEPSEEK] Response: <p>Excellent! We're now in the Ideate stage. Let's start generating ideas about how to make the mentor's betrayal feel earned, foreshadow it subtly, and show their internal conflict. What's one idea t...
2025-10-17 16:30:14,963 [INFO] [BACKGROUND] Background processing indicated
2025-10-17 16:30:19,311 [INFO] [POLL]  [PASS] explicit stage switch met after 2.35s (1 attempts)
2025-10-17 16:30:19,312 [INFO] [PASS]  [PASS] Stage switched after explicit prompt
2025-10-17 16:30:19,313 [INFO] 
============================================================
2025-10-17 16:30:19,313 [INFO] DIAGNOSTIC RESULTS
2025-10-17 16:30:19,314 [INFO] ============================================================
2025-10-17 16:30:19,315 [INFO] [FAIL]: Evaluations in ideas
2025-10-17 16:30:19,315 [INFO] [PASS]: check_progress reads evaluations
2025-10-17 16:30:19,315 [INFO] [FAIL]: Ideas counted from metadata
2025-10-17 16:30:19,316 [INFO] [FAIL]: Metadata attached to DeepSeek
2025-10-17 16:30:19,316 [INFO] [PASS]: DeepSeek stage switching
2025-10-17 16:30:19,317 [INFO] 
Score: 2/5 diagnostics passed
2025-10-17 16:41:30,043 [INFO] 
============================================================
2025-10-17 16:41:30,044 [INFO] CPS FLOW DIAGNOSTICS - Race Condition Fixed
2025-10-17 16:41:30,045 [INFO] ============================================================
2025-10-17 16:41:30,046 [INFO] 
============================================================
2025-10-17 16:41:30,047 [INFO] TEST 1: Evaluations stored in idea objects (proper CPS flow)
2025-10-17 16:41:30,048 [INFO] ============================================================
2025-10-17 16:41:33,436 [INFO] Created session: -OblKBKoDC-C8t79wCvK
2025-10-17 16:41:33,437 [INFO] Step 1: Completing Clarify stage with 3 HMWs...
2025-10-17 16:41:33,438 [INFO] [SEND] Sending: How might we make the betrayal feel earned?...
2025-10-17 16:42:15,295 [INFO] [DEEPSEEK] Response: <p>Great question! Making betrayal feel earned is crucial for emotional impact. This focuses on character motivation and narrative setup. <strong>Progress:</strong> 1/3 HMWs - Need 2 more. What other ...
2025-10-17 16:42:15,296 [INFO] [SEND] Sending: How might we foreshadow it effectively?...
2025-10-17 16:42:53,352 [INFO] [DEEPSEEK] Response: <p>Excellent! Foreshadowing is key to making betrayal feel organic rather than random. I've added that as our second framing question. <strong>Progress:</strong> 2/3 HMWs - Need 1 more. What's one mor...
2025-10-17 16:42:53,353 [INFO] [SEND] Sending: How might we show the mentor's internal conflict?...
2025-10-17 16:43:31,371 [INFO] [DEEPSEEK] Response: <p>Perfect! That's our third HMW question, focusing on the mentor's internal struggle. <strong>Progress:</strong> We've automatically advanced to Ideate stage!** Now let's start generating ideas. What...
2025-10-17 16:43:42,363 [WARNING] [POLL]  advancement to Ideate stage TIMEOUT after 10.99s (4 attempts)
2025-10-17 16:43:42,365 [ERROR] [FAIL] Failed to advance to Ideate stage after 3 HMWs
2025-10-17 16:43:44,750 [INFO] [DIAG] Stage: Clarify, HMWs: 3
2025-10-17 16:43:44,793 [INFO] 
============================================================
2025-10-17 16:43:44,795 [INFO] TEST 2: check_progress reads evaluations from messages
2025-10-17 16:43:44,796 [INFO] ============================================================
2025-10-17 16:43:47,658 [INFO] Created session: -OblKh6L8lg6yjvLEF-Y
2025-10-17 16:43:47,659 [INFO] Generating 3 ideas...
2025-10-17 16:43:50,025 [INFO] [SEND] Sending: Idea 1: The mentor's betrayal is driven by jealousy...
2025-10-17 16:44:52,769 [INFO] [DEEPSEEK] Response: <p>I've noted your idea about jealousy-driven betrayal - that's a strong character motivation! Since we're in the Clarify stage, let's first frame this as a 'How Might We' question. I've started with:...
2025-10-17 16:44:55,461 [DEBUG] [POLL] Ideas: 1/1
2025-10-17 16:44:55,462 [INFO] [POLL]  [PASS] at least 1 ideas met after 2.69s (1 attempts)
2025-10-17 16:44:57,807 [INFO] [SEND] Sending: Idea 2: The mentor's betrayal is driven by duty to a higher ...
2025-10-17 16:45:51,493 [INFO] [DEEPSEEK] Response: <p>Excellent! The duty to higher power adds a compelling moral complexity. I've logged that as Idea 2. <strong>Progress:</strong> 1/3 HMWs - Need 2 more. Let's frame this as another 'How Might We' que...
2025-10-17 16:45:54,501 [DEBUG] [POLL] Ideas: 2/2
2025-10-17 16:45:54,502 [INFO] [POLL]  [PASS] at least 2 ideas met after 3.01s (1 attempts)
2025-10-17 16:45:56,862 [INFO] [SEND] Sending: Idea 3: The mentor's betrayal is driven by love for someone ...
2025-10-17 16:46:52,195 [INFO] [DEEPSEEK] Response: <p>That's a powerful third idea - love-driven betrayal creates such rich emotional complexity! I've logged it and added another HMW question about revealing the hero's past wrongs. Progress: 2/3 HMWs ...
2025-10-17 16:46:54,608 [DEBUG] [POLL] Ideas: 3/3
2025-10-17 16:46:54,608 [INFO] [POLL]  [PASS] at least 3 ideas met after 2.41s (1 attempts)
2025-10-17 16:46:56,980 [INFO] Confirmed 3 ideas stored
2025-10-17 16:46:56,981 [INFO] Triggering check_progress...
2025-10-17 16:46:56,982 [INFO] [SEND] Sending: Can I move to the next stage? How are we doing on progress?...
2025-10-17 16:47:36,050 [INFO] [DEEPSEEK] Response: <p>Great question! Let me check our progress. We currently have 2 of the 3 required 'How Might We' questions to complete the Clarify stage. We need just one more HMW question to properly frame the pro...
2025-10-17 16:47:36,052 [INFO] Response analysis:
2025-10-17 16:47:36,054 [INFO]   Mentions quality: False
2025-10-17 16:47:36,055 [INFO]   Mentions categories: False
2025-10-17 16:47:36,055 [INFO]   Mentions progress: True
2025-10-17 16:47:36,056 [INFO]   Asks about development: False
2025-10-17 16:47:36,056 [INFO]   Asks about development: False
2025-10-17 16:47:38,170 [INFO] Metadata state:
2025-10-17 16:47:38,171 [INFO]   Fluency score: Low
2025-10-17 16:47:38,172 [INFO]   Flexibility categories: ['Character', 'Theme']
2025-10-17 16:47:38,172 [INFO] [PASS]  [PASS] check_progress provides relevant guidance
2025-10-17 16:47:38,174 [INFO] 
============================================================
2025-10-17 16:47:38,176 [INFO] TEST 3: Ideas counted from metadata for transitions
2025-10-17 16:47:38,176 [INFO] ============================================================
2025-10-17 16:47:41,060 [INFO] Created session: -OblLa4x1UP9sza5HGuQ
2025-10-17 16:47:41,060 [INFO] Setting up Ideate stage with HMWs...
2025-10-17 16:47:41,061 [INFO] [SEND] Sending: How might we make the betrayal surprising?...
2025-10-17 16:48:22,990 [INFO] [DEEPSEEK] Response: <p>Great start! 'How might we make the betrayal surprising?' focuses on the emotional impact. Let's explore this problem from different angles. What other 'How might we' questions could help frame the...
2025-10-17 16:48:22,990 [INFO] [SEND] Sending: How might we foreshadow it subtly?...
2025-10-17 16:49:00,341 [INFO] [DEEPSEEK] Response: <p>Excellent! 'How might we foreshadow it subtly?' adds a crucial dimension - making the betrayal feel earned rather than random. <strong>Progress: 2/3 HMWs - Need 1 more</strong> What's another angle...
2025-10-17 16:49:00,342 [INFO] [SEND] Sending: How might we show the mentor's conflict?...
2025-10-17 16:49:38,294 [INFO] [DEEPSEEK] Response: <p>Perfect! 'How might we show the mentor's internal conflict?' adds crucial psychological depth. We now have three strong HMW questions: making the betrayal surprising, foreshadowing it subtly, and s...
2025-10-17 16:49:49,278 [WARNING] [POLL]  Ideate stage reached TIMEOUT after 10.98s (4 attempts)
2025-10-17 16:49:49,278 [WARNING] [WARN] Not in Ideate stage, but continuing...
2025-10-17 16:49:49,279 [INFO] Generating 5 diverse ideas...
2025-10-17 16:49:51,610 [INFO] [SEND] Sending: The mentor betrays due to jealousy (character motivation)...
2025-10-17 16:50:47,429 [INFO] [DEEPSEEK] Response: <p>Great start! Jealousy is a powerful motivation that makes the betrayal personal. I've logged this character-focused idea. <strong>Progress: 1/5 ideas, 1/2 categories - Need: 4 more ideas, 1 more ca...
2025-10-17 16:50:49,973 [DEBUG] [POLL] Ideas: 1/1
2025-10-17 16:50:49,977 [INFO] [POLL]  [PASS] at least 1 ideas met after 2.55s (1 attempts)
2025-10-17 16:50:52,316 [INFO] [SEND] Sending: The villain offers the mentor a deal (plot twist)...
2025-10-17 16:51:44,080 [INFO] [DEEPSEEK] Response: <p>Excellent! A villain-initiated deal adds external pressure to the mentor's choice. This gives us both character-driven (jealousy) and plot-driven motivations. <strong>Progress: 2/5 ideas, 2/2 categ...
2025-10-17 16:51:46,547 [DEBUG] [POLL] Ideas: 2/2
2025-10-17 16:51:46,547 [INFO] [POLL]  [PASS] at least 2 ideas met after 2.47s (1 attempts)
2025-10-17 16:51:48,904 [INFO] [SEND] Sending: The betrayal happens in a sacred temple (setting)...
2025-10-17 16:52:40,525 [INFO] [DEEPSEEK] Response: <p>Interesting! A sacred temple setting adds symbolic weight - the mentor breaking trust in a place meant for devotion. <strong>Progress: 3/5 ideas, 3/2 categories - Need: 2 more ideas</strong> What o...
2025-10-17 16:52:42,929 [DEBUG] [POLL] Ideas: 3/3
2025-10-17 16:52:42,930 [INFO] [POLL]  [PASS] at least 3 ideas met after 2.40s (1 attempts)
2025-10-17 16:52:45,384 [INFO] [SEND] Sending: The mentor uses ancient magic to trap the hero (mechanics)...
2025-10-17 16:53:39,275 [INFO] [DEEPSEEK] Response: <p>Ancient magic adds a supernatural element to the betrayal! This gives us character motivation, plot deals, sacred setting, and now magical mechanics. <strong>Progress: 4/5 ideas, 4/2 categories - N...
2025-10-17 16:53:41,638 [DEBUG] [POLL] Ideas: 4/4
2025-10-17 16:53:41,639 [INFO] [POLL]  [PASS] at least 4 ideas met after 2.36s (1 attempts)
2025-10-17 16:53:43,984 [INFO] [SEND] Sending: The betrayal reveals a prophecy about the hero (theme)...
2025-10-17 16:54:36,315 [INFO] [DEEPSEEK] Response: <p>Perfect! The prophecy theme adds deep meaning to the betrayal - it's not just personal but tied to destiny. We now have five diverse ideas covering character, plot, setting, mechanics, and theme. <...
2025-10-17 16:54:38,868 [DEBUG] [POLL] Ideas: 5/5
2025-10-17 16:54:38,869 [INFO] [POLL]  [PASS] at least 5 ideas met after 2.55s (1 attempts)
2025-10-17 16:54:41,205 [INFO] Final state: 5 ideas, 5 categories
2025-10-17 16:54:41,206 [INFO] Categories: ['Mechanic', 'Setting', 'Plot', 'Character', 'Theme']
2025-10-17 16:54:41,207 [INFO] Requesting stage advancement...
2025-10-17 16:54:41,207 [INFO] [SEND] Sending: I think I have enough ideas now. Can we move to developing t...
2025-10-17 16:55:10,706 [INFO] [DEEPSEEK] Response: <p>Excellent! We're already in the Develop stage - the system automatically advanced us because we had 5 diverse ideas covering character, plot, setting, mechanics, and theme. Let's start evaluating a...
2025-10-17 16:55:13,045 [INFO] [POLL]  [PASS] Develop stage reached met after 2.34s (1 attempts)
2025-10-17 16:55:13,046 [INFO] [PASS]  [PASS] Stage advanced based on metadata counts
2025-10-17 16:55:13,058 [INFO] 
============================================================
2025-10-17 16:55:13,059 [INFO] TEST 4: Metadata attached to DeepSeek messages
2025-10-17 16:55:13,060 [INFO] ============================================================
2025-10-17 16:55:16,021 [INFO] Created session: -OblNK7umNALA3Pn0rKi
2025-10-17 16:55:16,023 [INFO] Building context...
2025-10-17 16:55:16,023 [INFO] [SEND] Sending: How might we make the betrayal surprising?...
2025-10-17 16:55:57,205 [INFO] [DEEPSEEK] Response: <p>Great start! 'How might we make the betrayal surprising?' focuses on the element of surprise. Let's explore this problem from different angles. What other ways could we frame this betrayal challeng...
2025-10-17 16:55:59,558 [INFO] [SEND] Sending: The mentor could be under mind control...
2025-10-17 16:56:36,916 [INFO] [DEEPSEEK] Response: <p>Interesting! The mind control angle opens up possibilities for showing internal conflict. <strong>Progress:</strong> 2/3 HMWs - Need 1 more. What's another way we could frame this betrayal challeng...
2025-10-17 16:56:48,186 [WARNING] [POLL]  idea count increase TIMEOUT after 11.27s (4 attempts)
2025-10-17 16:56:53,386 [INFO] Context built: 2 HMWs, 0 ideas
2025-10-17 16:56:53,393 [INFO] Testing context awareness...
2025-10-17 16:56:53,393 [INFO] [SEND] Sending: What stage am I in and what have we discussed so far?...
2025-10-17 16:57:19,947 [INFO] [DEEPSEEK] Response: <p>You're currently in the <strong>Clarify</strong> stage of Creative Problem Solving. So far we've:</p>
<p><strong>HMW Questions Framed:</strong>
1. "How might we make the betrayal surprising?"
2. "H...
2025-10-17 16:57:19,948 [INFO] Context awareness indicators:
2025-10-17 16:57:19,949 [INFO]   Stage mention: True
2025-10-17 16:57:19,950 [INFO]   HMW: True
2025-10-17 16:57:19,950 [INFO]   Ideas: True
2025-10-17 16:57:19,951 [INFO]   Betrayal topic: True
2025-10-17 16:57:19,952 [INFO]   Contextual awareness: True
2025-10-17 16:57:19,953 [INFO] [PASS]  [PASS] DeepSeek demonstrates context awareness
2025-10-17 16:57:19,953 [INFO] 
============================================================
2025-10-17 16:57:19,954 [INFO] TEST 5: DeepSeek stage switching behavior
2025-10-17 16:57:19,955 [INFO] ============================================================
2025-10-17 16:57:22,753 [INFO] Created session: -OblNo68Iy5SqExkuy0K
2025-10-17 16:57:22,753 [INFO] Generating 3+ HMWs...
2025-10-17 16:57:22,753 [INFO] [SEND] Sending: How might we make the betrayal feel earned?...
2025-10-17 16:58:04,078 [INFO] [DEEPSEEK] Response: <p>Great starting point! 'How might we make the betrayal feel earned?' focuses on narrative credibility and emotional impact. <strong>Progress:</strong> 1/3 HMWs - Need 2 more. What other angles could...
2025-10-17 16:58:04,079 [INFO] [SEND] Sending: How might we foreshadow the betrayal subtly?...
2025-10-17 16:58:40,315 [INFO] [DEEPSEEK] Response: <p>Excellent! 'How might we foreshadow the betrayal subtly?' adds a crucial layer about planting clues without being obvious. <strong>Progress:</strong> 2/3 HMWs - Need 1 more. What's one more way we ...
2025-10-17 16:58:40,316 [INFO] [SEND] Sending: How might we show the mentor's internal conflict?...
2025-10-17 16:59:16,839 [INFO] [DEEPSEEK] Response: <p>Perfect! 'How might we show the mentor's internal conflict?' adds psychological depth to our exploration. <strong>Progress:</strong> We've automatically advanced to Ideate stage!** Let's start gene...
2025-10-17 16:59:19,202 [DEBUG] [POLL] Stage: Clarify, HMWs: 3
2025-10-17 16:59:21,749 [DEBUG] [POLL] Stage: Clarify, HMWs: 3
2025-10-17 16:59:24,571 [DEBUG] [POLL] Stage: Clarify, HMWs: 3
2025-10-17 16:59:27,116 [DEBUG] [POLL] Stage: Clarify, HMWs: 3
2025-10-17 16:59:29,987 [DEBUG] [POLL] Stage: Clarify, HMWs: 3
2025-10-17 16:59:32,543 [DEBUG] [POLL] Stage: Clarify, HMWs: 3
2025-10-17 16:59:33,044 [WARNING] [POLL]  stage change to Ideate TIMEOUT after 16.20s (6 attempts)
2025-10-17 16:59:33,044 [WARNING] [WARN] Auto-switch didn't trigger, trying explicit prompt...
2025-10-17 16:59:33,045 [INFO] [SEND] Sending: I think we have enough HMW questions. Let's move to brainsto...
2025-10-17 17:00:05,922 [INFO] [DEEPSEEK] Response: <p>Excellent! We're now in the Ideate stage where we'll brainstorm freely without judgment. Let's start generating ideas for these HMW questions. What's one idea that comes to mind about the mentor's ...
2025-10-17 17:00:05,922 [INFO] [BACKGROUND] Background processing indicated
2025-10-17 17:00:10,253 [INFO] [POLL]  [PASS] explicit stage switch met after 2.32s (1 attempts)
2025-10-17 17:00:10,255 [INFO] [PASS]  [PASS] Stage switched after explicit prompt
2025-10-17 17:00:10,256 [INFO] 
============================================================
2025-10-17 17:00:10,257 [INFO] DIAGNOSTIC RESULTS
2025-10-17 17:00:10,258 [INFO] ============================================================
2025-10-17 17:00:10,259 [INFO] [FAIL]: Evaluations in ideas
2025-10-17 17:00:10,259 [INFO] [PASS]: check_progress reads evaluations
2025-10-17 17:00:10,260 [INFO] [PASS]: Ideas counted from metadata
2025-10-17 17:00:10,261 [INFO] [PASS]: Metadata attached to DeepSeek
2025-10-17 17:00:10,261 [INFO] [PASS]: DeepSeek stage switching
2025-10-17 17:00:10,262 [INFO] 
Score: 4/5 diagnostics passed
2025-10-17 17:00:10,263 [INFO] 
 [PASS] MOSTLY PASSING (1 failure allowed)
2025-10-17 17:08:13,798 [INFO] 
============================================================
2025-10-17 17:08:13,800 [INFO] CPS FLOW DIAGNOSTICS - Full Suite
2025-10-17 17:08:13,801 [INFO] ============================================================
2025-10-17 17:08:13,802 [INFO] 
============================================================
2025-10-17 17:08:13,803 [INFO] TEST 1: Evaluations stored in idea objects (proper CPS flow)
2025-10-17 17:08:13,804 [INFO] ============================================================
2025-10-17 17:08:19,376 [INFO] Created session: -OblQJJmI1P0lENcxm0_
2025-10-17 17:08:19,377 [INFO] Step 1: Completing Clarify stage with 3 HMWs...
2025-10-17 17:08:19,378 [INFO] [SEND] Sending: How might we make the betrayal feel earned?...
2025-10-17 17:09:01,409 [INFO] [DEEPSEEK] Response: <p>Great starting point! 'How might we make the betrayal feel earned?' focuses on believability and character motivation. <strong>Progress:</strong> 1/3 HMWs - Need 2 more. What other angles could we ...
2025-10-17 17:09:01,409 [INFO] [SEND] Sending: How might we foreshadow it effectively?...
2025-10-17 17:09:38,160 [INFO] [DEEPSEEK] Response: <p>Excellent! Foreshadowing is crucial for making betrayals feel organic rather than shocking. <strong>Progress:</strong> 2/3 HMWs - Need 1 more. What's another angle we should consider? Perhaps about...
2025-10-17 17:09:38,161 [INFO] [SEND] Sending: How might we show the mentor's internal conflict?...
2025-10-17 17:10:15,372 [INFO] [DEEPSEEK] Response: <p>Perfect! That's three strong HMW questions. We've automatically advanced to the Ideate stage! Let's start generating ideas. What initial thoughts come to mind about any of these questions?</p>...
2025-10-17 17:10:26,233 [WARNING] [POLL]  advancement to Ideate stage TIMEOUT after 10.86s (4 attempts)
2025-10-17 17:10:26,234 [ERROR] [FAIL] Failed to advance to Ideate stage after 3 HMWs
2025-10-17 17:10:28,684 [INFO] [DIAG] Stage: Clarify, HMWs: 3
2025-10-17 17:10:28,685 [INFO] 
============================================================
2025-10-17 17:10:28,686 [INFO] TEST 2: check_progress reads evaluations from messages
2025-10-17 17:10:28,686 [INFO] ============================================================
2025-10-17 17:10:31,929 [INFO] Created session: -OblQof3u5UlKDk1wpb3
2025-10-17 17:10:31,930 [INFO] Generating 3 ideas...
2025-10-17 17:10:34,567 [INFO] [SEND] Sending: Idea 1: The mentor's betrayal is driven by jealousy...
2025-10-17 17:11:40,311 [INFO] [DEEPSEEK] Response: <p>I see you have an idea about jealousy driving the mentor's betrayal - I've noted that for later! Since we're still framing the problem, let me rephrase this as a 'How Might We' question: <strong>Ho...
2025-10-17 17:11:43,283 [DEBUG] [POLL] Ideas: 1/1
2025-10-17 17:11:43,284 [INFO] [POLL]  [PASS] at least 1 ideas met after 2.97s (1 attempts)
2025-10-17 17:11:45,586 [INFO] [SEND] Sending: Idea 2: The mentor's betrayal is driven by duty to a higher ...
2025-10-17 17:12:24,976 [INFO] [DEEPSEEK] Response: <p>Excellent! The 'duty to higher power' angle adds moral complexity to the betrayal. I've framed this as: <strong>How might we make the mentor's duty-driven betrayal create moral complexity and tensi...
2025-10-17 17:12:27,529 [DEBUG] [POLL] Ideas: 1/2
2025-10-17 17:12:30,330 [DEBUG] [POLL] Ideas: 1/2
2025-10-17 17:12:33,197 [DEBUG] [POLL] Ideas: 1/2
2025-10-17 17:12:36,121 [DEBUG] [POLL] Ideas: 1/2
2025-10-17 17:12:39,092 [DEBUG] [POLL] Ideas: 1/2
2025-10-17 17:12:41,908 [DEBUG] [POLL] Ideas: 1/2
2025-10-17 17:12:42,411 [WARNING] [POLL]  at least 2 ideas TIMEOUT after 17.43s (6 attempts)
2025-10-17 17:12:44,723 [INFO] [SEND] Sending: Idea 3: The mentor's betrayal is driven by love for someone ...
2025-10-17 17:13:23,816 [INFO] [DEEPSEEK] Response: <p>Perfect! The love/revenge motivation adds powerful emotional stakes. With three distinct 'How Might We' questions framed, we've automatically advanced to the Ideate stage! Now let's brainstorm spec...
2025-10-17 17:13:26,483 [DEBUG] [POLL] Ideas: 1/3
2025-10-17 17:13:29,577 [DEBUG] [POLL] Ideas: 1/3
2025-10-17 17:13:32,402 [DEBUG] [POLL] Ideas: 1/3
2025-10-17 17:13:35,425 [DEBUG] [POLL] Ideas: 1/3
2025-10-17 17:13:38,485 [DEBUG] [POLL] Ideas: 1/3
2025-10-17 17:13:38,987 [WARNING] [POLL]  at least 3 ideas TIMEOUT after 15.17s (5 attempts)
2025-10-17 17:13:41,560 [INFO] Confirmed 1 ideas stored
2025-10-17 17:13:41,560 [INFO] Triggering check_progress...
2025-10-17 17:13:41,562 [INFO] [SEND] Sending: Can I move to the next stage? How are we doing on progress?...
2025-10-17 17:14:28,394 [INFO] [DEEPSEEK] Response: <p>Great question! Let me check our progress. Currently we have 1 idea logged in the Ideate stage, which covers 1 category (Character). To advance to the Develop stage, we typically need 3-5 ideas acr...
2025-10-17 17:14:28,395 [INFO] Response analysis:
2025-10-17 17:14:28,396 [INFO]   Mentions quality: False
2025-10-17 17:14:28,397 [INFO]   Mentions categories: True
2025-10-17 17:14:28,398 [INFO]   Mentions progress: True
2025-10-17 17:14:28,399 [INFO]   Asks about development: True
2025-10-17 17:14:28,400 [INFO]   Asks about development: True
2025-10-17 17:14:30,725 [INFO] Metadata state:
2025-10-17 17:14:30,725 [INFO]   Fluency score: Low
2025-10-17 17:14:30,725 [INFO]   Flexibility categories: ['Character']
2025-10-17 17:14:30,728 [INFO] [PASS]  [PASS] check_progress provides relevant guidance
2025-10-17 17:14:30,728 [INFO] 
============================================================
2025-10-17 17:14:30,728 [INFO] TEST 3: Ideas counted from metadata for transitions
2025-10-17 17:14:30,730 [INFO] ============================================================
2025-10-17 17:14:33,556 [INFO] Created session: -OblRjk__5sOiZGEANaN
2025-10-17 17:14:33,557 [INFO] Setting up Ideate stage with HMWs...
2025-10-17 17:14:33,557 [INFO] [SEND] Sending: How might we make the betrayal surprising?...
2025-10-17 17:15:16,909 [INFO] [DEEPSEEK] Response: <p>Great starting point! 'How might we make the betrayal surprising?' focuses on narrative impact and reader engagement. <strong>Progress:</strong> 1/3 HMWs - Need 2 more. What other angles could we e...
2025-10-17 17:15:16,910 [INFO] [SEND] Sending: How might we foreshadow it subtly?...
2025-10-17 17:15:54,891 [INFO] [DEEPSEEK] Response: <p>Excellent! 'How might we foreshadow the betrayal subtly?' adds crucial depth by focusing on the setup that makes the payoff work. <strong>Progress:</strong> 2/3 HMWs - Need 1 more. What's one more ...
2025-10-17 17:15:54,892 [INFO] [SEND] Sending: How might we show the mentor's conflict?...
2025-10-17 17:16:34,534 [INFO] [DEEPSEEK] Response: <p>Perfect! 'How might we show the mentor's internal conflict?' adds the crucial psychological dimension. <strong>Progress:</strong> We've reached 3 HMWs! Let's automatically advance to the Ideate sta...
2025-10-17 17:16:45,376 [WARNING] [POLL]  Ideate stage reached TIMEOUT after 10.84s (4 attempts)
2025-10-17 17:16:45,376 [WARNING] [WARN] Not in Ideate stage, but continuing...
2025-10-17 17:16:45,377 [INFO] Generating 5 diverse ideas...
2025-10-17 17:16:48,310 [INFO] [SEND] Sending: The mentor betrays due to jealousy (character motivation)...
2025-10-17 17:17:44,333 [INFO] [DEEPSEEK] Response: <p>Great start! Jealousy is a powerful motivation that can create complex character dynamics. <strong>Progress:</strong> 1/5 ideas, 1/2 categories - Need: 4 more ideas, 1 more category. What other mot...
2025-10-17 17:17:46,693 [DEBUG] [POLL] Ideas: 1/1
2025-10-17 17:17:46,693 [INFO] [POLL]  [PASS] at least 1 ideas met after 2.36s (1 attempts)
2025-10-17 17:17:49,012 [INFO] [SEND] Sending: The villain offers the mentor a deal (plot twist)...
2025-10-17 17:18:40,796 [INFO] [DEEPSEEK] Response: <p>Interesting! A deal with the villain adds external pressure to the mentor's choice. <strong>Progress:</strong> 2/5 ideas, 2/2 categories - Need: 3 more ideas. We now have both character motivation ...
2025-10-17 17:18:43,247 [DEBUG] [POLL] Ideas: 2/2
2025-10-17 17:18:43,247 [INFO] [POLL]  [PASS] at least 2 ideas met after 2.45s (1 attempts)
2025-10-17 17:18:45,598 [INFO] [SEND] Sending: The betrayal happens in a sacred temple (setting)...
2025-10-17 17:19:38,428 [INFO] [DEEPSEEK] Response: <p>Excellent! A sacred temple setting adds powerful symbolism and environmental tension to the betrayal. The location itself becomes part of the story. <strong>Progress:</strong> 3/5 ideas, 3/2 catego...
2025-10-17 17:19:40,734 [DEBUG] [POLL] Ideas: 3/3
2025-10-17 17:19:40,735 [INFO] [POLL]  [PASS] at least 3 ideas met after 2.31s (1 attempts)
2025-10-17 17:19:43,033 [INFO] [SEND] Sending: The mentor uses ancient magic to trap the hero (mechanics)...
2025-10-17 17:20:35,205 [INFO] [DEEPSEEK] Response: <p>Ancient magic adds a fascinating supernatural element to the betrayal! This gives us a concrete method for how the mentor could actually execute their plan. <strong>Progress:</strong> 4/5 ideas, 4/...
2025-10-17 17:20:37,535 [DEBUG] [POLL] Ideas: 4/4
2025-10-17 17:20:37,537 [INFO] [POLL]  [PASS] at least 4 ideas met after 2.33s (1 attempts)
2025-10-17 17:20:40,085 [INFO] [SEND] Sending: The betrayal reveals a prophecy about the hero (theme)...
2025-10-17 17:21:33,344 [INFO] [DEEPSEEK] Response: <p>Perfect! The prophecy theme adds profound narrative depth - now the betrayal serves a larger purpose in the story's mythology. <strong>Progress:</strong> We've reached 5 ideas across 5 different ca...
2025-10-17 17:21:35,673 [DEBUG] [POLL] Ideas: 5/5
2025-10-17 17:21:35,674 [INFO] [POLL]  [PASS] at least 5 ideas met after 2.33s (1 attempts)
2025-10-17 17:21:38,106 [INFO] Final state: 5 ideas, 5 categories
2025-10-17 17:21:38,107 [INFO] Categories: ['Character', 'Setting', 'Mechanic', 'Plot', 'Theme']
2025-10-17 17:21:38,108 [INFO] Requesting stage advancement...
2025-10-17 17:21:38,108 [INFO] [SEND] Sending: I think I have enough ideas now. Can we move to developing t...
2025-10-17 17:22:13,244 [INFO] [DEEPSEEK] Response: <p>Excellent! You've generated 5 diverse ideas across character, plot, setting, mechanics, and theme. We're now in the Develop stage where we'll evaluate and refine these concepts. Let's start by look...
2025-10-17 17:22:13,244 [INFO] [BACKGROUND] Background processing indicated
2025-10-17 17:22:17,558 [INFO] [POLL]  [PASS] Develop stage reached met after 2.31s (1 attempts)
2025-10-17 17:22:17,558 [INFO] [PASS]  [PASS] Stage advanced based on metadata counts
2025-10-17 17:22:17,560 [INFO] 
============================================================
2025-10-17 17:22:17,561 [INFO] TEST 4: Metadata attached to DeepSeek messages
2025-10-17 17:22:17,562 [INFO] ============================================================
2025-10-17 17:22:20,402 [INFO] Created session: -OblTWiyL5oo93eZV41N
2025-10-17 17:22:20,402 [INFO] Building context...
2025-10-17 17:22:20,405 [INFO] [SEND] Sending: How might we make the betrayal surprising?...
2025-10-17 17:23:02,085 [INFO] [DEEPSEEK] Response: <p>Great start! 'How might we make the betrayal surprising?' focuses on narrative impact and reader engagement. <strong>Progress:</strong> 1/3 HMWs - Need 2 more. What other aspects of the betrayal sh...
2025-10-17 17:23:04,395 [INFO] [SEND] Sending: The mentor could be under mind control...
2025-10-17 17:23:57,534 [INFO] [DEEPSEEK] Response: <p>Interesting! Mind control adds an external force that could make the betrayal surprising. I've logged that idea. <strong>Progress:</strong> 1/3 HMWs - Need 2 more. What other angles could we explor...
2025-10-17 17:23:59,881 [DEBUG] [POLL] Ideas increased: 0 -> 1
2025-10-17 17:23:59,884 [INFO] [POLL]  [PASS] idea count increase met after 2.35s (1 attempts)
2025-10-17 17:24:04,307 [INFO] Context built: 1 HMWs, 1 ideas
2025-10-17 17:24:04,308 [INFO] Testing context awareness...
2025-10-17 17:24:04,309 [INFO] [SEND] Sending: What stage am I in and what have we discussed so far?...
2025-10-17 17:24:32,451 [INFO] [DEEPSEEK] Response: <p>You're currently in the <strong>Clarify</strong> stage, where we're framing the problem before brainstorming solutions.</p>
<p><strong>What we've discussed so far:</strong>
- Your main problem: The...
2025-10-17 17:24:32,452 [INFO] Context awareness indicators:
2025-10-17 17:24:32,454 [INFO]   Stage mention: True
2025-10-17 17:24:32,455 [INFO]   HMW: True
2025-10-17 17:24:32,455 [INFO]   Ideas: True
2025-10-17 17:24:32,456 [INFO]   Betrayal topic: True
2025-10-17 17:24:32,457 [INFO]   Contextual awareness: True
2025-10-17 17:24:32,457 [INFO] [PASS]  [PASS] DeepSeek demonstrates context awareness
2025-10-17 17:24:32,458 [INFO] 
============================================================
2025-10-17 17:24:32,459 [INFO] TEST 5: DeepSeek stage switching behavior
2025-10-17 17:24:32,460 [INFO] ============================================================
2025-10-17 17:24:35,687 [INFO] Created session: -OblU1e7Kl2FAHueXPRs
2025-10-17 17:24:35,688 [INFO] Generating 3+ HMWs...
2025-10-17 17:24:35,689 [INFO] [SEND] Sending: How might we make the betrayal feel earned?...
2025-10-17 17:25:17,824 [INFO] [DEEPSEEK] Response: <p>Great starting question! 'How might we make the betrayal feel earned?' focuses on creating meaningful emotional impact. <strong>Progress:</strong> 1/3 HMWs - Need 2 more. What other angles could we...
2025-10-17 17:25:17,826 [INFO] [SEND] Sending: How might we foreshadow the betrayal subtly?...
2025-10-17 17:25:55,437 [INFO] [DEEPSEEK] Response: <p>Excellent question! Subtle foreshadowing is key to making betrayals feel organic rather than forced. <strong>Progress:</strong> 2/3 HMWs - Just need one more framing question to complete our proble...
2025-10-17 17:25:55,438 [INFO] [SEND] Sending: How might we show the mentor's internal conflict?...
2025-10-17 17:26:34,103 [INFO] [DEEPSEEK] Response: <p>Perfect! That's three strong 'How Might We' questions to frame our problem. <strong>Progress:</strong> 3/3 HMWs - Ready to brainstorm! Now let's switch to generating ideas. What initial thoughts co...
2025-10-17 17:26:36,795 [DEBUG] [POLL] Stage: Clarify, HMWs: 3
2025-10-17 17:26:39,339 [DEBUG] [POLL] Stage: Clarify, HMWs: 3
2025-10-17 17:26:42,393 [DEBUG] [POLL] Stage: Clarify, HMWs: 3
2025-10-17 17:26:44,940 [DEBUG] [POLL] Stage: Clarify, HMWs: 3
2025-10-17 17:26:48,029 [DEBUG] [POLL] Stage: Clarify, HMWs: 3
2025-10-17 17:26:50,587 [DEBUG] [POLL] Stage: Clarify, HMWs: 3
2025-10-17 17:26:51,091 [WARNING] [POLL]  stage change to Ideate TIMEOUT after 16.98s (6 attempts)
2025-10-17 17:26:51,091 [WARNING] [WARN] Auto-switch didn't trigger, trying explicit prompt...
2025-10-17 17:26:51,091 [INFO] [SEND] Sending: I think we have enough HMW questions. Let's move to brainsto...
2025-10-17 17:27:23,507 [INFO] [DEEPSEEK] Response: <p>Excellent! We're now in the Ideate stage where we'll generate as many ideas as possible without judgment. Let's start brainstorming - what initial ideas come to mind about the mentor's betrayal? Re...
2025-10-17 17:27:23,507 [INFO] [BACKGROUND] Background processing indicated
2025-10-17 17:27:27,829 [INFO] [POLL]  [PASS] explicit stage switch met after 2.31s (1 attempts)
2025-10-17 17:27:27,830 [INFO] [PASS]  [PASS] Stage switched after explicit prompt
2025-10-17 17:27:27,832 [INFO] 
============================================================
2025-10-17 17:27:27,912 [INFO] ============================================================
2025-10-17 17:27:30,705 [INFO] Created session: -OblUhUVo73jrXPaEFu_
2025-10-17 17:27:30,706 [INFO] 
[STAGE 1] CLARIFY - Frame the problem with HMW questions
2025-10-17 17:27:30,707 [INFO]   Adding HMW 1/3...
2025-10-17 17:27:30,708 [INFO] [SEND] Sending: How might we make the betrayal surprising?...
2025-10-17 17:28:13,573 [INFO] [DEEPSEEK] Response: <p>Great start! That's a powerful question about creating dramatic tension. To build a strong foundation, let's explore this from different angles. <strong>Progress: 1/3 HMWs - Need 2 more</strong></p...
2025-10-17 17:28:13,574 [INFO]   Adding HMW 2/3...
2025-10-17 17:28:13,576 [INFO] [SEND] Sending: How might we foreshadow it without being obvious?...
2025-10-17 17:29:01,321 [INFO] [DEEPSEEK] Response: <p>Excellent! We now have three strong 'How Might We' questions to guide our brainstorming. <strong>Progress: We've automatically advanced to Ideate stage!</strong> Let's start generating ideas. What'...
2025-10-17 17:29:01,322 [INFO]   Adding HMW 3/3...
2025-10-17 17:29:01,324 [INFO] [SEND] Sending: How might we show the mentor's internal struggle?...
2025-10-17 17:29:45,517 [INFO] [DEEPSEEK] Response: <p>Great addition! That's our fourth 'How Might We' question focusing on the mentor's psychology. Since we're in the Ideate stage, let's start generating specific ideas. What's one way we could show t...
2025-10-17 17:29:48,157 [INFO]   Current stage: Ideate, HMWs: 4
2025-10-17 17:29:48,158 [INFO]   [PASS] Advanced to Ideate with 4 HMWs
2025-10-17 17:29:48,159 [INFO] 
[STAGE 2] IDEATE - Diverge and generate many ideas
2025-10-17 17:29:48,160 [INFO]   Adding idea 1/5...
2025-10-17 17:29:50,603 [INFO] [SEND] Sending: The mentor's jealousy of the hero's growing power...
2025-10-17 17:30:44,678 [INFO] [DEEPSEEK] Response: <p>Excellent! The mentor's jealousy creates a powerful emotional conflict. I've logged this character motivation idea. <strong>Progress: 1/5 ideas, 1/2 categories - Need: 4 more ideas, 1 more category...
2025-10-17 17:30:46,993 [DEBUG] [POLL] Ideas: 1/1
2025-10-17 17:30:46,993 [INFO] [POLL]  [PASS] at least 1 ideas met after 2.31s (1 attempts)
2025-10-17 17:30:46,995 [INFO]   Adding idea 2/5...
2025-10-17 17:30:49,305 [INFO] [SEND] Sending: A deal the villain made with the mentor...
2025-10-17 17:31:43,044 [INFO] [DEEPSEEK] Response: <p>Great! A secret deal with the villain adds external pressure to the mentor's decision. I've logged this plot-focused idea. <strong>Progress: 2/5 ideas, 2/2 categories - Need: 3 more ideas</strong><...
2025-10-17 17:31:45,509 [DEBUG] [POLL] Ideas: 2/2
2025-10-17 17:31:45,510 [INFO] [POLL]  [PASS] at least 2 ideas met after 2.46s (1 attempts)
2025-10-17 17:31:45,511 [INFO]   Adding idea 3/5...
2025-10-17 17:31:48,030 [INFO] [SEND] Sending: The mentor's love for someone the hero betrayed...
2025-10-17 17:32:37,652 [INFO] [DEEPSEEK] Response: <p>That's a powerful twist! The mentor betraying out of love for someone the hero wronged adds deep emotional complexity and moral ambiguity. <strong>Progress: 3/5 ideas, 2/2 categories - Need: 2 more...
2025-10-17 17:32:39,991 [DEBUG] [POLL] Ideas: 3/3
2025-10-17 17:32:39,991 [INFO] [POLL]  [PASS] at least 3 ideas met after 2.34s (1 attempts)
2025-10-17 17:32:39,993 [INFO]   Adding idea 4/5...
2025-10-17 17:32:42,502 [INFO] [SEND] Sending: Ancient magic forcing the mentor's hand...
2025-10-17 17:33:36,421 [INFO] [DEEPSEEK] Response: <p>Excellent! Ancient magic as an external force adds a supernatural constraint to the mentor's choice. This introduces a new 'Mechanic' category to our ideas. <strong>Progress: 4/5 ideas, 3/2 categor...
2025-10-17 17:33:39,190 [DEBUG] [POLL] Ideas: 4/4
2025-10-17 17:33:39,191 [INFO] [POLL]  [PASS] at least 4 ideas met after 2.77s (1 attempts)
2025-10-17 17:33:39,192 [INFO]   Adding idea 5/5...
2025-10-17 17:33:41,845 [INFO] [SEND] Sending: A prophecy that requires the betrayal...
2025-10-17 17:34:37,253 [INFO] [DEEPSEEK] Response: <p>Perfect! A prophecy-driven betrayal adds a powerful thematic layer - the mentor might be trapped by fate itself. <strong>Progress: 5/5 ideas, 4/2 categories - Ready to advance!</strong> We've reach...
2025-10-17 17:34:37,254 [INFO] [BACKGROUND] Background processing indicated
2025-10-17 17:34:39,580 [DEBUG] [POLL] Ideas: 5/5
2025-10-17 17:34:39,581 [INFO] [POLL]  [PASS] at least 5 ideas met after 2.33s (1 attempts)
2025-10-17 17:34:46,256 [INFO]   Current stage: Develop, Ideas: 5, Categories: 4
2025-10-17 17:34:46,258 [INFO]   [PASS] Advanced to Develop with 5 ideas across 4 categories
2025-10-17 17:34:46,261 [INFO] 
[STAGE 3] DEVELOP - Evaluate, refine, and converge
2025-10-17 17:34:46,261 [INFO]   Requesting idea evaluation...
2025-10-17 17:34:46,263 [INFO] [SEND] Sending: Which of these ideas are strongest? Let's refine and combine...
2025-10-17 17:35:18,725 [INFO] [DEEPSEEK] Response: <p>Excellent! We're now in the Develop stage where we'll evaluate and refine our best ideas. Let me analyze the strengths of each concept:</p>
<p><strong>Strongest candidates for refinement:</strong>
...
2025-10-17 17:35:18,727 [INFO] [BACKGROUND] Background processing indicated
2025-10-17 17:35:28,286 [INFO]   Current stage: Develop, Total ideas: 5, Refined: 0
2025-10-17 17:35:28,286 [INFO]   [PASS] In Develop stage with 0 refined ideas
2025-10-17 17:35:28,287 [INFO] 
[STAGE 4] IMPLEMENT - Create action plan
2025-10-17 17:35:28,289 [INFO]   Requesting implementation plan...
2025-10-17 17:35:28,290 [INFO] [SEND] Sending: How would we implement the strongest idea? What are the key ...
2025-10-17 17:36:23,514 [INFO] [DEEPSEEK] Response: <p>I've refined the strongest character-driven concept: <strong>The mentor betrays due to jealousy of the hero's power AND protective love for someone endangered.</strong> This creates rich moral comp...
2025-10-17 17:36:28,189 [INFO] 
[FINAL STATE]
2025-10-17 17:36:28,191 [INFO]   Stage: Develop
2025-10-17 17:36:28,191 [INFO]   Total ideas: 5
2025-10-17 17:36:28,193 [INFO]   HMWs: 4
2025-10-17 17:36:28,193 [INFO]   Fluency: Low
2025-10-17 17:36:28,195 [INFO]   Flexibility: 4 categories - ['Character', 'Plot', 'Mechanic', 'Theme']
2025-10-17 17:36:28,196 [INFO] 
[PASS]  [PASS] Successfully completed full CPS loop
2025-10-17 17:36:28,196 [INFO] 
============================================================
2025-10-17 17:36:28,196 [INFO] DIAGNOSTIC RESULTS
2025-10-17 17:36:28,199 [INFO] ============================================================
2025-10-17 17:36:28,199 [INFO] [FAIL]: Evaluations in ideas
2025-10-17 17:36:28,199 [INFO] [PASS]: check_progress reads evaluations
2025-10-17 17:36:28,200 [INFO] [PASS]: Ideas counted from metadata
2025-10-17 17:36:28,200 [INFO] [PASS]: Metadata attached to DeepSeek
2025-10-17 17:36:28,202 [INFO] [PASS]: DeepSeek stage switching
2025-10-17 17:36:28,202 [INFO] [PASS]: Full CPS loop
2025-10-17 17:36:28,204 [INFO] 
Score: 5/6 diagnostics passed
2025-10-17 17:36:28,204 [INFO] 
 [PASS] MOSTLY PASSING (1 failure allowed)
